The system is: Linux - 5.4.0-70-generic - x86_64
Compiling the C compiler identification source file "CMakeCCompilerId.c" succeeded.
Compiler: /usr/local/bin/mpicc 
Build flags: -std=gnu99;;;-O;;-DTIMING;-Dlinux;;-DCESMCOUPLED;;;-DFORTRANUNDERSCORE;-DNO_R16;-DCPRGNU;-DNDEBUG;-DHAVE_MPI;-DMCT_INTERFACE;-DPIO1;-DATM_PRESENT;-DICE_PRESENT;-DLND_PRESENT;-DOCN_PRESENT;-DROF_PRESENT;-DGLC_PRESENT;-DWAV_PRESENT;-DESP_PRESENT;-DMED_PRESENT;;-I.;-I/output/PA-SLZ.siterun.fates.docker.I2000Clm50BgcCrop.Cd08b750-F5534a94.2021-04-28_14-29-11/bld/gnu/openmpi/nodebug/nothreads/mct/include;-I/output/PA-SLZ.siterun.fates.docker.I2000Clm50BgcCrop.Cd08b750-F5534a94.2021-04-28_14-29-11/bld/gnu/openmpi/nodebug/nothreads/mct/mct/noesmf/c1a1l1i1o1r1g1w1i1e1/include;-I/output/PA-SLZ.siterun.fates.docker.I2000Clm50BgcCrop.Cd08b750-F5534a94.2021-04-28_14-29-11/bld/gnu/openmpi/nodebug/nothreads/mct/finclude;-I/usr/local/netcdf/include;-I/output/PA-SLZ.siterun.fates.docker.I2000Clm50BgcCrop.Cd08b750-F5534a94.2021-04-28_14-29-11/bld/gnu/openmpi/nodebug/nothreads/mct/include
Id flags: 

The output was:
0


Compilation of the C compiler identification source "CMakeCCompilerId.c" produced "a.out"

The C compiler identification is GNU, found in "/output/PA-SLZ.siterun.fates.docker.I2000Clm50BgcCrop.Cd08b750-F5534a94.2021-04-28_14-29-11/bld/gnu/openmpi/nodebug/nothreads/mct/pio/pio1/CMakeFiles/3.0.2/CompilerIdC/a.out"

Compiling the Fortran compiler identification source file "CMakeFortranCompilerId.F" succeeded.
Compiler: /usr/local/bin/mpif90 
Build flags: -fconvert=big-endian;-ffree-line-length-none;-ffixed-line-length-none;;;-O;;;;-DTIMING;-Dlinux;;-DCESMCOUPLED;;;-DFORTRANUNDERSCORE;-DNO_R16;-DCPRGNU;-DNDEBUG;-DHAVE_MPI;-DMCT_INTERFACE;-DPIO1;-DATM_PRESENT;-DICE_PRESENT;-DLND_PRESENT;-DOCN_PRESENT;-DROF_PRESENT;-DGLC_PRESENT;-DWAV_PRESENT;-DESP_PRESENT;-DMED_PRESENT;;-I.;-I/output/PA-SLZ.siterun.fates.docker.I2000Clm50BgcCrop.Cd08b750-F5534a94.2021-04-28_14-29-11/bld/gnu/openmpi/nodebug/nothreads/mct/include;-I/output/PA-SLZ.siterun.fates.docker.I2000Clm50BgcCrop.Cd08b750-F5534a94.2021-04-28_14-29-11/bld/gnu/openmpi/nodebug/nothreads/mct/mct/noesmf/c1a1l1i1o1r1g1w1i1e1/include;-I/output/PA-SLZ.siterun.fates.docker.I2000Clm50BgcCrop.Cd08b750-F5534a94.2021-04-28_14-29-11/bld/gnu/openmpi/nodebug/nothreads/mct/finclude;-I/usr/local/netcdf/include;-I/output/PA-SLZ.siterun.fates.docker.I2000Clm50BgcCrop.Cd08b750-F5534a94.2021-04-28_14-29-11/bld/gnu/openmpi/nodebug/nothreads/mct/include
Id flags: 

The output was:
0
f951: Warning: Nonexistent include directory ‘/output/PA-SLZ.siterun.fates.docker.I2000Clm50BgcCrop.Cd08b750-F5534a94.2021-04-28_14-29-11/bld/gnu/openmpi/nodebug/nothreads/mct/mct/noesmf/c1a1l1i1o1r1g1w1i1e1/include’ [-Wmissing-include-dirs]
f951: Warning: Nonexistent include directory ‘/output/PA-SLZ.siterun.fates.docker.I2000Clm50BgcCrop.Cd08b750-F5534a94.2021-04-28_14-29-11/bld/gnu/openmpi/nodebug/nothreads/mct/finclude’ [-Wmissing-include-dirs]


Compilation of the Fortran compiler identification source "CMakeFortranCompilerId.F" produced "a.out"

The Fortran compiler identification is GNU, found in "/output/PA-SLZ.siterun.fates.docker.I2000Clm50BgcCrop.Cd08b750-F5534a94.2021-04-28_14-29-11/bld/gnu/openmpi/nodebug/nothreads/mct/pio/pio1/CMakeFiles/3.0.2/CompilerIdFortran/a.out"

Determining if the C compiler works passed with the following output:
Change Dir: /output/PA-SLZ.siterun.fates.docker.I2000Clm50BgcCrop.Cd08b750-F5534a94.2021-04-28_14-29-11/bld/gnu/openmpi/nodebug/nothreads/mct/pio/pio1/CMakeFiles/CMakeTmp

Run Build Command:"/usr/bin/gmake" "cmTryCompileExec3785649828/fast"
gmake[1]: Entering directory '/output/PA-SLZ.siterun.fates.docker.I2000Clm50BgcCrop.Cd08b750-F5534a94.2021-04-28_14-29-11/bld/gnu/openmpi/nodebug/nothreads/mct/pio/pio1/CMakeFiles/CMakeTmp'
/usr/bin/gmake -f CMakeFiles/cmTryCompileExec3785649828.dir/build.make CMakeFiles/cmTryCompileExec3785649828.dir/build
gmake[2]: Entering directory '/output/PA-SLZ.siterun.fates.docker.I2000Clm50BgcCrop.Cd08b750-F5534a94.2021-04-28_14-29-11/bld/gnu/openmpi/nodebug/nothreads/mct/pio/pio1/CMakeFiles/CMakeTmp'
/usr/bin/cmake -E cmake_progress_report /output/PA-SLZ.siterun.fates.docker.I2000Clm50BgcCrop.Cd08b750-F5534a94.2021-04-28_14-29-11/bld/gnu/openmpi/nodebug/nothreads/mct/pio/pio1/CMakeFiles/CMakeTmp/CMakeFiles 1
Building C object CMakeFiles/cmTryCompileExec3785649828.dir/testCCompiler.c.o
/usr/local/bin/mpicc   -std=gnu99   -O  -DTIMING -Dlinux  -DCESMCOUPLED   -DFORTRANUNDERSCORE -DNO_R16 -DCPRGNU -DNDEBUG -DHAVE_MPI -DMCT_INTERFACE -DPIO1 -DATM_PRESENT -DICE_PRESENT -DLND_PRESENT -DOCN_PRESENT -DROF_PRESENT -DGLC_PRESENT -DWAV_PRESENT -DESP_PRESENT -DMED_PRESENT  -I. -I/output/PA-SLZ.siterun.fates.docker.I2000Clm50BgcCrop.Cd08b750-F5534a94.2021-04-28_14-29-11/bld/gnu/openmpi/nodebug/nothreads/mct/include -I/output/PA-SLZ.siterun.fates.docker.I2000Clm50BgcCrop.Cd08b750-F5534a94.2021-04-28_14-29-11/bld/gnu/openmpi/nodebug/nothreads/mct/mct/noesmf/c1a1l1i1o1r1g1w1i1e1/include -I/output/PA-SLZ.siterun.fates.docker.I2000Clm50BgcCrop.Cd08b750-F5534a94.2021-04-28_14-29-11/bld/gnu/openmpi/nodebug/nothreads/mct/finclude -I/usr/local/netcdf/include -I/output/PA-SLZ.siterun.fates.docker.I2000Clm50BgcCrop.Cd08b750-F5534a94.2021-04-28_14-29-11/bld/gnu/openmpi/nodebug/nothreads/mct/include    -o CMakeFiles/cmTryCompileExec3785649828.dir/testCCompiler.c.o   -c /output/PA-SLZ.siterun.fates.docker.I2000Clm50BgcCrop.Cd08b750-F5534a94.2021-04-28_14-29-11/bld/gnu/openmpi/nodebug/nothreads/mct/pio/pio1/CMakeFiles/CMakeTmp/testCCompiler.c
Linking C executable cmTryCompileExec3785649828
/usr/bin/cmake -E cmake_link_script CMakeFiles/cmTryCompileExec3785649828.dir/link.txt --verbose=1
/usr/local/bin/mpicc  -std=gnu99   -O  -DTIMING -Dlinux  -DCESMCOUPLED   -DFORTRANUNDERSCORE -DNO_R16 -DCPRGNU -DNDEBUG -DHAVE_MPI -DMCT_INTERFACE -DPIO1 -DATM_PRESENT -DICE_PRESENT -DLND_PRESENT -DOCN_PRESENT -DROF_PRESENT -DGLC_PRESENT -DWAV_PRESENT -DESP_PRESENT -DMED_PRESENT  -I. -I/output/PA-SLZ.siterun.fates.docker.I2000Clm50BgcCrop.Cd08b750-F5534a94.2021-04-28_14-29-11/bld/gnu/openmpi/nodebug/nothreads/mct/include -I/output/PA-SLZ.siterun.fates.docker.I2000Clm50BgcCrop.Cd08b750-F5534a94.2021-04-28_14-29-11/bld/gnu/openmpi/nodebug/nothreads/mct/mct/noesmf/c1a1l1i1o1r1g1w1i1e1/include -I/output/PA-SLZ.siterun.fates.docker.I2000Clm50BgcCrop.Cd08b750-F5534a94.2021-04-28_14-29-11/bld/gnu/openmpi/nodebug/nothreads/mct/finclude -I/usr/local/netcdf/include -I/output/PA-SLZ.siterun.fates.docker.I2000Clm50BgcCrop.Cd08b750-F5534a94.2021-04-28_14-29-11/bld/gnu/openmpi/nodebug/nothreads/mct/include     CMakeFiles/cmTryCompileExec3785649828.dir/testCCompiler.c.o  -o cmTryCompileExec3785649828 -rdynamic 
gmake[2]: Leaving directory '/output/PA-SLZ.siterun.fates.docker.I2000Clm50BgcCrop.Cd08b750-F5534a94.2021-04-28_14-29-11/bld/gnu/openmpi/nodebug/nothreads/mct/pio/pio1/CMakeFiles/CMakeTmp'
gmake[1]: Leaving directory '/output/PA-SLZ.siterun.fates.docker.I2000Clm50BgcCrop.Cd08b750-F5534a94.2021-04-28_14-29-11/bld/gnu/openmpi/nodebug/nothreads/mct/pio/pio1/CMakeFiles/CMakeTmp'


Detecting C compiler ABI info compiled with the following output:
Change Dir: /output/PA-SLZ.siterun.fates.docker.I2000Clm50BgcCrop.Cd08b750-F5534a94.2021-04-28_14-29-11/bld/gnu/openmpi/nodebug/nothreads/mct/pio/pio1/CMakeFiles/CMakeTmp

Run Build Command:"/usr/bin/gmake" "cmTryCompileExec234647223/fast"
gmake[1]: Entering directory '/output/PA-SLZ.siterun.fates.docker.I2000Clm50BgcCrop.Cd08b750-F5534a94.2021-04-28_14-29-11/bld/gnu/openmpi/nodebug/nothreads/mct/pio/pio1/CMakeFiles/CMakeTmp'
/usr/bin/gmake -f CMakeFiles/cmTryCompileExec234647223.dir/build.make CMakeFiles/cmTryCompileExec234647223.dir/build
gmake[2]: Entering directory '/output/PA-SLZ.siterun.fates.docker.I2000Clm50BgcCrop.Cd08b750-F5534a94.2021-04-28_14-29-11/bld/gnu/openmpi/nodebug/nothreads/mct/pio/pio1/CMakeFiles/CMakeTmp'
/usr/bin/cmake -E cmake_progress_report /output/PA-SLZ.siterun.fates.docker.I2000Clm50BgcCrop.Cd08b750-F5534a94.2021-04-28_14-29-11/bld/gnu/openmpi/nodebug/nothreads/mct/pio/pio1/CMakeFiles/CMakeTmp/CMakeFiles 1
Building C object CMakeFiles/cmTryCompileExec234647223.dir/CMakeCCompilerABI.c.o
/usr/local/bin/mpicc   -std=gnu99   -O  -DTIMING -Dlinux  -DCESMCOUPLED   -DFORTRANUNDERSCORE -DNO_R16 -DCPRGNU -DNDEBUG -DHAVE_MPI -DMCT_INTERFACE -DPIO1 -DATM_PRESENT -DICE_PRESENT -DLND_PRESENT -DOCN_PRESENT -DROF_PRESENT -DGLC_PRESENT -DWAV_PRESENT -DESP_PRESENT -DMED_PRESENT  -I. -I/output/PA-SLZ.siterun.fates.docker.I2000Clm50BgcCrop.Cd08b750-F5534a94.2021-04-28_14-29-11/bld/gnu/openmpi/nodebug/nothreads/mct/include -I/output/PA-SLZ.siterun.fates.docker.I2000Clm50BgcCrop.Cd08b750-F5534a94.2021-04-28_14-29-11/bld/gnu/openmpi/nodebug/nothreads/mct/mct/noesmf/c1a1l1i1o1r1g1w1i1e1/include -I/output/PA-SLZ.siterun.fates.docker.I2000Clm50BgcCrop.Cd08b750-F5534a94.2021-04-28_14-29-11/bld/gnu/openmpi/nodebug/nothreads/mct/finclude -I/usr/local/netcdf/include -I/output/PA-SLZ.siterun.fates.docker.I2000Clm50BgcCrop.Cd08b750-F5534a94.2021-04-28_14-29-11/bld/gnu/openmpi/nodebug/nothreads/mct/include    -o CMakeFiles/cmTryCompileExec234647223.dir/CMakeCCompilerABI.c.o   -c /usr/share/cmake-3.0/Modules/CMakeCCompilerABI.c
Linking C executable cmTryCompileExec234647223
/usr/bin/cmake -E cmake_link_script CMakeFiles/cmTryCompileExec234647223.dir/link.txt --verbose=1
/usr/local/bin/mpicc  -std=gnu99   -O  -DTIMING -Dlinux  -DCESMCOUPLED   -DFORTRANUNDERSCORE -DNO_R16 -DCPRGNU -DNDEBUG -DHAVE_MPI -DMCT_INTERFACE -DPIO1 -DATM_PRESENT -DICE_PRESENT -DLND_PRESENT -DOCN_PRESENT -DROF_PRESENT -DGLC_PRESENT -DWAV_PRESENT -DESP_PRESENT -DMED_PRESENT  -I. -I/output/PA-SLZ.siterun.fates.docker.I2000Clm50BgcCrop.Cd08b750-F5534a94.2021-04-28_14-29-11/bld/gnu/openmpi/nodebug/nothreads/mct/include -I/output/PA-SLZ.siterun.fates.docker.I2000Clm50BgcCrop.Cd08b750-F5534a94.2021-04-28_14-29-11/bld/gnu/openmpi/nodebug/nothreads/mct/mct/noesmf/c1a1l1i1o1r1g1w1i1e1/include -I/output/PA-SLZ.siterun.fates.docker.I2000Clm50BgcCrop.Cd08b750-F5534a94.2021-04-28_14-29-11/bld/gnu/openmpi/nodebug/nothreads/mct/finclude -I/usr/local/netcdf/include -I/output/PA-SLZ.siterun.fates.docker.I2000Clm50BgcCrop.Cd08b750-F5534a94.2021-04-28_14-29-11/bld/gnu/openmpi/nodebug/nothreads/mct/include   -v CMakeFiles/cmTryCompileExec234647223.dir/CMakeCCompilerABI.c.o  -o cmTryCompileExec234647223 -rdynamic  
Using built-in specs.
COLLECT_GCC=/usr/local/bin/gcc
COLLECT_LTO_WRAPPER=/usr/local/libexec/gcc/x86_64-linux-gnu/6.5.0/lto-wrapper
Target: x86_64-linux-gnu
Configured with: /usr/src/gcc/configure --build=x86_64-linux-gnu --disable-multilib --enable-languages=c,c++,fortran,go
Thread model: posix
gcc version 6.5.0 (GCC) 
COMPILER_PATH=/usr/local/libexec/gcc/x86_64-linux-gnu/6.5.0/:/usr/local/libexec/gcc/x86_64-linux-gnu/6.5.0/:/usr/local/libexec/gcc/x86_64-linux-gnu/:/usr/local/lib/gcc/x86_64-linux-gnu/6.5.0/:/usr/local/lib/gcc/x86_64-linux-gnu/
LIBRARY_PATH=/usr/local/lib/gcc/x86_64-linux-gnu/6.5.0/:/usr/local/lib/gcc/x86_64-linux-gnu/6.5.0/../../../../lib64/:/lib/x86_64-linux-gnu/:/lib/../lib64/:/usr/lib/x86_64-linux-gnu/:/usr/local/lib/gcc/x86_64-linux-gnu/6.5.0/../../../:/lib/:/usr/lib/
COLLECT_GCC_OPTIONS='-std=gnu99' '-O' '-D' 'TIMING' '-D' 'linux' '-D' 'CESMCOUPLED' '-D' 'FORTRANUNDERSCORE' '-D' 'NO_R16' '-D' 'CPRGNU' '-D' 'NDEBUG' '-D' 'HAVE_MPI' '-D' 'MCT_INTERFACE' '-D' 'PIO1' '-D' 'ATM_PRESENT' '-D' 'ICE_PRESENT' '-D' 'LND_PRESENT' '-D' 'OCN_PRESENT' '-D' 'ROF_PRESENT' '-D' 'GLC_PRESENT' '-D' 'WAV_PRESENT' '-D' 'ESP_PRESENT' '-D' 'MED_PRESENT' '-I' '.' '-I' '/output/PA-SLZ.siterun.fates.docker.I2000Clm50BgcCrop.Cd08b750-F5534a94.2021-04-28_14-29-11/bld/gnu/openmpi/nodebug/nothreads/mct/include' '-I' '/output/PA-SLZ.siterun.fates.docker.I2000Clm50BgcCrop.Cd08b750-F5534a94.2021-04-28_14-29-11/bld/gnu/openmpi/nodebug/nothreads/mct/mct/noesmf/c1a1l1i1o1r1g1w1i1e1/include' '-I' '/output/PA-SLZ.siterun.fates.docker.I2000Clm50BgcCrop.Cd08b750-F5534a94.2021-04-28_14-29-11/bld/gnu/openmpi/nodebug/nothreads/mct/finclude' '-I' '/usr/local/netcdf/include' '-I' '/output/PA-SLZ.siterun.fates.docker.I2000Clm50BgcCrop.Cd08b750-F5534a94.2021-04-28_14-29-11/bld/gnu/openmpi/nodebug/nothreads/mct/include' '-v' '-o' 'cmTryCompileExec234647223' '-rdynamic' '-I' '/usr/local/include' '-pthread' '-L/usr/local/lib' '-mtune=generic' '-march=x86-64'
 /usr/local/libexec/gcc/x86_64-linux-gnu/6.5.0/collect2 -plugin /usr/local/libexec/gcc/x86_64-linux-gnu/6.5.0/liblto_plugin.so -plugin-opt=/usr/local/libexec/gcc/x86_64-linux-gnu/6.5.0/lto-wrapper -plugin-opt=-fresolution=/tmp/ccjW2yzU.res -plugin-opt=-pass-through=-lgcc -plugin-opt=-pass-through=-lgcc_s -plugin-opt=-pass-through=-lpthread -plugin-opt=-pass-through=-lc -plugin-opt=-pass-through=-lgcc -plugin-opt=-pass-through=-lgcc_s --eh-frame-hdr -m elf_x86_64 -export-dynamic -dynamic-linker /lib64/ld-linux-x86-64.so.2 -o cmTryCompileExec234647223 /usr/lib/x86_64-linux-gnu/crt1.o /usr/lib/x86_64-linux-gnu/crti.o /usr/local/lib/gcc/x86_64-linux-gnu/6.5.0/crtbegin.o -L/usr/local/lib -L/usr/local/lib/gcc/x86_64-linux-gnu/6.5.0 -L/usr/local/lib/gcc/x86_64-linux-gnu/6.5.0/../../../../lib64 -L/lib/x86_64-linux-gnu -L/lib/../lib64 -L/usr/lib/x86_64-linux-gnu -L/usr/local/lib/gcc/x86_64-linux-gnu/6.5.0/../../.. CMakeFiles/cmTryCompileExec234647223.dir/CMakeCCompilerABI.c.o -rpath /usr/local/lib --enable-new-dtags -lmpi -lgcc --as-needed -lgcc_s --no-as-needed -lpthread -lc -lgcc --as-needed -lgcc_s --no-as-needed /usr/local/lib/gcc/x86_64-linux-gnu/6.5.0/crtend.o /usr/lib/x86_64-linux-gnu/crtn.o
COLLECT_GCC_OPTIONS='-std=gnu99' '-O' '-D' 'TIMING' '-D' 'linux' '-D' 'CESMCOUPLED' '-D' 'FORTRANUNDERSCORE' '-D' 'NO_R16' '-D' 'CPRGNU' '-D' 'NDEBUG' '-D' 'HAVE_MPI' '-D' 'MCT_INTERFACE' '-D' 'PIO1' '-D' 'ATM_PRESENT' '-D' 'ICE_PRESENT' '-D' 'LND_PRESENT' '-D' 'OCN_PRESENT' '-D' 'ROF_PRESENT' '-D' 'GLC_PRESENT' '-D' 'WAV_PRESENT' '-D' 'ESP_PRESENT' '-D' 'MED_PRESENT' '-I' '.' '-I' '/output/PA-SLZ.siterun.fates.docker.I2000Clm50BgcCrop.Cd08b750-F5534a94.2021-04-28_14-29-11/bld/gnu/openmpi/nodebug/nothreads/mct/include' '-I' '/output/PA-SLZ.siterun.fates.docker.I2000Clm50BgcCrop.Cd08b750-F5534a94.2021-04-28_14-29-11/bld/gnu/openmpi/nodebug/nothreads/mct/mct/noesmf/c1a1l1i1o1r1g1w1i1e1/include' '-I' '/output/PA-SLZ.siterun.fates.docker.I2000Clm50BgcCrop.Cd08b750-F5534a94.2021-04-28_14-29-11/bld/gnu/openmpi/nodebug/nothreads/mct/finclude' '-I' '/usr/local/netcdf/include' '-I' '/output/PA-SLZ.siterun.fates.docker.I2000Clm50BgcCrop.Cd08b750-F5534a94.2021-04-28_14-29-11/bld/gnu/openmpi/nodebug/nothreads/mct/include' '-v' '-o' 'cmTryCompileExec234647223' '-rdynamic' '-I' '/usr/local/include' '-pthread' '-L/usr/local/lib' '-mtune=generic' '-march=x86-64'
gmake[2]: Leaving directory '/output/PA-SLZ.siterun.fates.docker.I2000Clm50BgcCrop.Cd08b750-F5534a94.2021-04-28_14-29-11/bld/gnu/openmpi/nodebug/nothreads/mct/pio/pio1/CMakeFiles/CMakeTmp'
gmake[1]: Leaving directory '/output/PA-SLZ.siterun.fates.docker.I2000Clm50BgcCrop.Cd08b750-F5534a94.2021-04-28_14-29-11/bld/gnu/openmpi/nodebug/nothreads/mct/pio/pio1/CMakeFiles/CMakeTmp'


Parsed C implicit link information from above output:
  link line regex: [^( *|.*[/\])(ld|([^/\]+-)?ld|collect2)[^/\]*( |$)]
  ignore line: [Change Dir: /output/PA-SLZ.siterun.fates.docker.I2000Clm50BgcCrop.Cd08b750-F5534a94.2021-04-28_14-29-11/bld/gnu/openmpi/nodebug/nothreads/mct/pio/pio1/CMakeFiles/CMakeTmp]
  ignore line: []
  ignore line: [Run Build Command:"/usr/bin/gmake" "cmTryCompileExec234647223/fast"]
  ignore line: [gmake[1]: Entering directory '/output/PA-SLZ.siterun.fates.docker.I2000Clm50BgcCrop.Cd08b750-F5534a94.2021-04-28_14-29-11/bld/gnu/openmpi/nodebug/nothreads/mct/pio/pio1/CMakeFiles/CMakeTmp']
  ignore line: [/usr/bin/gmake -f CMakeFiles/cmTryCompileExec234647223.dir/build.make CMakeFiles/cmTryCompileExec234647223.dir/build]
  ignore line: [gmake[2]: Entering directory '/output/PA-SLZ.siterun.fates.docker.I2000Clm50BgcCrop.Cd08b750-F5534a94.2021-04-28_14-29-11/bld/gnu/openmpi/nodebug/nothreads/mct/pio/pio1/CMakeFiles/CMakeTmp']
  ignore line: [/usr/bin/cmake -E cmake_progress_report /output/PA-SLZ.siterun.fates.docker.I2000Clm50BgcCrop.Cd08b750-F5534a94.2021-04-28_14-29-11/bld/gnu/openmpi/nodebug/nothreads/mct/pio/pio1/CMakeFiles/CMakeTmp/CMakeFiles 1]
  ignore line: [Building C object CMakeFiles/cmTryCompileExec234647223.dir/CMakeCCompilerABI.c.o]
  ignore line: [/usr/local/bin/mpicc   -std=gnu99   -O  -DTIMING -Dlinux  -DCESMCOUPLED   -DFORTRANUNDERSCORE -DNO_R16 -DCPRGNU -DNDEBUG -DHAVE_MPI -DMCT_INTERFACE -DPIO1 -DATM_PRESENT -DICE_PRESENT -DLND_PRESENT -DOCN_PRESENT -DROF_PRESENT -DGLC_PRESENT -DWAV_PRESENT -DESP_PRESENT -DMED_PRESENT  -I. -I/output/PA-SLZ.siterun.fates.docker.I2000Clm50BgcCrop.Cd08b750-F5534a94.2021-04-28_14-29-11/bld/gnu/openmpi/nodebug/nothreads/mct/include -I/output/PA-SLZ.siterun.fates.docker.I2000Clm50BgcCrop.Cd08b750-F5534a94.2021-04-28_14-29-11/bld/gnu/openmpi/nodebug/nothreads/mct/mct/noesmf/c1a1l1i1o1r1g1w1i1e1/include -I/output/PA-SLZ.siterun.fates.docker.I2000Clm50BgcCrop.Cd08b750-F5534a94.2021-04-28_14-29-11/bld/gnu/openmpi/nodebug/nothreads/mct/finclude -I/usr/local/netcdf/include -I/output/PA-SLZ.siterun.fates.docker.I2000Clm50BgcCrop.Cd08b750-F5534a94.2021-04-28_14-29-11/bld/gnu/openmpi/nodebug/nothreads/mct/include    -o CMakeFiles/cmTryCompileExec234647223.dir/CMakeCCompilerABI.c.o   -c /usr/share/cmake-3.0/Modules/CMakeCCompilerABI.c]
  ignore line: [Linking C executable cmTryCompileExec234647223]
  ignore line: [/usr/bin/cmake -E cmake_link_script CMakeFiles/cmTryCompileExec234647223.dir/link.txt --verbose=1]
  ignore line: [/usr/local/bin/mpicc  -std=gnu99   -O  -DTIMING -Dlinux  -DCESMCOUPLED   -DFORTRANUNDERSCORE -DNO_R16 -DCPRGNU -DNDEBUG -DHAVE_MPI -DMCT_INTERFACE -DPIO1 -DATM_PRESENT -DICE_PRESENT -DLND_PRESENT -DOCN_PRESENT -DROF_PRESENT -DGLC_PRESENT -DWAV_PRESENT -DESP_PRESENT -DMED_PRESENT  -I. -I/output/PA-SLZ.siterun.fates.docker.I2000Clm50BgcCrop.Cd08b750-F5534a94.2021-04-28_14-29-11/bld/gnu/openmpi/nodebug/nothreads/mct/include -I/output/PA-SLZ.siterun.fates.docker.I2000Clm50BgcCrop.Cd08b750-F5534a94.2021-04-28_14-29-11/bld/gnu/openmpi/nodebug/nothreads/mct/mct/noesmf/c1a1l1i1o1r1g1w1i1e1/include -I/output/PA-SLZ.siterun.fates.docker.I2000Clm50BgcCrop.Cd08b750-F5534a94.2021-04-28_14-29-11/bld/gnu/openmpi/nodebug/nothreads/mct/finclude -I/usr/local/netcdf/include -I/output/PA-SLZ.siterun.fates.docker.I2000Clm50BgcCrop.Cd08b750-F5534a94.2021-04-28_14-29-11/bld/gnu/openmpi/nodebug/nothreads/mct/include   -v CMakeFiles/cmTryCompileExec234647223.dir/CMakeCCompilerABI.c.o  -o cmTryCompileExec234647223 -rdynamic  ]
  ignore line: [Using built-in specs.]
  ignore line: [COLLECT_GCC=/usr/local/bin/gcc]
  ignore line: [COLLECT_LTO_WRAPPER=/usr/local/libexec/gcc/x86_64-linux-gnu/6.5.0/lto-wrapper]
  ignore line: [Target: x86_64-linux-gnu]
  ignore line: [Configured with: /usr/src/gcc/configure --build=x86_64-linux-gnu --disable-multilib --enable-languages=c,c++,fortran,go]
  ignore line: [Thread model: posix]
  ignore line: [gcc version 6.5.0 (GCC) ]
  ignore line: [COMPILER_PATH=/usr/local/libexec/gcc/x86_64-linux-gnu/6.5.0/:/usr/local/libexec/gcc/x86_64-linux-gnu/6.5.0/:/usr/local/libexec/gcc/x86_64-linux-gnu/:/usr/local/lib/gcc/x86_64-linux-gnu/6.5.0/:/usr/local/lib/gcc/x86_64-linux-gnu/]
  ignore line: [LIBRARY_PATH=/usr/local/lib/gcc/x86_64-linux-gnu/6.5.0/:/usr/local/lib/gcc/x86_64-linux-gnu/6.5.0/../../../../lib64/:/lib/x86_64-linux-gnu/:/lib/../lib64/:/usr/lib/x86_64-linux-gnu/:/usr/local/lib/gcc/x86_64-linux-gnu/6.5.0/../../../:/lib/:/usr/lib/]
  ignore line: [COLLECT_GCC_OPTIONS='-std=gnu99' '-O' '-D' 'TIMING' '-D' 'linux' '-D' 'CESMCOUPLED' '-D' 'FORTRANUNDERSCORE' '-D' 'NO_R16' '-D' 'CPRGNU' '-D' 'NDEBUG' '-D' 'HAVE_MPI' '-D' 'MCT_INTERFACE' '-D' 'PIO1' '-D' 'ATM_PRESENT' '-D' 'ICE_PRESENT' '-D' 'LND_PRESENT' '-D' 'OCN_PRESENT' '-D' 'ROF_PRESENT' '-D' 'GLC_PRESENT' '-D' 'WAV_PRESENT' '-D' 'ESP_PRESENT' '-D' 'MED_PRESENT' '-I' '.' '-I' '/output/PA-SLZ.siterun.fates.docker.I2000Clm50BgcCrop.Cd08b750-F5534a94.2021-04-28_14-29-11/bld/gnu/openmpi/nodebug/nothreads/mct/include' '-I' '/output/PA-SLZ.siterun.fates.docker.I2000Clm50BgcCrop.Cd08b750-F5534a94.2021-04-28_14-29-11/bld/gnu/openmpi/nodebug/nothreads/mct/mct/noesmf/c1a1l1i1o1r1g1w1i1e1/include' '-I' '/output/PA-SLZ.siterun.fates.docker.I2000Clm50BgcCrop.Cd08b750-F5534a94.2021-04-28_14-29-11/bld/gnu/openmpi/nodebug/nothreads/mct/finclude' '-I' '/usr/local/netcdf/include' '-I' '/output/PA-SLZ.siterun.fates.docker.I2000Clm50BgcCrop.Cd08b750-F5534a94.2021-04-28_14-29-11/bld/gnu/openmpi/nodebug/nothreads/mct/include' '-v' '-o' 'cmTryCompileExec234647223' '-rdynamic' '-I' '/usr/local/include' '-pthread' '-L/usr/local/lib' '-mtune=generic' '-march=x86-64']
  link line: [ /usr/local/libexec/gcc/x86_64-linux-gnu/6.5.0/collect2 -plugin /usr/local/libexec/gcc/x86_64-linux-gnu/6.5.0/liblto_plugin.so -plugin-opt=/usr/local/libexec/gcc/x86_64-linux-gnu/6.5.0/lto-wrapper -plugin-opt=-fresolution=/tmp/ccjW2yzU.res -plugin-opt=-pass-through=-lgcc -plugin-opt=-pass-through=-lgcc_s -plugin-opt=-pass-through=-lpthread -plugin-opt=-pass-through=-lc -plugin-opt=-pass-through=-lgcc -plugin-opt=-pass-through=-lgcc_s --eh-frame-hdr -m elf_x86_64 -export-dynamic -dynamic-linker /lib64/ld-linux-x86-64.so.2 -o cmTryCompileExec234647223 /usr/lib/x86_64-linux-gnu/crt1.o /usr/lib/x86_64-linux-gnu/crti.o /usr/local/lib/gcc/x86_64-linux-gnu/6.5.0/crtbegin.o -L/usr/local/lib -L/usr/local/lib/gcc/x86_64-linux-gnu/6.5.0 -L/usr/local/lib/gcc/x86_64-linux-gnu/6.5.0/../../../../lib64 -L/lib/x86_64-linux-gnu -L/lib/../lib64 -L/usr/lib/x86_64-linux-gnu -L/usr/local/lib/gcc/x86_64-linux-gnu/6.5.0/../../.. CMakeFiles/cmTryCompileExec234647223.dir/CMakeCCompilerABI.c.o -rpath /usr/local/lib --enable-new-dtags -lmpi -lgcc --as-needed -lgcc_s --no-as-needed -lpthread -lc -lgcc --as-needed -lgcc_s --no-as-needed /usr/local/lib/gcc/x86_64-linux-gnu/6.5.0/crtend.o /usr/lib/x86_64-linux-gnu/crtn.o]
    arg [/usr/local/libexec/gcc/x86_64-linux-gnu/6.5.0/collect2] ==> ignore
    arg [-plugin] ==> ignore
    arg [/usr/local/libexec/gcc/x86_64-linux-gnu/6.5.0/liblto_plugin.so] ==> ignore
    arg [-plugin-opt=/usr/local/libexec/gcc/x86_64-linux-gnu/6.5.0/lto-wrapper] ==> ignore
    arg [-plugin-opt=-fresolution=/tmp/ccjW2yzU.res] ==> ignore
    arg [-plugin-opt=-pass-through=-lgcc] ==> ignore
    arg [-plugin-opt=-pass-through=-lgcc_s] ==> ignore
    arg [-plugin-opt=-pass-through=-lpthread] ==> ignore
    arg [-plugin-opt=-pass-through=-lc] ==> ignore
    arg [-plugin-opt=-pass-through=-lgcc] ==> ignore
    arg [-plugin-opt=-pass-through=-lgcc_s] ==> ignore
    arg [--eh-frame-hdr] ==> ignore
    arg [-m] ==> ignore
    arg [elf_x86_64] ==> ignore
    arg [-export-dynamic] ==> ignore
    arg [-dynamic-linker] ==> ignore
    arg [/lib64/ld-linux-x86-64.so.2] ==> ignore
    arg [-o] ==> ignore
    arg [cmTryCompileExec234647223] ==> ignore
    arg [/usr/lib/x86_64-linux-gnu/crt1.o] ==> ignore
    arg [/usr/lib/x86_64-linux-gnu/crti.o] ==> ignore
    arg [/usr/local/lib/gcc/x86_64-linux-gnu/6.5.0/crtbegin.o] ==> ignore
    arg [-L/usr/local/lib] ==> dir [/usr/local/lib]
    arg [-L/usr/local/lib/gcc/x86_64-linux-gnu/6.5.0] ==> dir [/usr/local/lib/gcc/x86_64-linux-gnu/6.5.0]
    arg [-L/usr/local/lib/gcc/x86_64-linux-gnu/6.5.0/../../../../lib64] ==> dir [/usr/local/lib/gcc/x86_64-linux-gnu/6.5.0/../../../../lib64]
    arg [-L/lib/x86_64-linux-gnu] ==> dir [/lib/x86_64-linux-gnu]
    arg [-L/lib/../lib64] ==> dir [/lib/../lib64]
    arg [-L/usr/lib/x86_64-linux-gnu] ==> dir [/usr/lib/x86_64-linux-gnu]
    arg [-L/usr/local/lib/gcc/x86_64-linux-gnu/6.5.0/../../..] ==> dir [/usr/local/lib/gcc/x86_64-linux-gnu/6.5.0/../../..]
    arg [CMakeFiles/cmTryCompileExec234647223.dir/CMakeCCompilerABI.c.o] ==> ignore
    arg [-rpath] ==> ignore
    arg [/usr/local/lib] ==> ignore
    arg [--enable-new-dtags] ==> ignore
    arg [-lmpi] ==> lib [mpi]
    arg [-lgcc] ==> lib [gcc]
    arg [--as-needed] ==> ignore
    arg [-lgcc_s] ==> lib [gcc_s]
    arg [--no-as-needed] ==> ignore
    arg [-lpthread] ==> lib [pthread]
    arg [-lc] ==> lib [c]
    arg [-lgcc] ==> lib [gcc]
    arg [--as-needed] ==> ignore
    arg [-lgcc_s] ==> lib [gcc_s]
    arg [--no-as-needed] ==> ignore
    arg [/usr/local/lib/gcc/x86_64-linux-gnu/6.5.0/crtend.o] ==> ignore
    arg [/usr/lib/x86_64-linux-gnu/crtn.o] ==> ignore
  remove lib [gcc]
  remove lib [gcc_s]
  remove lib [gcc]
  remove lib [gcc_s]
  collapse library dir [/usr/local/lib] ==> [/usr/local/lib]
  collapse library dir [/usr/local/lib/gcc/x86_64-linux-gnu/6.5.0] ==> [/usr/local/lib/gcc/x86_64-linux-gnu/6.5.0]
  collapse library dir [/usr/local/lib/gcc/x86_64-linux-gnu/6.5.0/../../../../lib64] ==> [/usr/local/lib64]
  collapse library dir [/lib/x86_64-linux-gnu] ==> [/lib/x86_64-linux-gnu]
  collapse library dir [/lib/../lib64] ==> [/lib64]
  collapse library dir [/usr/lib/x86_64-linux-gnu] ==> [/usr/lib/x86_64-linux-gnu]
  collapse library dir [/usr/local/lib/gcc/x86_64-linux-gnu/6.5.0/../../..] ==> [/usr/local/lib]
  implicit libs: [mpi;pthread;c]
  implicit dirs: [/usr/local/lib;/usr/local/lib/gcc/x86_64-linux-gnu/6.5.0;/usr/local/lib64;/lib/x86_64-linux-gnu;/lib64;/usr/lib/x86_64-linux-gnu]
  implicit fwks: []


Determining if the Fortran compiler works passed with the following output:
Change Dir: /output/PA-SLZ.siterun.fates.docker.I2000Clm50BgcCrop.Cd08b750-F5534a94.2021-04-28_14-29-11/bld/gnu/openmpi/nodebug/nothreads/mct/pio/pio1/CMakeFiles/CMakeTmp

Run Build Command:"/usr/bin/gmake" "cmTryCompileExec2286831251/fast"
gmake[1]: Entering directory '/output/PA-SLZ.siterun.fates.docker.I2000Clm50BgcCrop.Cd08b750-F5534a94.2021-04-28_14-29-11/bld/gnu/openmpi/nodebug/nothreads/mct/pio/pio1/CMakeFiles/CMakeTmp'
/usr/bin/gmake -f CMakeFiles/cmTryCompileExec2286831251.dir/build.make CMakeFiles/cmTryCompileExec2286831251.dir/build
gmake[2]: Entering directory '/output/PA-SLZ.siterun.fates.docker.I2000Clm50BgcCrop.Cd08b750-F5534a94.2021-04-28_14-29-11/bld/gnu/openmpi/nodebug/nothreads/mct/pio/pio1/CMakeFiles/CMakeTmp'
/usr/bin/cmake -E cmake_progress_report /output/PA-SLZ.siterun.fates.docker.I2000Clm50BgcCrop.Cd08b750-F5534a94.2021-04-28_14-29-11/bld/gnu/openmpi/nodebug/nothreads/mct/pio/pio1/CMakeFiles/CMakeTmp/CMakeFiles 1
Building Fortran object CMakeFiles/cmTryCompileExec2286831251.dir/testFortranCompiler.f.o
/usr/local/bin/mpif90   -fconvert=big-endian -ffree-line-length-none -ffixed-line-length-none   -O    -DTIMING -Dlinux  -DCESMCOUPLED   -DFORTRANUNDERSCORE -DNO_R16 -DCPRGNU -DNDEBUG -DHAVE_MPI -DMCT_INTERFACE -DPIO1 -DATM_PRESENT -DICE_PRESENT -DLND_PRESENT -DOCN_PRESENT -DROF_PRESENT -DGLC_PRESENT -DWAV_PRESENT -DESP_PRESENT -DMED_PRESENT  -I. -I/output/PA-SLZ.siterun.fates.docker.I2000Clm50BgcCrop.Cd08b750-F5534a94.2021-04-28_14-29-11/bld/gnu/openmpi/nodebug/nothreads/mct/include -I/output/PA-SLZ.siterun.fates.docker.I2000Clm50BgcCrop.Cd08b750-F5534a94.2021-04-28_14-29-11/bld/gnu/openmpi/nodebug/nothreads/mct/mct/noesmf/c1a1l1i1o1r1g1w1i1e1/include -I/output/PA-SLZ.siterun.fates.docker.I2000Clm50BgcCrop.Cd08b750-F5534a94.2021-04-28_14-29-11/bld/gnu/openmpi/nodebug/nothreads/mct/finclude -I/usr/local/netcdf/include -I/output/PA-SLZ.siterun.fates.docker.I2000Clm50BgcCrop.Cd08b750-F5534a94.2021-04-28_14-29-11/bld/gnu/openmpi/nodebug/nothreads/mct/include    -c /output/PA-SLZ.siterun.fates.docker.I2000Clm50BgcCrop.Cd08b750-F5534a94.2021-04-28_14-29-11/bld/gnu/openmpi/nodebug/nothreads/mct/pio/pio1/CMakeFiles/CMakeTmp/testFortranCompiler.f -o CMakeFiles/cmTryCompileExec2286831251.dir/testFortranCompiler.f.o
f951: Warning: Nonexistent include directory ‘/output/PA-SLZ.siterun.fates.docker.I2000Clm50BgcCrop.Cd08b750-F5534a94.2021-04-28_14-29-11/bld/gnu/openmpi/nodebug/nothreads/mct/mct/noesmf/c1a1l1i1o1r1g1w1i1e1/include’ [-Wmissing-include-dirs]
f951: Warning: Nonexistent include directory ‘/output/PA-SLZ.siterun.fates.docker.I2000Clm50BgcCrop.Cd08b750-F5534a94.2021-04-28_14-29-11/bld/gnu/openmpi/nodebug/nothreads/mct/finclude’ [-Wmissing-include-dirs]
Linking Fortran executable cmTryCompileExec2286831251
/usr/bin/cmake -E cmake_link_script CMakeFiles/cmTryCompileExec2286831251.dir/link.txt --verbose=1
/usr/local/bin/mpif90     -fconvert=big-endian -ffree-line-length-none -ffixed-line-length-none   -O    -DTIMING -Dlinux  -DCESMCOUPLED   -DFORTRANUNDERSCORE -DNO_R16 -DCPRGNU -DNDEBUG -DHAVE_MPI -DMCT_INTERFACE -DPIO1 -DATM_PRESENT -DICE_PRESENT -DLND_PRESENT -DOCN_PRESENT -DROF_PRESENT -DGLC_PRESENT -DWAV_PRESENT -DESP_PRESENT -DMED_PRESENT  -I. -I/output/PA-SLZ.siterun.fates.docker.I2000Clm50BgcCrop.Cd08b750-F5534a94.2021-04-28_14-29-11/bld/gnu/openmpi/nodebug/nothreads/mct/include -I/output/PA-SLZ.siterun.fates.docker.I2000Clm50BgcCrop.Cd08b750-F5534a94.2021-04-28_14-29-11/bld/gnu/openmpi/nodebug/nothreads/mct/mct/noesmf/c1a1l1i1o1r1g1w1i1e1/include -I/output/PA-SLZ.siterun.fates.docker.I2000Clm50BgcCrop.Cd08b750-F5534a94.2021-04-28_14-29-11/bld/gnu/openmpi/nodebug/nothreads/mct/finclude -I/usr/local/netcdf/include -I/output/PA-SLZ.siterun.fates.docker.I2000Clm50BgcCrop.Cd08b750-F5534a94.2021-04-28_14-29-11/bld/gnu/openmpi/nodebug/nothreads/mct/include  CMakeFiles/cmTryCompileExec2286831251.dir/testFortranCompiler.f.o  -o cmTryCompileExec2286831251 -rdynamic 
gmake[2]: Leaving directory '/output/PA-SLZ.siterun.fates.docker.I2000Clm50BgcCrop.Cd08b750-F5534a94.2021-04-28_14-29-11/bld/gnu/openmpi/nodebug/nothreads/mct/pio/pio1/CMakeFiles/CMakeTmp'
gmake[1]: Leaving directory '/output/PA-SLZ.siterun.fates.docker.I2000Clm50BgcCrop.Cd08b750-F5534a94.2021-04-28_14-29-11/bld/gnu/openmpi/nodebug/nothreads/mct/pio/pio1/CMakeFiles/CMakeTmp'


Detecting Fortran compiler ABI info compiled with the following output:
Change Dir: /output/PA-SLZ.siterun.fates.docker.I2000Clm50BgcCrop.Cd08b750-F5534a94.2021-04-28_14-29-11/bld/gnu/openmpi/nodebug/nothreads/mct/pio/pio1/CMakeFiles/CMakeTmp

Run Build Command:"/usr/bin/gmake" "cmTryCompileExec3959067129/fast"
gmake[1]: Entering directory '/output/PA-SLZ.siterun.fates.docker.I2000Clm50BgcCrop.Cd08b750-F5534a94.2021-04-28_14-29-11/bld/gnu/openmpi/nodebug/nothreads/mct/pio/pio1/CMakeFiles/CMakeTmp'
/usr/bin/gmake -f CMakeFiles/cmTryCompileExec3959067129.dir/build.make CMakeFiles/cmTryCompileExec3959067129.dir/build
gmake[2]: Entering directory '/output/PA-SLZ.siterun.fates.docker.I2000Clm50BgcCrop.Cd08b750-F5534a94.2021-04-28_14-29-11/bld/gnu/openmpi/nodebug/nothreads/mct/pio/pio1/CMakeFiles/CMakeTmp'
/usr/bin/cmake -E cmake_progress_report /output/PA-SLZ.siterun.fates.docker.I2000Clm50BgcCrop.Cd08b750-F5534a94.2021-04-28_14-29-11/bld/gnu/openmpi/nodebug/nothreads/mct/pio/pio1/CMakeFiles/CMakeTmp/CMakeFiles 1
Building Fortran object CMakeFiles/cmTryCompileExec3959067129.dir/CMakeFortranCompilerABI.F.o
/usr/local/bin/mpif90   -fconvert=big-endian -ffree-line-length-none -ffixed-line-length-none   -O    -DTIMING -Dlinux  -DCESMCOUPLED   -DFORTRANUNDERSCORE -DNO_R16 -DCPRGNU -DNDEBUG -DHAVE_MPI -DMCT_INTERFACE -DPIO1 -DATM_PRESENT -DICE_PRESENT -DLND_PRESENT -DOCN_PRESENT -DROF_PRESENT -DGLC_PRESENT -DWAV_PRESENT -DESP_PRESENT -DMED_PRESENT  -I. -I/output/PA-SLZ.siterun.fates.docker.I2000Clm50BgcCrop.Cd08b750-F5534a94.2021-04-28_14-29-11/bld/gnu/openmpi/nodebug/nothreads/mct/include -I/output/PA-SLZ.siterun.fates.docker.I2000Clm50BgcCrop.Cd08b750-F5534a94.2021-04-28_14-29-11/bld/gnu/openmpi/nodebug/nothreads/mct/mct/noesmf/c1a1l1i1o1r1g1w1i1e1/include -I/output/PA-SLZ.siterun.fates.docker.I2000Clm50BgcCrop.Cd08b750-F5534a94.2021-04-28_14-29-11/bld/gnu/openmpi/nodebug/nothreads/mct/finclude -I/usr/local/netcdf/include -I/output/PA-SLZ.siterun.fates.docker.I2000Clm50BgcCrop.Cd08b750-F5534a94.2021-04-28_14-29-11/bld/gnu/openmpi/nodebug/nothreads/mct/include    -c /usr/share/cmake-3.0/Modules/CMakeFortranCompilerABI.F -o CMakeFiles/cmTryCompileExec3959067129.dir/CMakeFortranCompilerABI.F.o
f951: Warning: Nonexistent include directory ‘/output/PA-SLZ.siterun.fates.docker.I2000Clm50BgcCrop.Cd08b750-F5534a94.2021-04-28_14-29-11/bld/gnu/openmpi/nodebug/nothreads/mct/mct/noesmf/c1a1l1i1o1r1g1w1i1e1/include’ [-Wmissing-include-dirs]
f951: Warning: Nonexistent include directory ‘/output/PA-SLZ.siterun.fates.docker.I2000Clm50BgcCrop.Cd08b750-F5534a94.2021-04-28_14-29-11/bld/gnu/openmpi/nodebug/nothreads/mct/finclude’ [-Wmissing-include-dirs]
Linking Fortran executable cmTryCompileExec3959067129
/usr/bin/cmake -E cmake_link_script CMakeFiles/cmTryCompileExec3959067129.dir/link.txt --verbose=1
/usr/local/bin/mpif90   -v -fconvert=big-endian -ffree-line-length-none -ffixed-line-length-none   -O    -DTIMING -Dlinux  -DCESMCOUPLED   -DFORTRANUNDERSCORE -DNO_R16 -DCPRGNU -DNDEBUG -DHAVE_MPI -DMCT_INTERFACE -DPIO1 -DATM_PRESENT -DICE_PRESENT -DLND_PRESENT -DOCN_PRESENT -DROF_PRESENT -DGLC_PRESENT -DWAV_PRESENT -DESP_PRESENT -DMED_PRESENT  -I. -I/output/PA-SLZ.siterun.fates.docker.I2000Clm50BgcCrop.Cd08b750-F5534a94.2021-04-28_14-29-11/bld/gnu/openmpi/nodebug/nothreads/mct/include -I/output/PA-SLZ.siterun.fates.docker.I2000Clm50BgcCrop.Cd08b750-F5534a94.2021-04-28_14-29-11/bld/gnu/openmpi/nodebug/nothreads/mct/mct/noesmf/c1a1l1i1o1r1g1w1i1e1/include -I/output/PA-SLZ.siterun.fates.docker.I2000Clm50BgcCrop.Cd08b750-F5534a94.2021-04-28_14-29-11/bld/gnu/openmpi/nodebug/nothreads/mct/finclude -I/usr/local/netcdf/include -I/output/PA-SLZ.siterun.fates.docker.I2000Clm50BgcCrop.Cd08b750-F5534a94.2021-04-28_14-29-11/bld/gnu/openmpi/nodebug/nothreads/mct/include  CMakeFiles/cmTryCompileExec3959067129.dir/CMakeFortranCompilerABI.F.o  -o cmTryCompileExec3959067129 -rdynamic  
Driving: /usr/local/bin/gfortran -v -fconvert=big-endian -ffree-line-length-none -ffixed-line-length-none -O -DTIMING -Dlinux -DCESMCOUPLED -DFORTRANUNDERSCORE -DNO_R16 -DCPRGNU -DNDEBUG -DHAVE_MPI -DMCT_INTERFACE -DPIO1 -DATM_PRESENT -DICE_PRESENT -DLND_PRESENT -DOCN_PRESENT -DROF_PRESENT -DGLC_PRESENT -DWAV_PRESENT -DESP_PRESENT -DMED_PRESENT -I. -I/output/PA-SLZ.siterun.fates.docker.I2000Clm50BgcCrop.Cd08b750-F5534a94.2021-04-28_14-29-11/bld/gnu/openmpi/nodebug/nothreads/mct/include -I/output/PA-SLZ.siterun.fates.docker.I2000Clm50BgcCrop.Cd08b750-F5534a94.2021-04-28_14-29-11/bld/gnu/openmpi/nodebug/nothreads/mct/mct/noesmf/c1a1l1i1o1r1g1w1i1e1/include -I/output/PA-SLZ.siterun.fates.docker.I2000Clm50BgcCrop.Cd08b750-F5534a94.2021-04-28_14-29-11/bld/gnu/openmpi/nodebug/nothreads/mct/finclude -I/usr/local/netcdf/include -I/output/PA-SLZ.siterun.fates.docker.I2000Clm50BgcCrop.Cd08b750-F5534a94.2021-04-28_14-29-11/bld/gnu/openmpi/nodebug/nothreads/mct/include CMakeFiles/cmTryCompileExec3959067129.dir/CMakeFortranCompilerABI.F.o -o cmTryCompileExec3959067129 -rdynamic -I/usr/local/include -pthread -I/usr/local/lib -Wl,-rpath -Wl,/usr/local/lib -Wl,--enable-new-dtags -L/usr/local/lib -lmpi_usempif08 -lmpi_usempi_ignore_tkr -lmpi_mpifh -lmpi -l gfortran -l m -shared-libgcc
Using built-in specs.
COLLECT_GCC=/usr/local/bin/gfortran
COLLECT_LTO_WRAPPER=/usr/local/libexec/gcc/x86_64-linux-gnu/6.5.0/lto-wrapper
Target: x86_64-linux-gnu
Configured with: /usr/src/gcc/configure --build=x86_64-linux-gnu --disable-multilib --enable-languages=c,c++,fortran,go
Thread model: posix
gcc version 6.5.0 (GCC) 
Reading specs from /usr/local/lib/gcc/x86_64-linux-gnu/6.5.0/../../../../lib64/libgfortran.spec
rename spec lib to liborig
COLLECT_GCC_OPTIONS='-v' '-fconvert=big-endian' '-ffree-line-length-none' '-ffixed-line-length-none' '-O' '-D' 'TIMING' '-D' 'linux' '-D' 'CESMCOUPLED' '-D' 'FORTRANUNDERSCORE' '-D' 'NO_R16' '-D' 'CPRGNU' '-D' 'NDEBUG' '-D' 'HAVE_MPI' '-D' 'MCT_INTERFACE' '-D' 'PIO1' '-D' 'ATM_PRESENT' '-D' 'ICE_PRESENT' '-D' 'LND_PRESENT' '-D' 'OCN_PRESENT' '-D' 'ROF_PRESENT' '-D' 'GLC_PRESENT' '-D' 'WAV_PRESENT' '-D' 'ESP_PRESENT' '-D' 'MED_PRESENT' '-I' '.' '-I' '/output/PA-SLZ.siterun.fates.docker.I2000Clm50BgcCrop.Cd08b750-F5534a94.2021-04-28_14-29-11/bld/gnu/openmpi/nodebug/nothreads/mct/include' '-I' '/output/PA-SLZ.siterun.fates.docker.I2000Clm50BgcCrop.Cd08b750-F5534a94.2021-04-28_14-29-11/bld/gnu/openmpi/nodebug/nothreads/mct/mct/noesmf/c1a1l1i1o1r1g1w1i1e1/include' '-I' '/output/PA-SLZ.siterun.fates.docker.I2000Clm50BgcCrop.Cd08b750-F5534a94.2021-04-28_14-29-11/bld/gnu/openmpi/nodebug/nothreads/mct/finclude' '-I' '/usr/local/netcdf/include' '-I' '/output/PA-SLZ.siterun.fates.docker.I2000Clm50BgcCrop.Cd08b750-F5534a94.2021-04-28_14-29-11/bld/gnu/openmpi/nodebug/nothreads/mct/include' '-o' 'cmTryCompileExec3959067129' '-rdynamic' '-I' '/usr/local/include' '-pthread' '-I' '/usr/local/lib' '-L/usr/local/lib' '-shared-libgcc' '-mtune=generic' '-march=x86-64'
COMPILER_PATH=/usr/local/libexec/gcc/x86_64-linux-gnu/6.5.0/:/usr/local/libexec/gcc/x86_64-linux-gnu/6.5.0/:/usr/local/libexec/gcc/x86_64-linux-gnu/:/usr/local/lib/gcc/x86_64-linux-gnu/6.5.0/:/usr/local/lib/gcc/x86_64-linux-gnu/
LIBRARY_PATH=/usr/local/lib/gcc/x86_64-linux-gnu/6.5.0/:/usr/local/lib/gcc/x86_64-linux-gnu/6.5.0/../../../../lib64/:/lib/x86_64-linux-gnu/:/lib/../lib64/:/usr/lib/x86_64-linux-gnu/:/usr/local/lib/gcc/x86_64-linux-gnu/6.5.0/../../../:/lib/:/usr/lib/
COLLECT_GCC_OPTIONS='-v' '-fconvert=big-endian' '-ffree-line-length-none' '-ffixed-line-length-none' '-O' '-D' 'TIMING' '-D' 'linux' '-D' 'CESMCOUPLED' '-D' 'FORTRANUNDERSCORE' '-D' 'NO_R16' '-D' 'CPRGNU' '-D' 'NDEBUG' '-D' 'HAVE_MPI' '-D' 'MCT_INTERFACE' '-D' 'PIO1' '-D' 'ATM_PRESENT' '-D' 'ICE_PRESENT' '-D' 'LND_PRESENT' '-D' 'OCN_PRESENT' '-D' 'ROF_PRESENT' '-D' 'GLC_PRESENT' '-D' 'WAV_PRESENT' '-D' 'ESP_PRESENT' '-D' 'MED_PRESENT' '-I' '.' '-I' '/output/PA-SLZ.siterun.fates.docker.I2000Clm50BgcCrop.Cd08b750-F5534a94.2021-04-28_14-29-11/bld/gnu/openmpi/nodebug/nothreads/mct/include' '-I' '/output/PA-SLZ.siterun.fates.docker.I2000Clm50BgcCrop.Cd08b750-F5534a94.2021-04-28_14-29-11/bld/gnu/openmpi/nodebug/nothreads/mct/mct/noesmf/c1a1l1i1o1r1g1w1i1e1/include' '-I' '/output/PA-SLZ.siterun.fates.docker.I2000Clm50BgcCrop.Cd08b750-F5534a94.2021-04-28_14-29-11/bld/gnu/openmpi/nodebug/nothreads/mct/finclude' '-I' '/usr/local/netcdf/include' '-I' '/output/PA-SLZ.siterun.fates.docker.I2000Clm50BgcCrop.Cd08b750-F5534a94.2021-04-28_14-29-11/bld/gnu/openmpi/nodebug/nothreads/mct/include' '-o' 'cmTryCompileExec3959067129' '-rdynamic' '-I' '/usr/local/include' '-pthread' '-I' '/usr/local/lib' '-L/usr/local/lib' '-shared-libgcc' '-mtune=generic' '-march=x86-64'
 /usr/local/libexec/gcc/x86_64-linux-gnu/6.5.0/collect2 -plugin /usr/local/libexec/gcc/x86_64-linux-gnu/6.5.0/liblto_plugin.so -plugin-opt=/usr/local/libexec/gcc/x86_64-linux-gnu/6.5.0/lto-wrapper -plugin-opt=-fresolution=/tmp/ccfwtTJ2.res -plugin-opt=-pass-through=-lgcc_s -plugin-opt=-pass-through=-lgcc -plugin-opt=-pass-through=-lquadmath -plugin-opt=-pass-through=-lm -plugin-opt=-pass-through=-lgcc_s -plugin-opt=-pass-through=-lgcc -plugin-opt=-pass-through=-lpthread -plugin-opt=-pass-through=-lc -plugin-opt=-pass-through=-lgcc_s -plugin-opt=-pass-through=-lgcc --eh-frame-hdr -m elf_x86_64 -export-dynamic -dynamic-linker /lib64/ld-linux-x86-64.so.2 -o cmTryCompileExec3959067129 /usr/lib/x86_64-linux-gnu/crt1.o /usr/lib/x86_64-linux-gnu/crti.o /usr/local/lib/gcc/x86_64-linux-gnu/6.5.0/crtbegin.o -L/usr/local/lib -L/usr/local/lib/gcc/x86_64-linux-gnu/6.5.0 -L/usr/local/lib/gcc/x86_64-linux-gnu/6.5.0/../../../../lib64 -L/lib/x86_64-linux-gnu -L/lib/../lib64 -L/usr/lib/x86_64-linux-gnu -L/usr/local/lib/gcc/x86_64-linux-gnu/6.5.0/../../.. CMakeFiles/cmTryCompileExec3959067129.dir/CMakeFortranCompilerABI.F.o -rpath /usr/local/lib --enable-new-dtags -lmpi_usempif08 -lmpi_usempi_ignore_tkr -lmpi_mpifh -lmpi -lgfortran -lm -lgcc_s -lgcc -lquadmath -lm -lgcc_s -lgcc -lpthread -lc -lgcc_s -lgcc /usr/local/lib/gcc/x86_64-linux-gnu/6.5.0/crtend.o /usr/lib/x86_64-linux-gnu/crtn.o
COLLECT_GCC_OPTIONS='-v' '-fconvert=big-endian' '-ffree-line-length-none' '-ffixed-line-length-none' '-O' '-D' 'TIMING' '-D' 'linux' '-D' 'CESMCOUPLED' '-D' 'FORTRANUNDERSCORE' '-D' 'NO_R16' '-D' 'CPRGNU' '-D' 'NDEBUG' '-D' 'HAVE_MPI' '-D' 'MCT_INTERFACE' '-D' 'PIO1' '-D' 'ATM_PRESENT' '-D' 'ICE_PRESENT' '-D' 'LND_PRESENT' '-D' 'OCN_PRESENT' '-D' 'ROF_PRESENT' '-D' 'GLC_PRESENT' '-D' 'WAV_PRESENT' '-D' 'ESP_PRESENT' '-D' 'MED_PRESENT' '-I' '.' '-I' '/output/PA-SLZ.siterun.fates.docker.I2000Clm50BgcCrop.Cd08b750-F5534a94.2021-04-28_14-29-11/bld/gnu/openmpi/nodebug/nothreads/mct/include' '-I' '/output/PA-SLZ.siterun.fates.docker.I2000Clm50BgcCrop.Cd08b750-F5534a94.2021-04-28_14-29-11/bld/gnu/openmpi/nodebug/nothreads/mct/mct/noesmf/c1a1l1i1o1r1g1w1i1e1/include' '-I' '/output/PA-SLZ.siterun.fates.docker.I2000Clm50BgcCrop.Cd08b750-F5534a94.2021-04-28_14-29-11/bld/gnu/openmpi/nodebug/nothreads/mct/finclude' '-I' '/usr/local/netcdf/include' '-I' '/output/PA-SLZ.siterun.fates.docker.I2000Clm50BgcCrop.Cd08b750-F5534a94.2021-04-28_14-29-11/bld/gnu/openmpi/nodebug/nothreads/mct/include' '-o' 'cmTryCompileExec3959067129' '-rdynamic' '-I' '/usr/local/include' '-pthread' '-I' '/usr/local/lib' '-L/usr/local/lib' '-shared-libgcc' '-mtune=generic' '-march=x86-64'
gmake[2]: Leaving directory '/output/PA-SLZ.siterun.fates.docker.I2000Clm50BgcCrop.Cd08b750-F5534a94.2021-04-28_14-29-11/bld/gnu/openmpi/nodebug/nothreads/mct/pio/pio1/CMakeFiles/CMakeTmp'
gmake[1]: Leaving directory '/output/PA-SLZ.siterun.fates.docker.I2000Clm50BgcCrop.Cd08b750-F5534a94.2021-04-28_14-29-11/bld/gnu/openmpi/nodebug/nothreads/mct/pio/pio1/CMakeFiles/CMakeTmp'


Parsed Fortran implicit link information from above output:
  link line regex: [^( *|.*[/\])(ld|([^/\]+-)?ld|collect2)[^/\]*( |$)]
  ignore line: [Change Dir: /output/PA-SLZ.siterun.fates.docker.I2000Clm50BgcCrop.Cd08b750-F5534a94.2021-04-28_14-29-11/bld/gnu/openmpi/nodebug/nothreads/mct/pio/pio1/CMakeFiles/CMakeTmp]
  ignore line: []
  ignore line: [Run Build Command:"/usr/bin/gmake" "cmTryCompileExec3959067129/fast"]
  ignore line: [gmake[1]: Entering directory '/output/PA-SLZ.siterun.fates.docker.I2000Clm50BgcCrop.Cd08b750-F5534a94.2021-04-28_14-29-11/bld/gnu/openmpi/nodebug/nothreads/mct/pio/pio1/CMakeFiles/CMakeTmp']
  ignore line: [/usr/bin/gmake -f CMakeFiles/cmTryCompileExec3959067129.dir/build.make CMakeFiles/cmTryCompileExec3959067129.dir/build]
  ignore line: [gmake[2]: Entering directory '/output/PA-SLZ.siterun.fates.docker.I2000Clm50BgcCrop.Cd08b750-F5534a94.2021-04-28_14-29-11/bld/gnu/openmpi/nodebug/nothreads/mct/pio/pio1/CMakeFiles/CMakeTmp']
  ignore line: [/usr/bin/cmake -E cmake_progress_report /output/PA-SLZ.siterun.fates.docker.I2000Clm50BgcCrop.Cd08b750-F5534a94.2021-04-28_14-29-11/bld/gnu/openmpi/nodebug/nothreads/mct/pio/pio1/CMakeFiles/CMakeTmp/CMakeFiles 1]
  ignore line: [Building Fortran object CMakeFiles/cmTryCompileExec3959067129.dir/CMakeFortranCompilerABI.F.o]
  ignore line: [/usr/local/bin/mpif90   -fconvert=big-endian -ffree-line-length-none -ffixed-line-length-none   -O    -DTIMING -Dlinux  -DCESMCOUPLED   -DFORTRANUNDERSCORE -DNO_R16 -DCPRGNU -DNDEBUG -DHAVE_MPI -DMCT_INTERFACE -DPIO1 -DATM_PRESENT -DICE_PRESENT -DLND_PRESENT -DOCN_PRESENT -DROF_PRESENT -DGLC_PRESENT -DWAV_PRESENT -DESP_PRESENT -DMED_PRESENT  -I. -I/output/PA-SLZ.siterun.fates.docker.I2000Clm50BgcCrop.Cd08b750-F5534a94.2021-04-28_14-29-11/bld/gnu/openmpi/nodebug/nothreads/mct/include -I/output/PA-SLZ.siterun.fates.docker.I2000Clm50BgcCrop.Cd08b750-F5534a94.2021-04-28_14-29-11/bld/gnu/openmpi/nodebug/nothreads/mct/mct/noesmf/c1a1l1i1o1r1g1w1i1e1/include -I/output/PA-SLZ.siterun.fates.docker.I2000Clm50BgcCrop.Cd08b750-F5534a94.2021-04-28_14-29-11/bld/gnu/openmpi/nodebug/nothreads/mct/finclude -I/usr/local/netcdf/include -I/output/PA-SLZ.siterun.fates.docker.I2000Clm50BgcCrop.Cd08b750-F5534a94.2021-04-28_14-29-11/bld/gnu/openmpi/nodebug/nothreads/mct/include    -c /usr/share/cmake-3.0/Modules/CMakeFortranCompilerABI.F -o CMakeFiles/cmTryCompileExec3959067129.dir/CMakeFortranCompilerABI.F.o]
  ignore line: [f951: Warning: Nonexistent include directory ‘/output/PA-SLZ.siterun.fates.docker.I2000Clm50BgcCrop.Cd08b750-F5534a94.2021-04-28_14-29-11/bld/gnu/openmpi/nodebug/nothreads/mct/mct/noesmf/c1a1l1i1o1r1g1w1i1e1/include’ [-Wmissing-include-dirs]]
  ignore line: [f951: Warning: Nonexistent include directory ‘/output/PA-SLZ.siterun.fates.docker.I2000Clm50BgcCrop.Cd08b750-F5534a94.2021-04-28_14-29-11/bld/gnu/openmpi/nodebug/nothreads/mct/finclude’ [-Wmissing-include-dirs]]
  ignore line: [Linking Fortran executable cmTryCompileExec3959067129]
  ignore line: [/usr/bin/cmake -E cmake_link_script CMakeFiles/cmTryCompileExec3959067129.dir/link.txt --verbose=1]
  ignore line: [/usr/local/bin/mpif90   -v -fconvert=big-endian -ffree-line-length-none -ffixed-line-length-none   -O    -DTIMING -Dlinux  -DCESMCOUPLED   -DFORTRANUNDERSCORE -DNO_R16 -DCPRGNU -DNDEBUG -DHAVE_MPI -DMCT_INTERFACE -DPIO1 -DATM_PRESENT -DICE_PRESENT -DLND_PRESENT -DOCN_PRESENT -DROF_PRESENT -DGLC_PRESENT -DWAV_PRESENT -DESP_PRESENT -DMED_PRESENT  -I. -I/output/PA-SLZ.siterun.fates.docker.I2000Clm50BgcCrop.Cd08b750-F5534a94.2021-04-28_14-29-11/bld/gnu/openmpi/nodebug/nothreads/mct/include -I/output/PA-SLZ.siterun.fates.docker.I2000Clm50BgcCrop.Cd08b750-F5534a94.2021-04-28_14-29-11/bld/gnu/openmpi/nodebug/nothreads/mct/mct/noesmf/c1a1l1i1o1r1g1w1i1e1/include -I/output/PA-SLZ.siterun.fates.docker.I2000Clm50BgcCrop.Cd08b750-F5534a94.2021-04-28_14-29-11/bld/gnu/openmpi/nodebug/nothreads/mct/finclude -I/usr/local/netcdf/include -I/output/PA-SLZ.siterun.fates.docker.I2000Clm50BgcCrop.Cd08b750-F5534a94.2021-04-28_14-29-11/bld/gnu/openmpi/nodebug/nothreads/mct/include  CMakeFiles/cmTryCompileExec3959067129.dir/CMakeFortranCompilerABI.F.o  -o cmTryCompileExec3959067129 -rdynamic  ]
  ignore line: [Driving: /usr/local/bin/gfortran -v -fconvert=big-endian -ffree-line-length-none -ffixed-line-length-none -O -DTIMING -Dlinux -DCESMCOUPLED -DFORTRANUNDERSCORE -DNO_R16 -DCPRGNU -DNDEBUG -DHAVE_MPI -DMCT_INTERFACE -DPIO1 -DATM_PRESENT -DICE_PRESENT -DLND_PRESENT -DOCN_PRESENT -DROF_PRESENT -DGLC_PRESENT -DWAV_PRESENT -DESP_PRESENT -DMED_PRESENT -I. -I/output/PA-SLZ.siterun.fates.docker.I2000Clm50BgcCrop.Cd08b750-F5534a94.2021-04-28_14-29-11/bld/gnu/openmpi/nodebug/nothreads/mct/include -I/output/PA-SLZ.siterun.fates.docker.I2000Clm50BgcCrop.Cd08b750-F5534a94.2021-04-28_14-29-11/bld/gnu/openmpi/nodebug/nothreads/mct/mct/noesmf/c1a1l1i1o1r1g1w1i1e1/include -I/output/PA-SLZ.siterun.fates.docker.I2000Clm50BgcCrop.Cd08b750-F5534a94.2021-04-28_14-29-11/bld/gnu/openmpi/nodebug/nothreads/mct/finclude -I/usr/local/netcdf/include -I/output/PA-SLZ.siterun.fates.docker.I2000Clm50BgcCrop.Cd08b750-F5534a94.2021-04-28_14-29-11/bld/gnu/openmpi/nodebug/nothreads/mct/include CMakeFiles/cmTryCompileExec3959067129.dir/CMakeFortranCompilerABI.F.o -o cmTryCompileExec3959067129 -rdynamic -I/usr/local/include -pthread -I/usr/local/lib -Wl,-rpath -Wl,/usr/local/lib -Wl,--enable-new-dtags -L/usr/local/lib -lmpi_usempif08 -lmpi_usempi_ignore_tkr -lmpi_mpifh -lmpi -l gfortran -l m -shared-libgcc]
  ignore line: [Using built-in specs.]
  ignore line: [COLLECT_GCC=/usr/local/bin/gfortran]
  ignore line: [COLLECT_LTO_WRAPPER=/usr/local/libexec/gcc/x86_64-linux-gnu/6.5.0/lto-wrapper]
  ignore line: [Target: x86_64-linux-gnu]
  ignore line: [Configured with: /usr/src/gcc/configure --build=x86_64-linux-gnu --disable-multilib --enable-languages=c,c++,fortran,go]
  ignore line: [Thread model: posix]
  ignore line: [gcc version 6.5.0 (GCC) ]
  ignore line: [Reading specs from /usr/local/lib/gcc/x86_64-linux-gnu/6.5.0/../../../../lib64/libgfortran.spec]
  ignore line: [rename spec lib to liborig]
  ignore line: [COLLECT_GCC_OPTIONS='-v' '-fconvert=big-endian' '-ffree-line-length-none' '-ffixed-line-length-none' '-O' '-D' 'TIMING' '-D' 'linux' '-D' 'CESMCOUPLED' '-D' 'FORTRANUNDERSCORE' '-D' 'NO_R16' '-D' 'CPRGNU' '-D' 'NDEBUG' '-D' 'HAVE_MPI' '-D' 'MCT_INTERFACE' '-D' 'PIO1' '-D' 'ATM_PRESENT' '-D' 'ICE_PRESENT' '-D' 'LND_PRESENT' '-D' 'OCN_PRESENT' '-D' 'ROF_PRESENT' '-D' 'GLC_PRESENT' '-D' 'WAV_PRESENT' '-D' 'ESP_PRESENT' '-D' 'MED_PRESENT' '-I' '.' '-I' '/output/PA-SLZ.siterun.fates.docker.I2000Clm50BgcCrop.Cd08b750-F5534a94.2021-04-28_14-29-11/bld/gnu/openmpi/nodebug/nothreads/mct/include' '-I' '/output/PA-SLZ.siterun.fates.docker.I2000Clm50BgcCrop.Cd08b750-F5534a94.2021-04-28_14-29-11/bld/gnu/openmpi/nodebug/nothreads/mct/mct/noesmf/c1a1l1i1o1r1g1w1i1e1/include' '-I' '/output/PA-SLZ.siterun.fates.docker.I2000Clm50BgcCrop.Cd08b750-F5534a94.2021-04-28_14-29-11/bld/gnu/openmpi/nodebug/nothreads/mct/finclude' '-I' '/usr/local/netcdf/include' '-I' '/output/PA-SLZ.siterun.fates.docker.I2000Clm50BgcCrop.Cd08b750-F5534a94.2021-04-28_14-29-11/bld/gnu/openmpi/nodebug/nothreads/mct/include' '-o' 'cmTryCompileExec3959067129' '-rdynamic' '-I' '/usr/local/include' '-pthread' '-I' '/usr/local/lib' '-L/usr/local/lib' '-shared-libgcc' '-mtune=generic' '-march=x86-64']
  ignore line: [COMPILER_PATH=/usr/local/libexec/gcc/x86_64-linux-gnu/6.5.0/:/usr/local/libexec/gcc/x86_64-linux-gnu/6.5.0/:/usr/local/libexec/gcc/x86_64-linux-gnu/:/usr/local/lib/gcc/x86_64-linux-gnu/6.5.0/:/usr/local/lib/gcc/x86_64-linux-gnu/]
  ignore line: [LIBRARY_PATH=/usr/local/lib/gcc/x86_64-linux-gnu/6.5.0/:/usr/local/lib/gcc/x86_64-linux-gnu/6.5.0/../../../../lib64/:/lib/x86_64-linux-gnu/:/lib/../lib64/:/usr/lib/x86_64-linux-gnu/:/usr/local/lib/gcc/x86_64-linux-gnu/6.5.0/../../../:/lib/:/usr/lib/]
  ignore line: [COLLECT_GCC_OPTIONS='-v' '-fconvert=big-endian' '-ffree-line-length-none' '-ffixed-line-length-none' '-O' '-D' 'TIMING' '-D' 'linux' '-D' 'CESMCOUPLED' '-D' 'FORTRANUNDERSCORE' '-D' 'NO_R16' '-D' 'CPRGNU' '-D' 'NDEBUG' '-D' 'HAVE_MPI' '-D' 'MCT_INTERFACE' '-D' 'PIO1' '-D' 'ATM_PRESENT' '-D' 'ICE_PRESENT' '-D' 'LND_PRESENT' '-D' 'OCN_PRESENT' '-D' 'ROF_PRESENT' '-D' 'GLC_PRESENT' '-D' 'WAV_PRESENT' '-D' 'ESP_PRESENT' '-D' 'MED_PRESENT' '-I' '.' '-I' '/output/PA-SLZ.siterun.fates.docker.I2000Clm50BgcCrop.Cd08b750-F5534a94.2021-04-28_14-29-11/bld/gnu/openmpi/nodebug/nothreads/mct/include' '-I' '/output/PA-SLZ.siterun.fates.docker.I2000Clm50BgcCrop.Cd08b750-F5534a94.2021-04-28_14-29-11/bld/gnu/openmpi/nodebug/nothreads/mct/mct/noesmf/c1a1l1i1o1r1g1w1i1e1/include' '-I' '/output/PA-SLZ.siterun.fates.docker.I2000Clm50BgcCrop.Cd08b750-F5534a94.2021-04-28_14-29-11/bld/gnu/openmpi/nodebug/nothreads/mct/finclude' '-I' '/usr/local/netcdf/include' '-I' '/output/PA-SLZ.siterun.fates.docker.I2000Clm50BgcCrop.Cd08b750-F5534a94.2021-04-28_14-29-11/bld/gnu/openmpi/nodebug/nothreads/mct/include' '-o' 'cmTryCompileExec3959067129' '-rdynamic' '-I' '/usr/local/include' '-pthread' '-I' '/usr/local/lib' '-L/usr/local/lib' '-shared-libgcc' '-mtune=generic' '-march=x86-64']
  link line: [ /usr/local/libexec/gcc/x86_64-linux-gnu/6.5.0/collect2 -plugin /usr/local/libexec/gcc/x86_64-linux-gnu/6.5.0/liblto_plugin.so -plugin-opt=/usr/local/libexec/gcc/x86_64-linux-gnu/6.5.0/lto-wrapper -plugin-opt=-fresolution=/tmp/ccfwtTJ2.res -plugin-opt=-pass-through=-lgcc_s -plugin-opt=-pass-through=-lgcc -plugin-opt=-pass-through=-lquadmath -plugin-opt=-pass-through=-lm -plugin-opt=-pass-through=-lgcc_s -plugin-opt=-pass-through=-lgcc -plugin-opt=-pass-through=-lpthread -plugin-opt=-pass-through=-lc -plugin-opt=-pass-through=-lgcc_s -plugin-opt=-pass-through=-lgcc --eh-frame-hdr -m elf_x86_64 -export-dynamic -dynamic-linker /lib64/ld-linux-x86-64.so.2 -o cmTryCompileExec3959067129 /usr/lib/x86_64-linux-gnu/crt1.o /usr/lib/x86_64-linux-gnu/crti.o /usr/local/lib/gcc/x86_64-linux-gnu/6.5.0/crtbegin.o -L/usr/local/lib -L/usr/local/lib/gcc/x86_64-linux-gnu/6.5.0 -L/usr/local/lib/gcc/x86_64-linux-gnu/6.5.0/../../../../lib64 -L/lib/x86_64-linux-gnu -L/lib/../lib64 -L/usr/lib/x86_64-linux-gnu -L/usr/local/lib/gcc/x86_64-linux-gnu/6.5.0/../../.. CMakeFiles/cmTryCompileExec3959067129.dir/CMakeFortranCompilerABI.F.o -rpath /usr/local/lib --enable-new-dtags -lmpi_usempif08 -lmpi_usempi_ignore_tkr -lmpi_mpifh -lmpi -lgfortran -lm -lgcc_s -lgcc -lquadmath -lm -lgcc_s -lgcc -lpthread -lc -lgcc_s -lgcc /usr/local/lib/gcc/x86_64-linux-gnu/6.5.0/crtend.o /usr/lib/x86_64-linux-gnu/crtn.o]
    arg [/usr/local/libexec/gcc/x86_64-linux-gnu/6.5.0/collect2] ==> ignore
    arg [-plugin] ==> ignore
    arg [/usr/local/libexec/gcc/x86_64-linux-gnu/6.5.0/liblto_plugin.so] ==> ignore
    arg [-plugin-opt=/usr/local/libexec/gcc/x86_64-linux-gnu/6.5.0/lto-wrapper] ==> ignore
    arg [-plugin-opt=-fresolution=/tmp/ccfwtTJ2.res] ==> ignore
    arg [-plugin-opt=-pass-through=-lgcc_s] ==> ignore
    arg [-plugin-opt=-pass-through=-lgcc] ==> ignore
    arg [-plugin-opt=-pass-through=-lquadmath] ==> ignore
    arg [-plugin-opt=-pass-through=-lm] ==> ignore
    arg [-plugin-opt=-pass-through=-lgcc_s] ==> ignore
    arg [-plugin-opt=-pass-through=-lgcc] ==> ignore
    arg [-plugin-opt=-pass-through=-lpthread] ==> ignore
    arg [-plugin-opt=-pass-through=-lc] ==> ignore
    arg [-plugin-opt=-pass-through=-lgcc_s] ==> ignore
    arg [-plugin-opt=-pass-through=-lgcc] ==> ignore
    arg [--eh-frame-hdr] ==> ignore
    arg [-m] ==> ignore
    arg [elf_x86_64] ==> ignore
    arg [-export-dynamic] ==> ignore
    arg [-dynamic-linker] ==> ignore
    arg [/lib64/ld-linux-x86-64.so.2] ==> ignore
    arg [-o] ==> ignore
    arg [cmTryCompileExec3959067129] ==> ignore
    arg [/usr/lib/x86_64-linux-gnu/crt1.o] ==> ignore
    arg [/usr/lib/x86_64-linux-gnu/crti.o] ==> ignore
    arg [/usr/local/lib/gcc/x86_64-linux-gnu/6.5.0/crtbegin.o] ==> ignore
    arg [-L/usr/local/lib] ==> dir [/usr/local/lib]
    arg [-L/usr/local/lib/gcc/x86_64-linux-gnu/6.5.0] ==> dir [/usr/local/lib/gcc/x86_64-linux-gnu/6.5.0]
    arg [-L/usr/local/lib/gcc/x86_64-linux-gnu/6.5.0/../../../../lib64] ==> dir [/usr/local/lib/gcc/x86_64-linux-gnu/6.5.0/../../../../lib64]
    arg [-L/lib/x86_64-linux-gnu] ==> dir [/lib/x86_64-linux-gnu]
    arg [-L/lib/../lib64] ==> dir [/lib/../lib64]
    arg [-L/usr/lib/x86_64-linux-gnu] ==> dir [/usr/lib/x86_64-linux-gnu]
    arg [-L/usr/local/lib/gcc/x86_64-linux-gnu/6.5.0/../../..] ==> dir [/usr/local/lib/gcc/x86_64-linux-gnu/6.5.0/../../..]
    arg [CMakeFiles/cmTryCompileExec3959067129.dir/CMakeFortranCompilerABI.F.o] ==> ignore
    arg [-rpath] ==> ignore
    arg [/usr/local/lib] ==> ignore
    arg [--enable-new-dtags] ==> ignore
    arg [-lmpi_usempif08] ==> lib [mpi_usempif08]
    arg [-lmpi_usempi_ignore_tkr] ==> lib [mpi_usempi_ignore_tkr]
    arg [-lmpi_mpifh] ==> lib [mpi_mpifh]
    arg [-lmpi] ==> lib [mpi]
    arg [-lgfortran] ==> lib [gfortran]
    arg [-lm] ==> lib [m]
    arg [-lgcc_s] ==> lib [gcc_s]
    arg [-lgcc] ==> lib [gcc]
    arg [-lquadmath] ==> lib [quadmath]
    arg [-lm] ==> lib [m]
    arg [-lgcc_s] ==> lib [gcc_s]
    arg [-lgcc] ==> lib [gcc]
    arg [-lpthread] ==> lib [pthread]
    arg [-lc] ==> lib [c]
    arg [-lgcc_s] ==> lib [gcc_s]
    arg [-lgcc] ==> lib [gcc]
    arg [/usr/local/lib/gcc/x86_64-linux-gnu/6.5.0/crtend.o] ==> ignore
    arg [/usr/lib/x86_64-linux-gnu/crtn.o] ==> ignore
  remove lib [gcc_s]
  remove lib [gcc]
  remove lib [gcc_s]
  remove lib [gcc]
  remove lib [gcc_s]
  remove lib [gcc]
  collapse library dir [/usr/local/lib] ==> [/usr/local/lib]
  collapse library dir [/usr/local/lib/gcc/x86_64-linux-gnu/6.5.0] ==> [/usr/local/lib/gcc/x86_64-linux-gnu/6.5.0]
  collapse library dir [/usr/local/lib/gcc/x86_64-linux-gnu/6.5.0/../../../../lib64] ==> [/usr/local/lib64]
  collapse library dir [/lib/x86_64-linux-gnu] ==> [/lib/x86_64-linux-gnu]
  collapse library dir [/lib/../lib64] ==> [/lib64]
  collapse library dir [/usr/lib/x86_64-linux-gnu] ==> [/usr/lib/x86_64-linux-gnu]
  collapse library dir [/usr/local/lib/gcc/x86_64-linux-gnu/6.5.0/../../..] ==> [/usr/local/lib]
  implicit libs: [mpi_usempif08;mpi_usempi_ignore_tkr;mpi_mpifh;mpi;gfortran;m;quadmath;m;pthread;c]
  implicit dirs: [/usr/local/lib;/usr/local/lib/gcc/x86_64-linux-gnu/6.5.0;/usr/local/lib64;/lib/x86_64-linux-gnu;/lib64;/usr/lib/x86_64-linux-gnu]
  implicit fwks: []


Determining if the Fortran compiler supports Fortran 90 passed with the following output:
Change Dir: /output/PA-SLZ.siterun.fates.docker.I2000Clm50BgcCrop.Cd08b750-F5534a94.2021-04-28_14-29-11/bld/gnu/openmpi/nodebug/nothreads/mct/pio/pio1/CMakeFiles/CMakeTmp

Run Build Command:"/usr/bin/gmake" "cmTryCompileExec794323176/fast"
gmake[1]: Entering directory '/output/PA-SLZ.siterun.fates.docker.I2000Clm50BgcCrop.Cd08b750-F5534a94.2021-04-28_14-29-11/bld/gnu/openmpi/nodebug/nothreads/mct/pio/pio1/CMakeFiles/CMakeTmp'
/usr/bin/gmake -f CMakeFiles/cmTryCompileExec794323176.dir/build.make CMakeFiles/cmTryCompileExec794323176.dir/build
gmake[2]: Entering directory '/output/PA-SLZ.siterun.fates.docker.I2000Clm50BgcCrop.Cd08b750-F5534a94.2021-04-28_14-29-11/bld/gnu/openmpi/nodebug/nothreads/mct/pio/pio1/CMakeFiles/CMakeTmp'
/usr/bin/cmake -E cmake_progress_report /output/PA-SLZ.siterun.fates.docker.I2000Clm50BgcCrop.Cd08b750-F5534a94.2021-04-28_14-29-11/bld/gnu/openmpi/nodebug/nothreads/mct/pio/pio1/CMakeFiles/CMakeTmp/CMakeFiles 1
Building Fortran object CMakeFiles/cmTryCompileExec794323176.dir/testFortranCompilerF90.f90.o
/usr/local/bin/mpif90   -fconvert=big-endian -ffree-line-length-none -ffixed-line-length-none   -O    -DTIMING -Dlinux  -DCESMCOUPLED   -DFORTRANUNDERSCORE -DNO_R16 -DCPRGNU -DNDEBUG -DHAVE_MPI -DMCT_INTERFACE -DPIO1 -DATM_PRESENT -DICE_PRESENT -DLND_PRESENT -DOCN_PRESENT -DROF_PRESENT -DGLC_PRESENT -DWAV_PRESENT -DESP_PRESENT -DMED_PRESENT  -I. -I/output/PA-SLZ.siterun.fates.docker.I2000Clm50BgcCrop.Cd08b750-F5534a94.2021-04-28_14-29-11/bld/gnu/openmpi/nodebug/nothreads/mct/include -I/output/PA-SLZ.siterun.fates.docker.I2000Clm50BgcCrop.Cd08b750-F5534a94.2021-04-28_14-29-11/bld/gnu/openmpi/nodebug/nothreads/mct/mct/noesmf/c1a1l1i1o1r1g1w1i1e1/include -I/output/PA-SLZ.siterun.fates.docker.I2000Clm50BgcCrop.Cd08b750-F5534a94.2021-04-28_14-29-11/bld/gnu/openmpi/nodebug/nothreads/mct/finclude -I/usr/local/netcdf/include -I/output/PA-SLZ.siterun.fates.docker.I2000Clm50BgcCrop.Cd08b750-F5534a94.2021-04-28_14-29-11/bld/gnu/openmpi/nodebug/nothreads/mct/include    -c /output/PA-SLZ.siterun.fates.docker.I2000Clm50BgcCrop.Cd08b750-F5534a94.2021-04-28_14-29-11/bld/gnu/openmpi/nodebug/nothreads/mct/pio/pio1/CMakeFiles/CMakeTmp/testFortranCompilerF90.f90 -o CMakeFiles/cmTryCompileExec794323176.dir/testFortranCompilerF90.f90.o
f951: Warning: Nonexistent include directory ‘/output/PA-SLZ.siterun.fates.docker.I2000Clm50BgcCrop.Cd08b750-F5534a94.2021-04-28_14-29-11/bld/gnu/openmpi/nodebug/nothreads/mct/mct/noesmf/c1a1l1i1o1r1g1w1i1e1/include’ [-Wmissing-include-dirs]
f951: Warning: Nonexistent include directory ‘/output/PA-SLZ.siterun.fates.docker.I2000Clm50BgcCrop.Cd08b750-F5534a94.2021-04-28_14-29-11/bld/gnu/openmpi/nodebug/nothreads/mct/finclude’ [-Wmissing-include-dirs]
Linking Fortran executable cmTryCompileExec794323176
/usr/bin/cmake -E cmake_link_script CMakeFiles/cmTryCompileExec794323176.dir/link.txt --verbose=1
/usr/local/bin/mpif90     -fconvert=big-endian -ffree-line-length-none -ffixed-line-length-none   -O    -DTIMING -Dlinux  -DCESMCOUPLED   -DFORTRANUNDERSCORE -DNO_R16 -DCPRGNU -DNDEBUG -DHAVE_MPI -DMCT_INTERFACE -DPIO1 -DATM_PRESENT -DICE_PRESENT -DLND_PRESENT -DOCN_PRESENT -DROF_PRESENT -DGLC_PRESENT -DWAV_PRESENT -DESP_PRESENT -DMED_PRESENT  -I. -I/output/PA-SLZ.siterun.fates.docker.I2000Clm50BgcCrop.Cd08b750-F5534a94.2021-04-28_14-29-11/bld/gnu/openmpi/nodebug/nothreads/mct/include -I/output/PA-SLZ.siterun.fates.docker.I2000Clm50BgcCrop.Cd08b750-F5534a94.2021-04-28_14-29-11/bld/gnu/openmpi/nodebug/nothreads/mct/mct/noesmf/c1a1l1i1o1r1g1w1i1e1/include -I/output/PA-SLZ.siterun.fates.docker.I2000Clm50BgcCrop.Cd08b750-F5534a94.2021-04-28_14-29-11/bld/gnu/openmpi/nodebug/nothreads/mct/finclude -I/usr/local/netcdf/include -I/output/PA-SLZ.siterun.fates.docker.I2000Clm50BgcCrop.Cd08b750-F5534a94.2021-04-28_14-29-11/bld/gnu/openmpi/nodebug/nothreads/mct/include  CMakeFiles/cmTryCompileExec794323176.dir/testFortranCompilerF90.f90.o  -o cmTryCompileExec794323176 -rdynamic 
gmake[2]: Leaving directory '/output/PA-SLZ.siterun.fates.docker.I2000Clm50BgcCrop.Cd08b750-F5534a94.2021-04-28_14-29-11/bld/gnu/openmpi/nodebug/nothreads/mct/pio/pio1/CMakeFiles/CMakeTmp'
gmake[1]: Leaving directory '/output/PA-SLZ.siterun.fates.docker.I2000Clm50BgcCrop.Cd08b750-F5534a94.2021-04-28_14-29-11/bld/gnu/openmpi/nodebug/nothreads/mct/pio/pio1/CMakeFiles/CMakeTmp'


Determining if the function nc_set_log_level exists passed with the following output:
Change Dir: /output/PA-SLZ.siterun.fates.docker.I2000Clm50BgcCrop.Cd08b750-F5534a94.2021-04-28_14-29-11/bld/gnu/openmpi/nodebug/nothreads/mct/pio/pio1/CMakeFiles/CMakeTmp

Run Build Command:"/usr/bin/gmake" "cmTryCompileExec919751512/fast"
gmake[1]: Entering directory '/output/PA-SLZ.siterun.fates.docker.I2000Clm50BgcCrop.Cd08b750-F5534a94.2021-04-28_14-29-11/bld/gnu/openmpi/nodebug/nothreads/mct/pio/pio1/CMakeFiles/CMakeTmp'
/usr/bin/gmake -f CMakeFiles/cmTryCompileExec919751512.dir/build.make CMakeFiles/cmTryCompileExec919751512.dir/build
gmake[2]: Entering directory '/output/PA-SLZ.siterun.fates.docker.I2000Clm50BgcCrop.Cd08b750-F5534a94.2021-04-28_14-29-11/bld/gnu/openmpi/nodebug/nothreads/mct/pio/pio1/CMakeFiles/CMakeTmp'
/usr/bin/cmake -E cmake_progress_report /output/PA-SLZ.siterun.fates.docker.I2000Clm50BgcCrop.Cd08b750-F5534a94.2021-04-28_14-29-11/bld/gnu/openmpi/nodebug/nothreads/mct/pio/pio1/CMakeFiles/CMakeTmp/CMakeFiles 1
Building C object CMakeFiles/cmTryCompileExec919751512.dir/CheckFunctionExists.c.o
/usr/local/bin/mpicc   -std=gnu99   -O  -DTIMING -Dlinux  -DCESMCOUPLED   -DFORTRANUNDERSCORE -DNO_R16 -DCPRGNU -DNDEBUG -DHAVE_MPI -DMCT_INTERFACE -DPIO1 -DATM_PRESENT -DICE_PRESENT -DLND_PRESENT -DOCN_PRESENT -DROF_PRESENT -DGLC_PRESENT -DWAV_PRESENT -DESP_PRESENT -DMED_PRESENT  -I. -I/output/PA-SLZ.siterun.fates.docker.I2000Clm50BgcCrop.Cd08b750-F5534a94.2021-04-28_14-29-11/bld/gnu/openmpi/nodebug/nothreads/mct/include -I/output/PA-SLZ.siterun.fates.docker.I2000Clm50BgcCrop.Cd08b750-F5534a94.2021-04-28_14-29-11/bld/gnu/openmpi/nodebug/nothreads/mct/mct/noesmf/c1a1l1i1o1r1g1w1i1e1/include -I/output/PA-SLZ.siterun.fates.docker.I2000Clm50BgcCrop.Cd08b750-F5534a94.2021-04-28_14-29-11/bld/gnu/openmpi/nodebug/nothreads/mct/finclude -I/usr/local/netcdf/include -I/output/PA-SLZ.siterun.fates.docker.I2000Clm50BgcCrop.Cd08b750-F5534a94.2021-04-28_14-29-11/bld/gnu/openmpi/nodebug/nothreads/mct/include -DCHECK_FUNCTION_EXISTS=nc_set_log_level -I/usr/local/netcdf/include    -o CMakeFiles/cmTryCompileExec919751512.dir/CheckFunctionExists.c.o   -c /usr/share/cmake-3.0/Modules/CheckFunctionExists.c
Linking C executable cmTryCompileExec919751512
/usr/bin/cmake -E cmake_link_script CMakeFiles/cmTryCompileExec919751512.dir/link.txt --verbose=1
/usr/local/bin/mpicc  -std=gnu99   -O  -DTIMING -Dlinux  -DCESMCOUPLED   -DFORTRANUNDERSCORE -DNO_R16 -DCPRGNU -DNDEBUG -DHAVE_MPI -DMCT_INTERFACE -DPIO1 -DATM_PRESENT -DICE_PRESENT -DLND_PRESENT -DOCN_PRESENT -DROF_PRESENT -DGLC_PRESENT -DWAV_PRESENT -DESP_PRESENT -DMED_PRESENT  -I. -I/output/PA-SLZ.siterun.fates.docker.I2000Clm50BgcCrop.Cd08b750-F5534a94.2021-04-28_14-29-11/bld/gnu/openmpi/nodebug/nothreads/mct/include -I/output/PA-SLZ.siterun.fates.docker.I2000Clm50BgcCrop.Cd08b750-F5534a94.2021-04-28_14-29-11/bld/gnu/openmpi/nodebug/nothreads/mct/mct/noesmf/c1a1l1i1o1r1g1w1i1e1/include -I/output/PA-SLZ.siterun.fates.docker.I2000Clm50BgcCrop.Cd08b750-F5534a94.2021-04-28_14-29-11/bld/gnu/openmpi/nodebug/nothreads/mct/finclude -I/usr/local/netcdf/include -I/output/PA-SLZ.siterun.fates.docker.I2000Clm50BgcCrop.Cd08b750-F5534a94.2021-04-28_14-29-11/bld/gnu/openmpi/nodebug/nothreads/mct/include -DCHECK_FUNCTION_EXISTS=nc_set_log_level    CMakeFiles/cmTryCompileExec919751512.dir/CheckFunctionExists.c.o  -o cmTryCompileExec919751512 -rdynamic /usr/local/netcdf/lib/libnetcdf.so -Wl,-rpath,/usr/local/netcdf/lib 
gmake[2]: Leaving directory '/output/PA-SLZ.siterun.fates.docker.I2000Clm50BgcCrop.Cd08b750-F5534a94.2021-04-28_14-29-11/bld/gnu/openmpi/nodebug/nothreads/mct/pio/pio1/CMakeFiles/CMakeTmp'
gmake[1]: Leaving directory '/output/PA-SLZ.siterun.fates.docker.I2000Clm50BgcCrop.Cd08b750-F5534a94.2021-04-28_14-29-11/bld/gnu/openmpi/nodebug/nothreads/mct/pio/pio1/CMakeFiles/CMakeTmp'


