This file contains any messages produced by compilers while
running configure, to aid debugging if configure makes a mistake.

It was created by MCT configure 2.8, which was
generated by GNU Autoconf 2.69.  Invocation command line was

  $ /CTSM/cime/src/externals/mct/configure CC=mpicc   FC=mpif90  MPICC=mpicc   MPIFC=mpif90  FCFLAGS=-fconvert=big-endian -ffree-line-length-none -ffixed-line-length-none   -O    -ffree-form  -I. -I/output/PA-SLZ.siterun.fates.docker.I2000Clm50BgcCrop.Cd08b750-F5534a94.2021-04-28_14-29-11/bld/gnu/openmpi/nodebug/nothreads/mct/include -I/output/PA-SLZ.siterun.fates.docker.I2000Clm50BgcCrop.Cd08b750-F5534a94.2021-04-28_14-29-11/bld/gnu/openmpi/nodebug/nothreads/mct/mct/noesmf/c1a1l1i1o1r1g1w1i1e1/include -I/output/PA-SLZ.siterun.fates.docker.I2000Clm50BgcCrop.Cd08b750-F5534a94.2021-04-28_14-29-11/bld/gnu/openmpi/nodebug/nothreads/mct/finclude -I/usr/local/netcdf/include -I/output/PA-SLZ.siterun.fates.docker.I2000Clm50BgcCrop.Cd08b750-F5534a94.2021-04-28_14-29-11/bld/gnu/openmpi/nodebug/nothreads/mct/include CPPDEFS= -Dlinux  -DCESMCOUPLED   -DFORTRANUNDERSCORE -DNO_R16 -DCPRGNU -DNDEBUG -DHAVE_MPI -DMCT_INTERFACE -DPIO1 -DATM_PRESENT -DICE_PRESENT -DLND_PRESENT -DOCN_PRESENT -DROF_PRESENT -DGLC_PRESENT -DWAV_PRESENT -DESP_PRESENT -DMED_PRESENT CFLAGS=-std=gnu99   -O   -Dlinux  -DCESMCOUPLED   -DFORTRANUNDERSCORE -DNO_R16 -DCPRGNU -DNDEBUG -DHAVE_MPI -DMCT_INTERFACE -DPIO1 -DATM_PRESENT -DICE_PRESENT -DLND_PRESENT -DOCN_PRESENT -DROF_PRESENT -DGLC_PRESENT -DWAV_PRESENT -DESP_PRESENT -DMED_PRESENT -I.. -I. -I/output/PA-SLZ.siterun.fates.docker.I2000Clm50BgcCrop.Cd08b750-F5534a94.2021-04-28_14-29-11/bld/gnu/openmpi/nodebug/nothreads/mct/include -I/output/PA-SLZ.siterun.fates.docker.I2000Clm50BgcCrop.Cd08b750-F5534a94.2021-04-28_14-29-11/bld/gnu/openmpi/nodebug/nothreads/mct/mct/noesmf/c1a1l1i1o1r1g1w1i1e1/include -I/output/PA-SLZ.siterun.fates.docker.I2000Clm50BgcCrop.Cd08b750-F5534a94.2021-04-28_14-29-11/bld/gnu/openmpi/nodebug/nothreads/mct/finclude -I/usr/local/netcdf/include -I/output/PA-SLZ.siterun.fates.docker.I2000Clm50BgcCrop.Cd08b750-F5534a94.2021-04-28_14-29-11/bld/gnu/openmpi/nodebug/nothreads/mct/include LDFLAGS= NETCDF_PATH=/usr/local/netcdf --srcdir /CTSM/cime/src/externals/mct

## --------- ##
## Platform. ##
## --------- ##

hostname = docker
uname -m = x86_64
uname -r = 5.4.0-70-generic
uname -s = Linux
uname -v = #78-Ubuntu SMP Fri Mar 19 13:29:52 UTC 2021

/usr/bin/uname -p = unknown
/bin/uname -X     = unknown

/bin/arch              = unknown
/usr/bin/arch -k       = unknown
/usr/convex/getsysinfo = unknown
/usr/bin/hostinfo      = unknown
/bin/machine           = unknown
/usr/bin/oslevel       = unknown
/bin/universe          = unknown

PATH: /usr/local/netcdf/bin
PATH: /usr/local/hdf5/bin
PATH: /usr/local/bin
PATH: /usr/local/sbin
PATH: /usr/local/bin
PATH: /usr/sbin
PATH: /usr/bin
PATH: /sbin
PATH: /bin


## ----------- ##
## Core tests. ##
## ----------- ##

configure:2360: checking for C compiler version
configure:2369: mpicc   --version >&5
gcc (GCC) 6.5.0
Copyright (C) 2017 Free Software Foundation, Inc.
This is free software; see the source for copying conditions.  There is NO
warranty; not even for MERCHANTABILITY or FITNESS FOR A PARTICULAR PURPOSE.

configure:2380: $? = 0
configure:2369: mpicc   -v >&5
Using built-in specs.
COLLECT_GCC=/usr/local/bin/gcc
COLLECT_LTO_WRAPPER=/usr/local/libexec/gcc/x86_64-linux-gnu/6.5.0/lto-wrapper
Target: x86_64-linux-gnu
Configured with: /usr/src/gcc/configure --build=x86_64-linux-gnu --disable-multilib --enable-languages=c,c++,fortran,go
Thread model: posix
gcc version 6.5.0 (GCC) 
configure:2380: $? = 0
configure:2369: mpicc   -V >&5
gcc: error: unrecognized command line option '-V'
gcc: fatal error: no input files
compilation terminated.
configure:2380: $? = 1
configure:2369: mpicc   -qversion >&5
gcc: error: unrecognized command line option '-qversion'; did you mean '--version'?
gcc: fatal error: no input files
compilation terminated.
configure:2380: $? = 1
configure:2400: checking whether the C compiler works
configure:2422: mpicc   -std=gnu99   -O   -Dlinux  -DCESMCOUPLED   -DFORTRANUNDERSCORE -DNO_R16 -DCPRGNU -DNDEBUG -DHAVE_MPI -DMCT_INTERFACE -DPIO1 -DATM_PRESENT -DICE_PRESENT -DLND_PRESENT -DOCN_PRESENT -DROF_PRESENT -DGLC_PRESENT -DWAV_PRESENT -DESP_PRESENT -DMED_PRESENT -I.. -I. -I/output/PA-SLZ.siterun.fates.docker.I2000Clm50BgcCrop.Cd08b750-F5534a94.2021-04-28_14-29-11/bld/gnu/openmpi/nodebug/nothreads/mct/include -I/output/PA-SLZ.siterun.fates.docker.I2000Clm50BgcCrop.Cd08b750-F5534a94.2021-04-28_14-29-11/bld/gnu/openmpi/nodebug/nothreads/mct/mct/noesmf/c1a1l1i1o1r1g1w1i1e1/include -I/output/PA-SLZ.siterun.fates.docker.I2000Clm50BgcCrop.Cd08b750-F5534a94.2021-04-28_14-29-11/bld/gnu/openmpi/nodebug/nothreads/mct/finclude -I/usr/local/netcdf/include -I/output/PA-SLZ.siterun.fates.docker.I2000Clm50BgcCrop.Cd08b750-F5534a94.2021-04-28_14-29-11/bld/gnu/openmpi/nodebug/nothreads/mct/include   conftest.c  >&5
configure:2426: $? = 0
configure:2474: result: yes
configure:2477: checking for C compiler default output file name
configure:2479: result: a.out
configure:2485: checking for suffix of executables
configure:2492: mpicc   -o conftest -std=gnu99   -O   -Dlinux  -DCESMCOUPLED   -DFORTRANUNDERSCORE -DNO_R16 -DCPRGNU -DNDEBUG -DHAVE_MPI -DMCT_INTERFACE -DPIO1 -DATM_PRESENT -DICE_PRESENT -DLND_PRESENT -DOCN_PRESENT -DROF_PRESENT -DGLC_PRESENT -DWAV_PRESENT -DESP_PRESENT -DMED_PRESENT -I.. -I. -I/output/PA-SLZ.siterun.fates.docker.I2000Clm50BgcCrop.Cd08b750-F5534a94.2021-04-28_14-29-11/bld/gnu/openmpi/nodebug/nothreads/mct/include -I/output/PA-SLZ.siterun.fates.docker.I2000Clm50BgcCrop.Cd08b750-F5534a94.2021-04-28_14-29-11/bld/gnu/openmpi/nodebug/nothreads/mct/mct/noesmf/c1a1l1i1o1r1g1w1i1e1/include -I/output/PA-SLZ.siterun.fates.docker.I2000Clm50BgcCrop.Cd08b750-F5534a94.2021-04-28_14-29-11/bld/gnu/openmpi/nodebug/nothreads/mct/finclude -I/usr/local/netcdf/include -I/output/PA-SLZ.siterun.fates.docker.I2000Clm50BgcCrop.Cd08b750-F5534a94.2021-04-28_14-29-11/bld/gnu/openmpi/nodebug/nothreads/mct/include   conftest.c  >&5
configure:2496: $? = 0
configure:2518: result: 
configure:2540: checking whether we are cross compiling
configure:2548: mpicc   -o conftest -std=gnu99   -O   -Dlinux  -DCESMCOUPLED   -DFORTRANUNDERSCORE -DNO_R16 -DCPRGNU -DNDEBUG -DHAVE_MPI -DMCT_INTERFACE -DPIO1 -DATM_PRESENT -DICE_PRESENT -DLND_PRESENT -DOCN_PRESENT -DROF_PRESENT -DGLC_PRESENT -DWAV_PRESENT -DESP_PRESENT -DMED_PRESENT -I.. -I. -I/output/PA-SLZ.siterun.fates.docker.I2000Clm50BgcCrop.Cd08b750-F5534a94.2021-04-28_14-29-11/bld/gnu/openmpi/nodebug/nothreads/mct/include -I/output/PA-SLZ.siterun.fates.docker.I2000Clm50BgcCrop.Cd08b750-F5534a94.2021-04-28_14-29-11/bld/gnu/openmpi/nodebug/nothreads/mct/mct/noesmf/c1a1l1i1o1r1g1w1i1e1/include -I/output/PA-SLZ.siterun.fates.docker.I2000Clm50BgcCrop.Cd08b750-F5534a94.2021-04-28_14-29-11/bld/gnu/openmpi/nodebug/nothreads/mct/finclude -I/usr/local/netcdf/include -I/output/PA-SLZ.siterun.fates.docker.I2000Clm50BgcCrop.Cd08b750-F5534a94.2021-04-28_14-29-11/bld/gnu/openmpi/nodebug/nothreads/mct/include   conftest.c  >&5
configure:2552: $? = 0
configure:2559: ./conftest
configure:2563: $? = 0
configure:2578: result: no
configure:2583: checking for suffix of object files
configure:2605: mpicc   -c -std=gnu99   -O   -Dlinux  -DCESMCOUPLED   -DFORTRANUNDERSCORE -DNO_R16 -DCPRGNU -DNDEBUG -DHAVE_MPI -DMCT_INTERFACE -DPIO1 -DATM_PRESENT -DICE_PRESENT -DLND_PRESENT -DOCN_PRESENT -DROF_PRESENT -DGLC_PRESENT -DWAV_PRESENT -DESP_PRESENT -DMED_PRESENT -I.. -I. -I/output/PA-SLZ.siterun.fates.docker.I2000Clm50BgcCrop.Cd08b750-F5534a94.2021-04-28_14-29-11/bld/gnu/openmpi/nodebug/nothreads/mct/include -I/output/PA-SLZ.siterun.fates.docker.I2000Clm50BgcCrop.Cd08b750-F5534a94.2021-04-28_14-29-11/bld/gnu/openmpi/nodebug/nothreads/mct/mct/noesmf/c1a1l1i1o1r1g1w1i1e1/include -I/output/PA-SLZ.siterun.fates.docker.I2000Clm50BgcCrop.Cd08b750-F5534a94.2021-04-28_14-29-11/bld/gnu/openmpi/nodebug/nothreads/mct/finclude -I/usr/local/netcdf/include -I/output/PA-SLZ.siterun.fates.docker.I2000Clm50BgcCrop.Cd08b750-F5534a94.2021-04-28_14-29-11/bld/gnu/openmpi/nodebug/nothreads/mct/include  conftest.c >&5
configure:2609: $? = 0
configure:2630: result: o
configure:2634: checking whether we are using the GNU C compiler
configure:2653: mpicc   -c -std=gnu99   -O   -Dlinux  -DCESMCOUPLED   -DFORTRANUNDERSCORE -DNO_R16 -DCPRGNU -DNDEBUG -DHAVE_MPI -DMCT_INTERFACE -DPIO1 -DATM_PRESENT -DICE_PRESENT -DLND_PRESENT -DOCN_PRESENT -DROF_PRESENT -DGLC_PRESENT -DWAV_PRESENT -DESP_PRESENT -DMED_PRESENT -I.. -I. -I/output/PA-SLZ.siterun.fates.docker.I2000Clm50BgcCrop.Cd08b750-F5534a94.2021-04-28_14-29-11/bld/gnu/openmpi/nodebug/nothreads/mct/include -I/output/PA-SLZ.siterun.fates.docker.I2000Clm50BgcCrop.Cd08b750-F5534a94.2021-04-28_14-29-11/bld/gnu/openmpi/nodebug/nothreads/mct/mct/noesmf/c1a1l1i1o1r1g1w1i1e1/include -I/output/PA-SLZ.siterun.fates.docker.I2000Clm50BgcCrop.Cd08b750-F5534a94.2021-04-28_14-29-11/bld/gnu/openmpi/nodebug/nothreads/mct/finclude -I/usr/local/netcdf/include -I/output/PA-SLZ.siterun.fates.docker.I2000Clm50BgcCrop.Cd08b750-F5534a94.2021-04-28_14-29-11/bld/gnu/openmpi/nodebug/nothreads/mct/include  conftest.c >&5
configure:2653: $? = 0
configure:2662: result: yes
configure:2671: checking whether mpicc   accepts -g
configure:2691: mpicc   -c -g  conftest.c >&5
configure:2691: $? = 0
configure:2732: result: yes
configure:2749: checking for mpicc   option to accept ISO C89
configure:2812: mpicc    -c -std=gnu99   -O   -Dlinux  -DCESMCOUPLED   -DFORTRANUNDERSCORE -DNO_R16 -DCPRGNU -DNDEBUG -DHAVE_MPI -DMCT_INTERFACE -DPIO1 -DATM_PRESENT -DICE_PRESENT -DLND_PRESENT -DOCN_PRESENT -DROF_PRESENT -DGLC_PRESENT -DWAV_PRESENT -DESP_PRESENT -DMED_PRESENT -I.. -I. -I/output/PA-SLZ.siterun.fates.docker.I2000Clm50BgcCrop.Cd08b750-F5534a94.2021-04-28_14-29-11/bld/gnu/openmpi/nodebug/nothreads/mct/include -I/output/PA-SLZ.siterun.fates.docker.I2000Clm50BgcCrop.Cd08b750-F5534a94.2021-04-28_14-29-11/bld/gnu/openmpi/nodebug/nothreads/mct/mct/noesmf/c1a1l1i1o1r1g1w1i1e1/include -I/output/PA-SLZ.siterun.fates.docker.I2000Clm50BgcCrop.Cd08b750-F5534a94.2021-04-28_14-29-11/bld/gnu/openmpi/nodebug/nothreads/mct/finclude -I/usr/local/netcdf/include -I/output/PA-SLZ.siterun.fates.docker.I2000Clm50BgcCrop.Cd08b750-F5534a94.2021-04-28_14-29-11/bld/gnu/openmpi/nodebug/nothreads/mct/include  conftest.c >&5
configure:2812: $? = 0
configure:2825: result: none needed
configure:2853: checking how to run the C preprocessor
configure:2884: mpicc   -E  conftest.c
configure:2884: $? = 0
configure:2898: mpicc   -E  conftest.c
conftest.c:9:28: fatal error: ac_nonexistent.h: No such file or directory
 #include <ac_nonexistent.h>
                            ^
compilation terminated.
configure:2898: $? = 1
configure: failed program was:
| /* confdefs.h */
| #define PACKAGE_NAME "MCT"
| #define PACKAGE_TARNAME "mct"
| #define PACKAGE_VERSION "2.8"
| #define PACKAGE_STRING "MCT 2.8"
| #define PACKAGE_BUGREPORT ""
| #define PACKAGE_URL ""
| /* end confdefs.h.  */
| #include <ac_nonexistent.h>
configure:2923: result: mpicc   -E
configure:2943: mpicc   -E  conftest.c
configure:2943: $? = 0
configure:2957: mpicc   -E  conftest.c
conftest.c:9:28: fatal error: ac_nonexistent.h: No such file or directory
 #include <ac_nonexistent.h>
                            ^
compilation terminated.
configure:2957: $? = 1
configure: failed program was:
| /* confdefs.h */
| #define PACKAGE_NAME "MCT"
| #define PACKAGE_TARNAME "mct"
| #define PACKAGE_VERSION "2.8"
| #define PACKAGE_STRING "MCT 2.8"
| #define PACKAGE_BUGREPORT ""
| #define PACKAGE_URL ""
| /* end confdefs.h.  */
| #include <ac_nonexistent.h>
configure:2986: checking for grep that handles long lines and -e
configure:3044: result: /bin/grep
configure:3049: checking for egrep
configure:3111: result: /bin/grep -E
configure:3116: checking for ANSI C header files
configure:3136: mpicc   -c -std=gnu99   -O   -Dlinux  -DCESMCOUPLED   -DFORTRANUNDERSCORE -DNO_R16 -DCPRGNU -DNDEBUG -DHAVE_MPI -DMCT_INTERFACE -DPIO1 -DATM_PRESENT -DICE_PRESENT -DLND_PRESENT -DOCN_PRESENT -DROF_PRESENT -DGLC_PRESENT -DWAV_PRESENT -DESP_PRESENT -DMED_PRESENT -I.. -I. -I/output/PA-SLZ.siterun.fates.docker.I2000Clm50BgcCrop.Cd08b750-F5534a94.2021-04-28_14-29-11/bld/gnu/openmpi/nodebug/nothreads/mct/include -I/output/PA-SLZ.siterun.fates.docker.I2000Clm50BgcCrop.Cd08b750-F5534a94.2021-04-28_14-29-11/bld/gnu/openmpi/nodebug/nothreads/mct/mct/noesmf/c1a1l1i1o1r1g1w1i1e1/include -I/output/PA-SLZ.siterun.fates.docker.I2000Clm50BgcCrop.Cd08b750-F5534a94.2021-04-28_14-29-11/bld/gnu/openmpi/nodebug/nothreads/mct/finclude -I/usr/local/netcdf/include -I/output/PA-SLZ.siterun.fates.docker.I2000Clm50BgcCrop.Cd08b750-F5534a94.2021-04-28_14-29-11/bld/gnu/openmpi/nodebug/nothreads/mct/include  conftest.c >&5
configure:3136: $? = 0
configure:3209: mpicc   -o conftest -std=gnu99   -O   -Dlinux  -DCESMCOUPLED   -DFORTRANUNDERSCORE -DNO_R16 -DCPRGNU -DNDEBUG -DHAVE_MPI -DMCT_INTERFACE -DPIO1 -DATM_PRESENT -DICE_PRESENT -DLND_PRESENT -DOCN_PRESENT -DROF_PRESENT -DGLC_PRESENT -DWAV_PRESENT -DESP_PRESENT -DMED_PRESENT -I.. -I. -I/output/PA-SLZ.siterun.fates.docker.I2000Clm50BgcCrop.Cd08b750-F5534a94.2021-04-28_14-29-11/bld/gnu/openmpi/nodebug/nothreads/mct/include -I/output/PA-SLZ.siterun.fates.docker.I2000Clm50BgcCrop.Cd08b750-F5534a94.2021-04-28_14-29-11/bld/gnu/openmpi/nodebug/nothreads/mct/mct/noesmf/c1a1l1i1o1r1g1w1i1e1/include -I/output/PA-SLZ.siterun.fates.docker.I2000Clm50BgcCrop.Cd08b750-F5534a94.2021-04-28_14-29-11/bld/gnu/openmpi/nodebug/nothreads/mct/finclude -I/usr/local/netcdf/include -I/output/PA-SLZ.siterun.fates.docker.I2000Clm50BgcCrop.Cd08b750-F5534a94.2021-04-28_14-29-11/bld/gnu/openmpi/nodebug/nothreads/mct/include   conftest.c  >&5
configure:3209: $? = 0
configure:3209: ./conftest
configure:3209: $? = 0
configure:3220: result: yes
configure:3233: checking for sys/types.h
configure:3233: mpicc   -c -std=gnu99   -O   -Dlinux  -DCESMCOUPLED   -DFORTRANUNDERSCORE -DNO_R16 -DCPRGNU -DNDEBUG -DHAVE_MPI -DMCT_INTERFACE -DPIO1 -DATM_PRESENT -DICE_PRESENT -DLND_PRESENT -DOCN_PRESENT -DROF_PRESENT -DGLC_PRESENT -DWAV_PRESENT -DESP_PRESENT -DMED_PRESENT -I.. -I. -I/output/PA-SLZ.siterun.fates.docker.I2000Clm50BgcCrop.Cd08b750-F5534a94.2021-04-28_14-29-11/bld/gnu/openmpi/nodebug/nothreads/mct/include -I/output/PA-SLZ.siterun.fates.docker.I2000Clm50BgcCrop.Cd08b750-F5534a94.2021-04-28_14-29-11/bld/gnu/openmpi/nodebug/nothreads/mct/mct/noesmf/c1a1l1i1o1r1g1w1i1e1/include -I/output/PA-SLZ.siterun.fates.docker.I2000Clm50BgcCrop.Cd08b750-F5534a94.2021-04-28_14-29-11/bld/gnu/openmpi/nodebug/nothreads/mct/finclude -I/usr/local/netcdf/include -I/output/PA-SLZ.siterun.fates.docker.I2000Clm50BgcCrop.Cd08b750-F5534a94.2021-04-28_14-29-11/bld/gnu/openmpi/nodebug/nothreads/mct/include  conftest.c >&5
configure:3233: $? = 0
configure:3233: result: yes
configure:3233: checking for sys/stat.h
configure:3233: mpicc   -c -std=gnu99   -O   -Dlinux  -DCESMCOUPLED   -DFORTRANUNDERSCORE -DNO_R16 -DCPRGNU -DNDEBUG -DHAVE_MPI -DMCT_INTERFACE -DPIO1 -DATM_PRESENT -DICE_PRESENT -DLND_PRESENT -DOCN_PRESENT -DROF_PRESENT -DGLC_PRESENT -DWAV_PRESENT -DESP_PRESENT -DMED_PRESENT -I.. -I. -I/output/PA-SLZ.siterun.fates.docker.I2000Clm50BgcCrop.Cd08b750-F5534a94.2021-04-28_14-29-11/bld/gnu/openmpi/nodebug/nothreads/mct/include -I/output/PA-SLZ.siterun.fates.docker.I2000Clm50BgcCrop.Cd08b750-F5534a94.2021-04-28_14-29-11/bld/gnu/openmpi/nodebug/nothreads/mct/mct/noesmf/c1a1l1i1o1r1g1w1i1e1/include -I/output/PA-SLZ.siterun.fates.docker.I2000Clm50BgcCrop.Cd08b750-F5534a94.2021-04-28_14-29-11/bld/gnu/openmpi/nodebug/nothreads/mct/finclude -I/usr/local/netcdf/include -I/output/PA-SLZ.siterun.fates.docker.I2000Clm50BgcCrop.Cd08b750-F5534a94.2021-04-28_14-29-11/bld/gnu/openmpi/nodebug/nothreads/mct/include  conftest.c >&5
configure:3233: $? = 0
configure:3233: result: yes
configure:3233: checking for stdlib.h
configure:3233: mpicc   -c -std=gnu99   -O   -Dlinux  -DCESMCOUPLED   -DFORTRANUNDERSCORE -DNO_R16 -DCPRGNU -DNDEBUG -DHAVE_MPI -DMCT_INTERFACE -DPIO1 -DATM_PRESENT -DICE_PRESENT -DLND_PRESENT -DOCN_PRESENT -DROF_PRESENT -DGLC_PRESENT -DWAV_PRESENT -DESP_PRESENT -DMED_PRESENT -I.. -I. -I/output/PA-SLZ.siterun.fates.docker.I2000Clm50BgcCrop.Cd08b750-F5534a94.2021-04-28_14-29-11/bld/gnu/openmpi/nodebug/nothreads/mct/include -I/output/PA-SLZ.siterun.fates.docker.I2000Clm50BgcCrop.Cd08b750-F5534a94.2021-04-28_14-29-11/bld/gnu/openmpi/nodebug/nothreads/mct/mct/noesmf/c1a1l1i1o1r1g1w1i1e1/include -I/output/PA-SLZ.siterun.fates.docker.I2000Clm50BgcCrop.Cd08b750-F5534a94.2021-04-28_14-29-11/bld/gnu/openmpi/nodebug/nothreads/mct/finclude -I/usr/local/netcdf/include -I/output/PA-SLZ.siterun.fates.docker.I2000Clm50BgcCrop.Cd08b750-F5534a94.2021-04-28_14-29-11/bld/gnu/openmpi/nodebug/nothreads/mct/include  conftest.c >&5
configure:3233: $? = 0
configure:3233: result: yes
configure:3233: checking for string.h
configure:3233: mpicc   -c -std=gnu99   -O   -Dlinux  -DCESMCOUPLED   -DFORTRANUNDERSCORE -DNO_R16 -DCPRGNU -DNDEBUG -DHAVE_MPI -DMCT_INTERFACE -DPIO1 -DATM_PRESENT -DICE_PRESENT -DLND_PRESENT -DOCN_PRESENT -DROF_PRESENT -DGLC_PRESENT -DWAV_PRESENT -DESP_PRESENT -DMED_PRESENT -I.. -I. -I/output/PA-SLZ.siterun.fates.docker.I2000Clm50BgcCrop.Cd08b750-F5534a94.2021-04-28_14-29-11/bld/gnu/openmpi/nodebug/nothreads/mct/include -I/output/PA-SLZ.siterun.fates.docker.I2000Clm50BgcCrop.Cd08b750-F5534a94.2021-04-28_14-29-11/bld/gnu/openmpi/nodebug/nothreads/mct/mct/noesmf/c1a1l1i1o1r1g1w1i1e1/include -I/output/PA-SLZ.siterun.fates.docker.I2000Clm50BgcCrop.Cd08b750-F5534a94.2021-04-28_14-29-11/bld/gnu/openmpi/nodebug/nothreads/mct/finclude -I/usr/local/netcdf/include -I/output/PA-SLZ.siterun.fates.docker.I2000Clm50BgcCrop.Cd08b750-F5534a94.2021-04-28_14-29-11/bld/gnu/openmpi/nodebug/nothreads/mct/include  conftest.c >&5
configure:3233: $? = 0
configure:3233: result: yes
configure:3233: checking for memory.h
configure:3233: mpicc   -c -std=gnu99   -O   -Dlinux  -DCESMCOUPLED   -DFORTRANUNDERSCORE -DNO_R16 -DCPRGNU -DNDEBUG -DHAVE_MPI -DMCT_INTERFACE -DPIO1 -DATM_PRESENT -DICE_PRESENT -DLND_PRESENT -DOCN_PRESENT -DROF_PRESENT -DGLC_PRESENT -DWAV_PRESENT -DESP_PRESENT -DMED_PRESENT -I.. -I. -I/output/PA-SLZ.siterun.fates.docker.I2000Clm50BgcCrop.Cd08b750-F5534a94.2021-04-28_14-29-11/bld/gnu/openmpi/nodebug/nothreads/mct/include -I/output/PA-SLZ.siterun.fates.docker.I2000Clm50BgcCrop.Cd08b750-F5534a94.2021-04-28_14-29-11/bld/gnu/openmpi/nodebug/nothreads/mct/mct/noesmf/c1a1l1i1o1r1g1w1i1e1/include -I/output/PA-SLZ.siterun.fates.docker.I2000Clm50BgcCrop.Cd08b750-F5534a94.2021-04-28_14-29-11/bld/gnu/openmpi/nodebug/nothreads/mct/finclude -I/usr/local/netcdf/include -I/output/PA-SLZ.siterun.fates.docker.I2000Clm50BgcCrop.Cd08b750-F5534a94.2021-04-28_14-29-11/bld/gnu/openmpi/nodebug/nothreads/mct/include  conftest.c >&5
configure:3233: $? = 0
configure:3233: result: yes
configure:3233: checking for strings.h
configure:3233: mpicc   -c -std=gnu99   -O   -Dlinux  -DCESMCOUPLED   -DFORTRANUNDERSCORE -DNO_R16 -DCPRGNU -DNDEBUG -DHAVE_MPI -DMCT_INTERFACE -DPIO1 -DATM_PRESENT -DICE_PRESENT -DLND_PRESENT -DOCN_PRESENT -DROF_PRESENT -DGLC_PRESENT -DWAV_PRESENT -DESP_PRESENT -DMED_PRESENT -I.. -I. -I/output/PA-SLZ.siterun.fates.docker.I2000Clm50BgcCrop.Cd08b750-F5534a94.2021-04-28_14-29-11/bld/gnu/openmpi/nodebug/nothreads/mct/include -I/output/PA-SLZ.siterun.fates.docker.I2000Clm50BgcCrop.Cd08b750-F5534a94.2021-04-28_14-29-11/bld/gnu/openmpi/nodebug/nothreads/mct/mct/noesmf/c1a1l1i1o1r1g1w1i1e1/include -I/output/PA-SLZ.siterun.fates.docker.I2000Clm50BgcCrop.Cd08b750-F5534a94.2021-04-28_14-29-11/bld/gnu/openmpi/nodebug/nothreads/mct/finclude -I/usr/local/netcdf/include -I/output/PA-SLZ.siterun.fates.docker.I2000Clm50BgcCrop.Cd08b750-F5534a94.2021-04-28_14-29-11/bld/gnu/openmpi/nodebug/nothreads/mct/include  conftest.c >&5
configure:3233: $? = 0
configure:3233: result: yes
configure:3233: checking for inttypes.h
configure:3233: mpicc   -c -std=gnu99   -O   -Dlinux  -DCESMCOUPLED   -DFORTRANUNDERSCORE -DNO_R16 -DCPRGNU -DNDEBUG -DHAVE_MPI -DMCT_INTERFACE -DPIO1 -DATM_PRESENT -DICE_PRESENT -DLND_PRESENT -DOCN_PRESENT -DROF_PRESENT -DGLC_PRESENT -DWAV_PRESENT -DESP_PRESENT -DMED_PRESENT -I.. -I. -I/output/PA-SLZ.siterun.fates.docker.I2000Clm50BgcCrop.Cd08b750-F5534a94.2021-04-28_14-29-11/bld/gnu/openmpi/nodebug/nothreads/mct/include -I/output/PA-SLZ.siterun.fates.docker.I2000Clm50BgcCrop.Cd08b750-F5534a94.2021-04-28_14-29-11/bld/gnu/openmpi/nodebug/nothreads/mct/mct/noesmf/c1a1l1i1o1r1g1w1i1e1/include -I/output/PA-SLZ.siterun.fates.docker.I2000Clm50BgcCrop.Cd08b750-F5534a94.2021-04-28_14-29-11/bld/gnu/openmpi/nodebug/nothreads/mct/finclude -I/usr/local/netcdf/include -I/output/PA-SLZ.siterun.fates.docker.I2000Clm50BgcCrop.Cd08b750-F5534a94.2021-04-28_14-29-11/bld/gnu/openmpi/nodebug/nothreads/mct/include  conftest.c >&5
configure:3233: $? = 0
configure:3233: result: yes
configure:3233: checking for stdint.h
configure:3233: mpicc   -c -std=gnu99   -O   -Dlinux  -DCESMCOUPLED   -DFORTRANUNDERSCORE -DNO_R16 -DCPRGNU -DNDEBUG -DHAVE_MPI -DMCT_INTERFACE -DPIO1 -DATM_PRESENT -DICE_PRESENT -DLND_PRESENT -DOCN_PRESENT -DROF_PRESENT -DGLC_PRESENT -DWAV_PRESENT -DESP_PRESENT -DMED_PRESENT -I.. -I. -I/output/PA-SLZ.siterun.fates.docker.I2000Clm50BgcCrop.Cd08b750-F5534a94.2021-04-28_14-29-11/bld/gnu/openmpi/nodebug/nothreads/mct/include -I/output/PA-SLZ.siterun.fates.docker.I2000Clm50BgcCrop.Cd08b750-F5534a94.2021-04-28_14-29-11/bld/gnu/openmpi/nodebug/nothreads/mct/mct/noesmf/c1a1l1i1o1r1g1w1i1e1/include -I/output/PA-SLZ.siterun.fates.docker.I2000Clm50BgcCrop.Cd08b750-F5534a94.2021-04-28_14-29-11/bld/gnu/openmpi/nodebug/nothreads/mct/finclude -I/usr/local/netcdf/include -I/output/PA-SLZ.siterun.fates.docker.I2000Clm50BgcCrop.Cd08b750-F5534a94.2021-04-28_14-29-11/bld/gnu/openmpi/nodebug/nothreads/mct/include  conftest.c >&5
configure:3233: $? = 0
configure:3233: result: yes
configure:3233: checking for unistd.h
configure:3233: mpicc   -c -std=gnu99   -O   -Dlinux  -DCESMCOUPLED   -DFORTRANUNDERSCORE -DNO_R16 -DCPRGNU -DNDEBUG -DHAVE_MPI -DMCT_INTERFACE -DPIO1 -DATM_PRESENT -DICE_PRESENT -DLND_PRESENT -DOCN_PRESENT -DROF_PRESENT -DGLC_PRESENT -DWAV_PRESENT -DESP_PRESENT -DMED_PRESENT -I.. -I. -I/output/PA-SLZ.siterun.fates.docker.I2000Clm50BgcCrop.Cd08b750-F5534a94.2021-04-28_14-29-11/bld/gnu/openmpi/nodebug/nothreads/mct/include -I/output/PA-SLZ.siterun.fates.docker.I2000Clm50BgcCrop.Cd08b750-F5534a94.2021-04-28_14-29-11/bld/gnu/openmpi/nodebug/nothreads/mct/mct/noesmf/c1a1l1i1o1r1g1w1i1e1/include -I/output/PA-SLZ.siterun.fates.docker.I2000Clm50BgcCrop.Cd08b750-F5534a94.2021-04-28_14-29-11/bld/gnu/openmpi/nodebug/nothreads/mct/finclude -I/usr/local/netcdf/include -I/output/PA-SLZ.siterun.fates.docker.I2000Clm50BgcCrop.Cd08b750-F5534a94.2021-04-28_14-29-11/bld/gnu/openmpi/nodebug/nothreads/mct/include  conftest.c >&5
configure:3233: $? = 0
configure:3233: result: yes
configure:3245: checking whether byte ordering is bigendian
configure:3260: mpicc   -c -std=gnu99   -O   -Dlinux  -DCESMCOUPLED   -DFORTRANUNDERSCORE -DNO_R16 -DCPRGNU -DNDEBUG -DHAVE_MPI -DMCT_INTERFACE -DPIO1 -DATM_PRESENT -DICE_PRESENT -DLND_PRESENT -DOCN_PRESENT -DROF_PRESENT -DGLC_PRESENT -DWAV_PRESENT -DESP_PRESENT -DMED_PRESENT -I.. -I. -I/output/PA-SLZ.siterun.fates.docker.I2000Clm50BgcCrop.Cd08b750-F5534a94.2021-04-28_14-29-11/bld/gnu/openmpi/nodebug/nothreads/mct/include -I/output/PA-SLZ.siterun.fates.docker.I2000Clm50BgcCrop.Cd08b750-F5534a94.2021-04-28_14-29-11/bld/gnu/openmpi/nodebug/nothreads/mct/mct/noesmf/c1a1l1i1o1r1g1w1i1e1/include -I/output/PA-SLZ.siterun.fates.docker.I2000Clm50BgcCrop.Cd08b750-F5534a94.2021-04-28_14-29-11/bld/gnu/openmpi/nodebug/nothreads/mct/finclude -I/usr/local/netcdf/include -I/output/PA-SLZ.siterun.fates.docker.I2000Clm50BgcCrop.Cd08b750-F5534a94.2021-04-28_14-29-11/bld/gnu/openmpi/nodebug/nothreads/mct/include  conftest.c >&5
conftest.c:20:9: error: unknown type name 'not'
         not a universal capable compiler
         ^~~
conftest.c:20:15: error: expected '=', ',', ';', 'asm' or '__attribute__' before 'universal'
         not a universal capable compiler
               ^~~~~~~~~
conftest.c:20:15: error: unknown type name 'universal'
configure:3260: $? = 1
configure: failed program was:
| /* confdefs.h */
| #define PACKAGE_NAME "MCT"
| #define PACKAGE_TARNAME "mct"
| #define PACKAGE_VERSION "2.8"
| #define PACKAGE_STRING "MCT 2.8"
| #define PACKAGE_BUGREPORT ""
| #define PACKAGE_URL ""
| #define STDC_HEADERS 1
| #define HAVE_SYS_TYPES_H 1
| #define HAVE_SYS_STAT_H 1
| #define HAVE_STDLIB_H 1
| #define HAVE_STRING_H 1
| #define HAVE_MEMORY_H 1
| #define HAVE_STRINGS_H 1
| #define HAVE_INTTYPES_H 1
| #define HAVE_STDINT_H 1
| #define HAVE_UNISTD_H 1
| /* end confdefs.h.  */
| #ifndef __APPLE_CC__
| 	       not a universal capable compiler
| 	     #endif
| 	     typedef int dummy;
| 
configure:3305: mpicc   -c -std=gnu99   -O   -Dlinux  -DCESMCOUPLED   -DFORTRANUNDERSCORE -DNO_R16 -DCPRGNU -DNDEBUG -DHAVE_MPI -DMCT_INTERFACE -DPIO1 -DATM_PRESENT -DICE_PRESENT -DLND_PRESENT -DOCN_PRESENT -DROF_PRESENT -DGLC_PRESENT -DWAV_PRESENT -DESP_PRESENT -DMED_PRESENT -I.. -I. -I/output/PA-SLZ.siterun.fates.docker.I2000Clm50BgcCrop.Cd08b750-F5534a94.2021-04-28_14-29-11/bld/gnu/openmpi/nodebug/nothreads/mct/include -I/output/PA-SLZ.siterun.fates.docker.I2000Clm50BgcCrop.Cd08b750-F5534a94.2021-04-28_14-29-11/bld/gnu/openmpi/nodebug/nothreads/mct/mct/noesmf/c1a1l1i1o1r1g1w1i1e1/include -I/output/PA-SLZ.siterun.fates.docker.I2000Clm50BgcCrop.Cd08b750-F5534a94.2021-04-28_14-29-11/bld/gnu/openmpi/nodebug/nothreads/mct/finclude -I/usr/local/netcdf/include -I/output/PA-SLZ.siterun.fates.docker.I2000Clm50BgcCrop.Cd08b750-F5534a94.2021-04-28_14-29-11/bld/gnu/openmpi/nodebug/nothreads/mct/include  conftest.c >&5
configure:3305: $? = 0
configure:3323: mpicc   -c -std=gnu99   -O   -Dlinux  -DCESMCOUPLED   -DFORTRANUNDERSCORE -DNO_R16 -DCPRGNU -DNDEBUG -DHAVE_MPI -DMCT_INTERFACE -DPIO1 -DATM_PRESENT -DICE_PRESENT -DLND_PRESENT -DOCN_PRESENT -DROF_PRESENT -DGLC_PRESENT -DWAV_PRESENT -DESP_PRESENT -DMED_PRESENT -I.. -I. -I/output/PA-SLZ.siterun.fates.docker.I2000Clm50BgcCrop.Cd08b750-F5534a94.2021-04-28_14-29-11/bld/gnu/openmpi/nodebug/nothreads/mct/include -I/output/PA-SLZ.siterun.fates.docker.I2000Clm50BgcCrop.Cd08b750-F5534a94.2021-04-28_14-29-11/bld/gnu/openmpi/nodebug/nothreads/mct/mct/noesmf/c1a1l1i1o1r1g1w1i1e1/include -I/output/PA-SLZ.siterun.fates.docker.I2000Clm50BgcCrop.Cd08b750-F5534a94.2021-04-28_14-29-11/bld/gnu/openmpi/nodebug/nothreads/mct/finclude -I/usr/local/netcdf/include -I/output/PA-SLZ.siterun.fates.docker.I2000Clm50BgcCrop.Cd08b750-F5534a94.2021-04-28_14-29-11/bld/gnu/openmpi/nodebug/nothreads/mct/include  conftest.c >&5
conftest.c: In function 'main':
conftest.c:26:4: error: unknown type name 'not'
    not big endian
    ^~~
conftest.c:26:12: error: expected '=', ',', ';', 'asm' or '__attribute__' before 'endian'
    not big endian
            ^~~~~~
configure:3323: $? = 1
configure: failed program was:
| /* confdefs.h */
| #define PACKAGE_NAME "MCT"
| #define PACKAGE_TARNAME "mct"
| #define PACKAGE_VERSION "2.8"
| #define PACKAGE_STRING "MCT 2.8"
| #define PACKAGE_BUGREPORT ""
| #define PACKAGE_URL ""
| #define STDC_HEADERS 1
| #define HAVE_SYS_TYPES_H 1
| #define HAVE_SYS_STAT_H 1
| #define HAVE_STDLIB_H 1
| #define HAVE_STRING_H 1
| #define HAVE_MEMORY_H 1
| #define HAVE_STRINGS_H 1
| #define HAVE_INTTYPES_H 1
| #define HAVE_STDINT_H 1
| #define HAVE_UNISTD_H 1
| /* end confdefs.h.  */
| #include <sys/types.h>
| 		#include <sys/param.h>
| 
| int
| main ()
| {
| #if BYTE_ORDER != BIG_ENDIAN
| 		 not big endian
| 		#endif
| 
|   ;
|   return 0;
| }
configure:3451: result: no
configure:3578: checking for Fortran compiler version
configure:3587: mpif90  --version >&5
GNU Fortran (GCC) 6.5.0
Copyright (C) 2017 Free Software Foundation, Inc.
This is free software; see the source for copying conditions.  There is NO
warranty; not even for MERCHANTABILITY or FITNESS FOR A PARTICULAR PURPOSE.

configure:3598: $? = 0
configure:3587: mpif90  -v >&5
Using built-in specs.
COLLECT_GCC=/usr/local/bin/gfortran
COLLECT_LTO_WRAPPER=/usr/local/libexec/gcc/x86_64-linux-gnu/6.5.0/lto-wrapper
Target: x86_64-linux-gnu
Configured with: /usr/src/gcc/configure --build=x86_64-linux-gnu --disable-multilib --enable-languages=c,c++,fortran,go
Thread model: posix
gcc version 6.5.0 (GCC) 
configure:3598: $? = 0
configure:3587: mpif90  -V >&5
gfortran: error: unrecognized command line option '-V'
gfortran: fatal error: no input files
compilation terminated.
configure:3598: $? = 1
configure:3587: mpif90  -qversion >&5
gfortran: error: unrecognized command line option '-qversion'; did you mean '--version'?
gfortran: fatal error: no input files
compilation terminated.
configure:3598: $? = 1
configure:3607: checking whether we are using the GNU Fortran compiler
configure:3620: mpif90  -c -fconvert=big-endian -ffree-line-length-none -ffixed-line-length-none   -O    -ffree-form  -I. -I/output/PA-SLZ.siterun.fates.docker.I2000Clm50BgcCrop.Cd08b750-F5534a94.2021-04-28_14-29-11/bld/gnu/openmpi/nodebug/nothreads/mct/include -I/output/PA-SLZ.siterun.fates.docker.I2000Clm50BgcCrop.Cd08b750-F5534a94.2021-04-28_14-29-11/bld/gnu/openmpi/nodebug/nothreads/mct/mct/noesmf/c1a1l1i1o1r1g1w1i1e1/include -I/output/PA-SLZ.siterun.fates.docker.I2000Clm50BgcCrop.Cd08b750-F5534a94.2021-04-28_14-29-11/bld/gnu/openmpi/nodebug/nothreads/mct/finclude -I/usr/local/netcdf/include -I/output/PA-SLZ.siterun.fates.docker.I2000Clm50BgcCrop.Cd08b750-F5534a94.2021-04-28_14-29-11/bld/gnu/openmpi/nodebug/nothreads/mct/include  conftest.F >&5
f951: Warning: Nonexistent include directory '/output/PA-SLZ.siterun.fates.docker.I2000Clm50BgcCrop.Cd08b750-F5534a94.2021-04-28_14-29-11/bld/gnu/openmpi/nodebug/nothreads/mct/mct/noesmf/c1a1l1i1o1r1g1w1i1e1/include' [-Wmissing-include-dirs]
f951: Warning: Nonexistent include directory '/output/PA-SLZ.siterun.fates.docker.I2000Clm50BgcCrop.Cd08b750-F5534a94.2021-04-28_14-29-11/bld/gnu/openmpi/nodebug/nothreads/mct/finclude' [-Wmissing-include-dirs]
configure:3620: $? = 0
configure:3629: result: yes
configure:3635: checking whether mpif90  accepts -g
configure:3646: mpif90  -c -g  conftest.f >&5
configure:3646: $? = 0
configure:3654: result: yes
configure:3696: checking for Fortran flag to compile .F90 files
configure:3716: mpif90  -c -fconvert=big-endian -ffree-line-length-none -ffixed-line-length-none   -O    -ffree-form  -I. -I/output/PA-SLZ.siterun.fates.docker.I2000Clm50BgcCrop.Cd08b750-F5534a94.2021-04-28_14-29-11/bld/gnu/openmpi/nodebug/nothreads/mct/include -I/output/PA-SLZ.siterun.fates.docker.I2000Clm50BgcCrop.Cd08b750-F5534a94.2021-04-28_14-29-11/bld/gnu/openmpi/nodebug/nothreads/mct/mct/noesmf/c1a1l1i1o1r1g1w1i1e1/include -I/output/PA-SLZ.siterun.fates.docker.I2000Clm50BgcCrop.Cd08b750-F5534a94.2021-04-28_14-29-11/bld/gnu/openmpi/nodebug/nothreads/mct/finclude -I/usr/local/netcdf/include -I/output/PA-SLZ.siterun.fates.docker.I2000Clm50BgcCrop.Cd08b750-F5534a94.2021-04-28_14-29-11/bld/gnu/openmpi/nodebug/nothreads/mct/include  conftest.F90 >&5
f951: Warning: Nonexistent include directory '/output/PA-SLZ.siterun.fates.docker.I2000Clm50BgcCrop.Cd08b750-F5534a94.2021-04-28_14-29-11/bld/gnu/openmpi/nodebug/nothreads/mct/mct/noesmf/c1a1l1i1o1r1g1w1i1e1/include' [-Wmissing-include-dirs]
f951: Warning: Nonexistent include directory '/output/PA-SLZ.siterun.fates.docker.I2000Clm50BgcCrop.Cd08b750-F5534a94.2021-04-28_14-29-11/bld/gnu/openmpi/nodebug/nothreads/mct/finclude' [-Wmissing-include-dirs]
configure:3716: $? = 0
configure:3725: result: none
configure:3764: checking for mpif90
configure:3791: result: mpif90 
configure:3809: checking for MPI_Init
configure:3816: mpif90  -o conftest -fconvert=big-endian -ffree-line-length-none -ffixed-line-length-none   -O    -ffree-form  -I. -I/output/PA-SLZ.siterun.fates.docker.I2000Clm50BgcCrop.Cd08b750-F5534a94.2021-04-28_14-29-11/bld/gnu/openmpi/nodebug/nothreads/mct/include -I/output/PA-SLZ.siterun.fates.docker.I2000Clm50BgcCrop.Cd08b750-F5534a94.2021-04-28_14-29-11/bld/gnu/openmpi/nodebug/nothreads/mct/mct/noesmf/c1a1l1i1o1r1g1w1i1e1/include -I/output/PA-SLZ.siterun.fates.docker.I2000Clm50BgcCrop.Cd08b750-F5534a94.2021-04-28_14-29-11/bld/gnu/openmpi/nodebug/nothreads/mct/finclude -I/usr/local/netcdf/include -I/output/PA-SLZ.siterun.fates.docker.I2000Clm50BgcCrop.Cd08b750-F5534a94.2021-04-28_14-29-11/bld/gnu/openmpi/nodebug/nothreads/mct/include   conftest.F90  >&5
f951: Warning: Nonexistent include directory '/output/PA-SLZ.siterun.fates.docker.I2000Clm50BgcCrop.Cd08b750-F5534a94.2021-04-28_14-29-11/bld/gnu/openmpi/nodebug/nothreads/mct/mct/noesmf/c1a1l1i1o1r1g1w1i1e1/include' [-Wmissing-include-dirs]
f951: Warning: Nonexistent include directory '/output/PA-SLZ.siterun.fates.docker.I2000Clm50BgcCrop.Cd08b750-F5534a94.2021-04-28_14-29-11/bld/gnu/openmpi/nodebug/nothreads/mct/finclude' [-Wmissing-include-dirs]
configure:3816: $? = 0
configure:3818: result: yes
configure:3947: checking for mpif.h
configure:3954: mpif90  -c -fconvert=big-endian -ffree-line-length-none -ffixed-line-length-none   -O    -ffree-form  -I. -I/output/PA-SLZ.siterun.fates.docker.I2000Clm50BgcCrop.Cd08b750-F5534a94.2021-04-28_14-29-11/bld/gnu/openmpi/nodebug/nothreads/mct/include -I/output/PA-SLZ.siterun.fates.docker.I2000Clm50BgcCrop.Cd08b750-F5534a94.2021-04-28_14-29-11/bld/gnu/openmpi/nodebug/nothreads/mct/mct/noesmf/c1a1l1i1o1r1g1w1i1e1/include -I/output/PA-SLZ.siterun.fates.docker.I2000Clm50BgcCrop.Cd08b750-F5534a94.2021-04-28_14-29-11/bld/gnu/openmpi/nodebug/nothreads/mct/finclude -I/usr/local/netcdf/include -I/output/PA-SLZ.siterun.fates.docker.I2000Clm50BgcCrop.Cd08b750-F5534a94.2021-04-28_14-29-11/bld/gnu/openmpi/nodebug/nothreads/mct/include  conftest.F90 >&5
f951: Warning: Nonexistent include directory '/output/PA-SLZ.siterun.fates.docker.I2000Clm50BgcCrop.Cd08b750-F5534a94.2021-04-28_14-29-11/bld/gnu/openmpi/nodebug/nothreads/mct/mct/noesmf/c1a1l1i1o1r1g1w1i1e1/include' [-Wmissing-include-dirs]
f951: Warning: Nonexistent include directory '/output/PA-SLZ.siterun.fates.docker.I2000Clm50BgcCrop.Cd08b750-F5534a94.2021-04-28_14-29-11/bld/gnu/openmpi/nodebug/nothreads/mct/finclude' [-Wmissing-include-dirs]
configure:3954: $? = 0
configure:3955: result: yes
configure:4025: mpif90  -c -fconvert=big-endian -ffree-line-length-none -ffixed-line-length-none   -O    -ffree-form  -I. -I/output/PA-SLZ.siterun.fates.docker.I2000Clm50BgcCrop.Cd08b750-F5534a94.2021-04-28_14-29-11/bld/gnu/openmpi/nodebug/nothreads/mct/include -I/output/PA-SLZ.siterun.fates.docker.I2000Clm50BgcCrop.Cd08b750-F5534a94.2021-04-28_14-29-11/bld/gnu/openmpi/nodebug/nothreads/mct/mct/noesmf/c1a1l1i1o1r1g1w1i1e1/include -I/output/PA-SLZ.siterun.fates.docker.I2000Clm50BgcCrop.Cd08b750-F5534a94.2021-04-28_14-29-11/bld/gnu/openmpi/nodebug/nothreads/mct/finclude -I/usr/local/netcdf/include -I/output/PA-SLZ.siterun.fates.docker.I2000Clm50BgcCrop.Cd08b750-F5534a94.2021-04-28_14-29-11/bld/gnu/openmpi/nodebug/nothreads/mct/include  conftest.F90 >&5
f951: Warning: Nonexistent include directory '/output/PA-SLZ.siterun.fates.docker.I2000Clm50BgcCrop.Cd08b750-F5534a94.2021-04-28_14-29-11/bld/gnu/openmpi/nodebug/nothreads/mct/mct/noesmf/c1a1l1i1o1r1g1w1i1e1/include' [-Wmissing-include-dirs]
f951: Warning: Nonexistent include directory '/output/PA-SLZ.siterun.fates.docker.I2000Clm50BgcCrop.Cd08b750-F5534a94.2021-04-28_14-29-11/bld/gnu/openmpi/nodebug/nothreads/mct/finclude' [-Wmissing-include-dirs]
configure:4025: $? = 0
configure:4040: checking how to get the version output from mpif90 
configure:4051: mpif90  -c -fconvert=big-endian -ffree-line-length-none -ffixed-line-length-none   -O    -ffree-form  -I. -I/output/PA-SLZ.siterun.fates.docker.I2000Clm50BgcCrop.Cd08b750-F5534a94.2021-04-28_14-29-11/bld/gnu/openmpi/nodebug/nothreads/mct/include -I/output/PA-SLZ.siterun.fates.docker.I2000Clm50BgcCrop.Cd08b750-F5534a94.2021-04-28_14-29-11/bld/gnu/openmpi/nodebug/nothreads/mct/mct/noesmf/c1a1l1i1o1r1g1w1i1e1/include -I/output/PA-SLZ.siterun.fates.docker.I2000Clm50BgcCrop.Cd08b750-F5534a94.2021-04-28_14-29-11/bld/gnu/openmpi/nodebug/nothreads/mct/finclude -I/usr/local/netcdf/include -I/output/PA-SLZ.siterun.fates.docker.I2000Clm50BgcCrop.Cd08b750-F5534a94.2021-04-28_14-29-11/bld/gnu/openmpi/nodebug/nothreads/mct/include  conftest.F90 >&5
f951: Warning: Nonexistent include directory '/output/PA-SLZ.siterun.fates.docker.I2000Clm50BgcCrop.Cd08b750-F5534a94.2021-04-28_14-29-11/bld/gnu/openmpi/nodebug/nothreads/mct/mct/noesmf/c1a1l1i1o1r1g1w1i1e1/include' [-Wmissing-include-dirs]
f951: Warning: Nonexistent include directory '/output/PA-SLZ.siterun.fates.docker.I2000Clm50BgcCrop.Cd08b750-F5534a94.2021-04-28_14-29-11/bld/gnu/openmpi/nodebug/nothreads/mct/finclude' [-Wmissing-include-dirs]
configure:4051: $? = 0
configure:4070: mpif90  -o conftest -fconvert=big-endian -ffree-line-length-none -ffixed-line-length-none   -O    -ffree-form  -I. -I/output/PA-SLZ.siterun.fates.docker.I2000Clm50BgcCrop.Cd08b750-F5534a94.2021-04-28_14-29-11/bld/gnu/openmpi/nodebug/nothreads/mct/include -I/output/PA-SLZ.siterun.fates.docker.I2000Clm50BgcCrop.Cd08b750-F5534a94.2021-04-28_14-29-11/bld/gnu/openmpi/nodebug/nothreads/mct/mct/noesmf/c1a1l1i1o1r1g1w1i1e1/include -I/output/PA-SLZ.siterun.fates.docker.I2000Clm50BgcCrop.Cd08b750-F5534a94.2021-04-28_14-29-11/bld/gnu/openmpi/nodebug/nothreads/mct/finclude -I/usr/local/netcdf/include -I/output/PA-SLZ.siterun.fates.docker.I2000Clm50BgcCrop.Cd08b750-F5534a94.2021-04-28_14-29-11/bld/gnu/openmpi/nodebug/nothreads/mct/include -V   conftest.F90  >&5
gfortran: error: unrecognized command line option '-V'
configure:4070: mpif90  -o conftest -fconvert=big-endian -ffree-line-length-none -ffixed-line-length-none   -O    -ffree-form  -I. -I/output/PA-SLZ.siterun.fates.docker.I2000Clm50BgcCrop.Cd08b750-F5534a94.2021-04-28_14-29-11/bld/gnu/openmpi/nodebug/nothreads/mct/include -I/output/PA-SLZ.siterun.fates.docker.I2000Clm50BgcCrop.Cd08b750-F5534a94.2021-04-28_14-29-11/bld/gnu/openmpi/nodebug/nothreads/mct/mct/noesmf/c1a1l1i1o1r1g1w1i1e1/include -I/output/PA-SLZ.siterun.fates.docker.I2000Clm50BgcCrop.Cd08b750-F5534a94.2021-04-28_14-29-11/bld/gnu/openmpi/nodebug/nothreads/mct/finclude -I/usr/local/netcdf/include -I/output/PA-SLZ.siterun.fates.docker.I2000Clm50BgcCrop.Cd08b750-F5534a94.2021-04-28_14-29-11/bld/gnu/openmpi/nodebug/nothreads/mct/include -version   conftest.F90  >&5
gfortran: error: unrecognized command line option '-version'
configure:4070: mpif90  -o conftest -fconvert=big-endian -ffree-line-length-none -ffixed-line-length-none   -O    -ffree-form  -I. -I/output/PA-SLZ.siterun.fates.docker.I2000Clm50BgcCrop.Cd08b750-F5534a94.2021-04-28_14-29-11/bld/gnu/openmpi/nodebug/nothreads/mct/include -I/output/PA-SLZ.siterun.fates.docker.I2000Clm50BgcCrop.Cd08b750-F5534a94.2021-04-28_14-29-11/bld/gnu/openmpi/nodebug/nothreads/mct/mct/noesmf/c1a1l1i1o1r1g1w1i1e1/include -I/output/PA-SLZ.siterun.fates.docker.I2000Clm50BgcCrop.Cd08b750-F5534a94.2021-04-28_14-29-11/bld/gnu/openmpi/nodebug/nothreads/mct/finclude -I/usr/local/netcdf/include -I/output/PA-SLZ.siterun.fates.docker.I2000Clm50BgcCrop.Cd08b750-F5534a94.2021-04-28_14-29-11/bld/gnu/openmpi/nodebug/nothreads/mct/include --version   conftest.F90  >&5
GNU Fortran (GCC) 6.5.0
Copyright (C) 2017 Free Software Foundation, Inc.
This is free software; see the source for copying conditions.  There is NO
warranty; not even for MERCHANTABILITY or FITNESS FOR A PARTICULAR PURPOSE.
configure:4102: result: --version
configure:4123: checking for Fortran flag to compile preprocessed .F files
configure:4148: mpif90  -c -fconvert=big-endian -ffree-line-length-none -ffixed-line-length-none   -O    -ffree-form  -I. -I/output/PA-SLZ.siterun.fates.docker.I2000Clm50BgcCrop.Cd08b750-F5534a94.2021-04-28_14-29-11/bld/gnu/openmpi/nodebug/nothreads/mct/include -I/output/PA-SLZ.siterun.fates.docker.I2000Clm50BgcCrop.Cd08b750-F5534a94.2021-04-28_14-29-11/bld/gnu/openmpi/nodebug/nothreads/mct/mct/noesmf/c1a1l1i1o1r1g1w1i1e1/include -I/output/PA-SLZ.siterun.fates.docker.I2000Clm50BgcCrop.Cd08b750-F5534a94.2021-04-28_14-29-11/bld/gnu/openmpi/nodebug/nothreads/mct/finclude -I/usr/local/netcdf/include -I/output/PA-SLZ.siterun.fates.docker.I2000Clm50BgcCrop.Cd08b750-F5534a94.2021-04-28_14-29-11/bld/gnu/openmpi/nodebug/nothreads/mct/include  conftest.F >&5
f951: Warning: Nonexistent include directory '/output/PA-SLZ.siterun.fates.docker.I2000Clm50BgcCrop.Cd08b750-F5534a94.2021-04-28_14-29-11/bld/gnu/openmpi/nodebug/nothreads/mct/mct/noesmf/c1a1l1i1o1r1g1w1i1e1/include' [-Wmissing-include-dirs]
f951: Warning: Nonexistent include directory '/output/PA-SLZ.siterun.fates.docker.I2000Clm50BgcCrop.Cd08b750-F5534a94.2021-04-28_14-29-11/bld/gnu/openmpi/nodebug/nothreads/mct/finclude' [-Wmissing-include-dirs]
configure:4148: $? = 0
configure:4158: mpif90  -c -fconvert=big-endian -ffree-line-length-none -ffixed-line-length-none   -O    -ffree-form  -I. -I/output/PA-SLZ.siterun.fates.docker.I2000Clm50BgcCrop.Cd08b750-F5534a94.2021-04-28_14-29-11/bld/gnu/openmpi/nodebug/nothreads/mct/include -I/output/PA-SLZ.siterun.fates.docker.I2000Clm50BgcCrop.Cd08b750-F5534a94.2021-04-28_14-29-11/bld/gnu/openmpi/nodebug/nothreads/mct/mct/noesmf/c1a1l1i1o1r1g1w1i1e1/include -I/output/PA-SLZ.siterun.fates.docker.I2000Clm50BgcCrop.Cd08b750-F5534a94.2021-04-28_14-29-11/bld/gnu/openmpi/nodebug/nothreads/mct/finclude -I/usr/local/netcdf/include -I/output/PA-SLZ.siterun.fates.docker.I2000Clm50BgcCrop.Cd08b750-F5534a94.2021-04-28_14-29-11/bld/gnu/openmpi/nodebug/nothreads/mct/include  conftest.F >&5
f951: Warning: Nonexistent include directory '/output/PA-SLZ.siterun.fates.docker.I2000Clm50BgcCrop.Cd08b750-F5534a94.2021-04-28_14-29-11/bld/gnu/openmpi/nodebug/nothreads/mct/mct/noesmf/c1a1l1i1o1r1g1w1i1e1/include' [-Wmissing-include-dirs]
f951: Warning: Nonexistent include directory '/output/PA-SLZ.siterun.fates.docker.I2000Clm50BgcCrop.Cd08b750-F5534a94.2021-04-28_14-29-11/bld/gnu/openmpi/nodebug/nothreads/mct/finclude' [-Wmissing-include-dirs]
conftest.F:4:0:

 #include <ac_nonexistent.h>
 
Fatal Error: ac_nonexistent.h: No such file or directory
compilation terminated.
configure:4158: $? = 1
configure: failed program was:
|       program main
| 
| #if 1
| #include <ac_nonexistent.h>
|       choke me
| #endif
|       end
configure:4171: result: none
configure:4192: checking how to define symbols for preprocessed Fortran
configure:4214: mpif90  -c -fconvert=big-endian -ffree-line-length-none -ffixed-line-length-none   -O    -ffree-form  -I. -I/output/PA-SLZ.siterun.fates.docker.I2000Clm50BgcCrop.Cd08b750-F5534a94.2021-04-28_14-29-11/bld/gnu/openmpi/nodebug/nothreads/mct/include -I/output/PA-SLZ.siterun.fates.docker.I2000Clm50BgcCrop.Cd08b750-F5534a94.2021-04-28_14-29-11/bld/gnu/openmpi/nodebug/nothreads/mct/mct/noesmf/c1a1l1i1o1r1g1w1i1e1/include -I/output/PA-SLZ.siterun.fates.docker.I2000Clm50BgcCrop.Cd08b750-F5534a94.2021-04-28_14-29-11/bld/gnu/openmpi/nodebug/nothreads/mct/finclude -I/usr/local/netcdf/include -I/output/PA-SLZ.siterun.fates.docker.I2000Clm50BgcCrop.Cd08b750-F5534a94.2021-04-28_14-29-11/bld/gnu/openmpi/nodebug/nothreads/mct/include -DFOOBAR -DZORK=42  conftest.F >&5
f951: Warning: Nonexistent include directory '/output/PA-SLZ.siterun.fates.docker.I2000Clm50BgcCrop.Cd08b750-F5534a94.2021-04-28_14-29-11/bld/gnu/openmpi/nodebug/nothreads/mct/mct/noesmf/c1a1l1i1o1r1g1w1i1e1/include' [-Wmissing-include-dirs]
f951: Warning: Nonexistent include directory '/output/PA-SLZ.siterun.fates.docker.I2000Clm50BgcCrop.Cd08b750-F5534a94.2021-04-28_14-29-11/bld/gnu/openmpi/nodebug/nothreads/mct/finclude' [-Wmissing-include-dirs]
configure:4214: $? = 0
configure:4223: result: -D
configure:4248: checking how to get verbose linking output from mpif90 
configure:4258: mpif90  -c -fconvert=big-endian -ffree-line-length-none -ffixed-line-length-none   -O    -ffree-form  -I. -I/output/PA-SLZ.siterun.fates.docker.I2000Clm50BgcCrop.Cd08b750-F5534a94.2021-04-28_14-29-11/bld/gnu/openmpi/nodebug/nothreads/mct/include -I/output/PA-SLZ.siterun.fates.docker.I2000Clm50BgcCrop.Cd08b750-F5534a94.2021-04-28_14-29-11/bld/gnu/openmpi/nodebug/nothreads/mct/mct/noesmf/c1a1l1i1o1r1g1w1i1e1/include -I/output/PA-SLZ.siterun.fates.docker.I2000Clm50BgcCrop.Cd08b750-F5534a94.2021-04-28_14-29-11/bld/gnu/openmpi/nodebug/nothreads/mct/finclude -I/usr/local/netcdf/include -I/output/PA-SLZ.siterun.fates.docker.I2000Clm50BgcCrop.Cd08b750-F5534a94.2021-04-28_14-29-11/bld/gnu/openmpi/nodebug/nothreads/mct/include  conftest.F >&5
f951: Warning: Nonexistent include directory '/output/PA-SLZ.siterun.fates.docker.I2000Clm50BgcCrop.Cd08b750-F5534a94.2021-04-28_14-29-11/bld/gnu/openmpi/nodebug/nothreads/mct/mct/noesmf/c1a1l1i1o1r1g1w1i1e1/include' [-Wmissing-include-dirs]
f951: Warning: Nonexistent include directory '/output/PA-SLZ.siterun.fates.docker.I2000Clm50BgcCrop.Cd08b750-F5534a94.2021-04-28_14-29-11/bld/gnu/openmpi/nodebug/nothreads/mct/finclude' [-Wmissing-include-dirs]
configure:4258: $? = 0
configure:4276: mpif90 -o conftest -fconvert=big-endian -ffree-line-length-none -ffixed-line-length-none -O -ffree-form -I. -I/output/PA-SLZ.siterun.fates.docker.I2000Clm50BgcCrop.Cd08b750-F5534a94.2021-04-28_14-29-11/bld/gnu/openmpi/nodebug/nothreads/mct/include -I/output/PA-SLZ.siterun.fates.docker.I2000Clm50BgcCrop.Cd08b750-F5534a94.2021-04-28_14-29-11/bld/gnu/openmpi/nodebug/nothreads/mct/mct/noesmf/c1a1l1i1o1r1g1w1i1e1/include -I/output/PA-SLZ.siterun.fates.docker.I2000Clm50BgcCrop.Cd08b750-F5534a94.2021-04-28_14-29-11/bld/gnu/openmpi/nodebug/nothreads/mct/finclude -I/usr/local/netcdf/include -I/output/PA-SLZ.siterun.fates.docker.I2000Clm50BgcCrop.Cd08b750-F5534a94.2021-04-28_14-29-11/bld/gnu/openmpi/nodebug/nothreads/mct/include -v conftest.F
Using built-in specs.
Target: x86_64-linux-gnu
Thread model: posix
gcc version 6.5.0 (GCC) 
 /usr/local/libexec/gcc/x86_64-linux-gnu/6.5.0/f951 conftest.F -cpp=/tmp/cc1bG4Rt.f90 -quiet -v -I . -I /output/PA-SLZ.siterun.fates.docker.I2000Clm50BgcCrop.Cd08b750-F5534a94.2021-04-28_14-29-11/bld/gnu/openmpi/nodebug/nothreads/mct/include -I /output/PA-SLZ.siterun.fates.docker.I2000Clm50BgcCrop.Cd08b750-F5534a94.2021-04-28_14-29-11/bld/gnu/openmpi/nodebug/nothreads/mct/mct/noesmf/c1a1l1i1o1r1g1w1i1e1/include -I /output/PA-SLZ.siterun.fates.docker.I2000Clm50BgcCrop.Cd08b750-F5534a94.2021-04-28_14-29-11/bld/gnu/openmpi/nodebug/nothreads/mct/finclude -I /usr/local/netcdf/include -I /output/PA-SLZ.siterun.fates.docker.I2000Clm50BgcCrop.Cd08b750-F5534a94.2021-04-28_14-29-11/bld/gnu/openmpi/nodebug/nothreads/mct/include -I /usr/local/include -I /usr/local/lib -imultiarch x86_64-linux-gnu -D_REENTRANT conftest.F -quiet -dumpbase conftest.F -mtune=generic -march=x86-64 -auxbase conftest -O -version -fconvert=big-endian -ffree-line-length-none -ffixed-line-length-none -ffree-form -fintrinsic-modules-path /usr/local/lib/gcc/x86_64-linux-gnu/6.5.0/finclude -o /tmp/ccQMuwRC.s
f951: Warning: Nonexistent include directory '/output/PA-SLZ.siterun.fates.docker.I2000Clm50BgcCrop.Cd08b750-F5534a94.2021-04-28_14-29-11/bld/gnu/openmpi/nodebug/nothreads/mct/mct/noesmf/c1a1l1i1o1r1g1w1i1e1/include' [-Wmissing-include-dirs]
f951: Warning: Nonexistent include directory '/output/PA-SLZ.siterun.fates.docker.I2000Clm50BgcCrop.Cd08b750-F5534a94.2021-04-28_14-29-11/bld/gnu/openmpi/nodebug/nothreads/mct/finclude' [-Wmissing-include-dirs]
GNU Fortran (GCC) version 6.5.0 (x86_64-linux-gnu)
	compiled by GNU C version 6.5.0, GMP version 4.3.2, MPFR version 2.4.2, MPC version 0.8.1, isl version 0.15
GGC heuristics: --param ggc-min-expand=100 --param ggc-min-heapsize=131072
ignoring nonexistent directory "/usr/local/include/x86_64-linux-gnu"
ignoring nonexistent directory "/usr/local/lib/gcc/x86_64-linux-gnu/6.5.0/../../../../x86_64-linux-gnu/include"
ignoring nonexistent directory "/output/PA-SLZ.siterun.fates.docker.I2000Clm50BgcCrop.Cd08b750-F5534a94.2021-04-28_14-29-11/bld/gnu/openmpi/nodebug/nothreads/mct/mct/noesmf/c1a1l1i1o1r1g1w1i1e1/include"
ignoring nonexistent directory "/output/PA-SLZ.siterun.fates.docker.I2000Clm50BgcCrop.Cd08b750-F5534a94.2021-04-28_14-29-11/bld/gnu/openmpi/nodebug/nothreads/mct/finclude"
ignoring duplicate directory "/output/PA-SLZ.siterun.fates.docker.I2000Clm50BgcCrop.Cd08b750-F5534a94.2021-04-28_14-29-11/bld/gnu/openmpi/nodebug/nothreads/mct/include"
ignoring duplicate directory "/usr/local/include"
  as it is a non-system directory that duplicates a system directory
#include "..." search starts here:
#include <...> search starts here:
 .
 /output/PA-SLZ.siterun.fates.docker.I2000Clm50BgcCrop.Cd08b750-F5534a94.2021-04-28_14-29-11/bld/gnu/openmpi/nodebug/nothreads/mct/include
 /usr/local/netcdf/include
 /usr/local/lib
 /usr/local/lib/gcc/x86_64-linux-gnu/6.5.0/finclude
 /usr/local/lib/gcc/x86_64-linux-gnu/6.5.0/include
 /usr/local/include
 /usr/local/lib/gcc/x86_64-linux-gnu/6.5.0/include-fixed
 /usr/include/x86_64-linux-gnu
 /usr/include
End of search list.
GNU Fortran2008 (GCC) version 6.5.0 (x86_64-linux-gnu)
	compiled by GNU C version 6.5.0, GMP version 4.3.2, MPFR version 2.4.2, MPC version 0.8.1, isl version 0.15
GGC heuristics: --param ggc-min-expand=100 --param ggc-min-heapsize=131072
 as -v -I . -I /output/PA-SLZ.siterun.fates.docker.I2000Clm50BgcCrop.Cd08b750-F5534a94.2021-04-28_14-29-11/bld/gnu/openmpi/nodebug/nothreads/mct/include -I /output/PA-SLZ.siterun.fates.docker.I2000Clm50BgcCrop.Cd08b750-F5534a94.2021-04-28_14-29-11/bld/gnu/openmpi/nodebug/nothreads/mct/mct/noesmf/c1a1l1i1o1r1g1w1i1e1/include -I /output/PA-SLZ.siterun.fates.docker.I2000Clm50BgcCrop.Cd08b750-F5534a94.2021-04-28_14-29-11/bld/gnu/openmpi/nodebug/nothreads/mct/finclude -I /usr/local/netcdf/include -I /output/PA-SLZ.siterun.fates.docker.I2000Clm50BgcCrop.Cd08b750-F5534a94.2021-04-28_14-29-11/bld/gnu/openmpi/nodebug/nothreads/mct/include -I /usr/local/include -I /usr/local/lib --64 -o /tmp/ccD0aqSL.o /tmp/ccQMuwRC.s
GNU assembler version 2.25 (x86_64-linux-gnu) using BFD version (GNU Binutils for Debian) 2.25
Reading specs from /usr/local/lib/gcc/x86_64-linux-gnu/6.5.0/../../../../lib64/libgfortran.spec
rename spec lib to liborig
 /usr/local/libexec/gcc/x86_64-linux-gnu/6.5.0/collect2 -plugin /usr/local/libexec/gcc/x86_64-linux-gnu/6.5.0/liblto_plugin.so -plugin-opt=/usr/local/libexec/gcc/x86_64-linux-gnu/6.5.0/lto-wrapper -plugin-opt=-fresolution=/tmp/ccKP0QTU.res -plugin-opt=-pass-through=-lgcc_s -plugin-opt=-pass-through=-lgcc -plugin-opt=-pass-through=-lquadmath -plugin-opt=-pass-through=-lm -plugin-opt=-pass-through=-lgcc_s -plugin-opt=-pass-through=-lgcc -plugin-opt=-pass-through=-lpthread -plugin-opt=-pass-through=-lc -plugin-opt=-pass-through=-lgcc_s -plugin-opt=-pass-through=-lgcc --eh-frame-hdr -m elf_x86_64 -dynamic-linker /lib64/ld-linux-x86-64.so.2 -o conftest /usr/lib/x86_64-linux-gnu/crt1.o /usr/lib/x86_64-linux-gnu/crti.o /usr/local/lib/gcc/x86_64-linux-gnu/6.5.0/crtbegin.o -L/usr/local/lib -L/usr/local/lib/gcc/x86_64-linux-gnu/6.5.0 -L/usr/local/lib/gcc/x86_64-linux-gnu/6.5.0/../../../../lib64 -L/lib/x86_64-linux-gnu -L/lib/../lib64 -L/usr/lib/x86_64-linux-gnu -L/usr/local/lib/gcc/x86_64-linux-gnu/6.5.0/../../.. /tmp/ccD0aqSL.o -rpath /usr/local/lib --enable-new-dtags -lmpi_usempif08 -lmpi_usempi_ignore_tkr -lmpi_mpifh -lmpi -lgfortran -lm -lgcc_s -lgcc -lquadmath -lm -lgcc_s -lgcc -lpthread -lc -lgcc_s -lgcc /usr/local/lib/gcc/x86_64-linux-gnu/6.5.0/crtend.o /usr/lib/x86_64-linux-gnu/crtn.o
configure:4363: result: -v
configure:4365: checking for Fortran libraries of mpif90 
configure:4388: mpif90 -o conftest -fconvert=big-endian -ffree-line-length-none -ffixed-line-length-none -O -ffree-form -I. -I/output/PA-SLZ.siterun.fates.docker.I2000Clm50BgcCrop.Cd08b750-F5534a94.2021-04-28_14-29-11/bld/gnu/openmpi/nodebug/nothreads/mct/include -I/output/PA-SLZ.siterun.fates.docker.I2000Clm50BgcCrop.Cd08b750-F5534a94.2021-04-28_14-29-11/bld/gnu/openmpi/nodebug/nothreads/mct/mct/noesmf/c1a1l1i1o1r1g1w1i1e1/include -I/output/PA-SLZ.siterun.fates.docker.I2000Clm50BgcCrop.Cd08b750-F5534a94.2021-04-28_14-29-11/bld/gnu/openmpi/nodebug/nothreads/mct/finclude -I/usr/local/netcdf/include -I/output/PA-SLZ.siterun.fates.docker.I2000Clm50BgcCrop.Cd08b750-F5534a94.2021-04-28_14-29-11/bld/gnu/openmpi/nodebug/nothreads/mct/include -v conftest.F
Using built-in specs.
Target: x86_64-linux-gnu
Thread model: posix
gcc version 6.5.0 (GCC) 
 /usr/local/libexec/gcc/x86_64-linux-gnu/6.5.0/f951 conftest.F -cpp=/tmp/ccxAzmdz.f90 -quiet -v -I . -I /output/PA-SLZ.siterun.fates.docker.I2000Clm50BgcCrop.Cd08b750-F5534a94.2021-04-28_14-29-11/bld/gnu/openmpi/nodebug/nothreads/mct/include -I /output/PA-SLZ.siterun.fates.docker.I2000Clm50BgcCrop.Cd08b750-F5534a94.2021-04-28_14-29-11/bld/gnu/openmpi/nodebug/nothreads/mct/mct/noesmf/c1a1l1i1o1r1g1w1i1e1/include -I /output/PA-SLZ.siterun.fates.docker.I2000Clm50BgcCrop.Cd08b750-F5534a94.2021-04-28_14-29-11/bld/gnu/openmpi/nodebug/nothreads/mct/finclude -I /usr/local/netcdf/include -I /output/PA-SLZ.siterun.fates.docker.I2000Clm50BgcCrop.Cd08b750-F5534a94.2021-04-28_14-29-11/bld/gnu/openmpi/nodebug/nothreads/mct/include -I /usr/local/include -I /usr/local/lib -imultiarch x86_64-linux-gnu -D_REENTRANT conftest.F -quiet -dumpbase conftest.F -mtune=generic -march=x86-64 -auxbase conftest -O -version -fconvert=big-endian -ffree-line-length-none -ffixed-line-length-none -ffree-form -fintrinsic-modules-path /usr/local/lib/gcc/x86_64-linux-gnu/6.5.0/finclude -o /tmp/ccwvRQkI.s
f951: Warning: Nonexistent include directory '/output/PA-SLZ.siterun.fates.docker.I2000Clm50BgcCrop.Cd08b750-F5534a94.2021-04-28_14-29-11/bld/gnu/openmpi/nodebug/nothreads/mct/mct/noesmf/c1a1l1i1o1r1g1w1i1e1/include' [-Wmissing-include-dirs]
f951: Warning: Nonexistent include directory '/output/PA-SLZ.siterun.fates.docker.I2000Clm50BgcCrop.Cd08b750-F5534a94.2021-04-28_14-29-11/bld/gnu/openmpi/nodebug/nothreads/mct/finclude' [-Wmissing-include-dirs]
GNU Fortran (GCC) version 6.5.0 (x86_64-linux-gnu)
	compiled by GNU C version 6.5.0, GMP version 4.3.2, MPFR version 2.4.2, MPC version 0.8.1, isl version 0.15
GGC heuristics: --param ggc-min-expand=100 --param ggc-min-heapsize=131072
ignoring nonexistent directory "/usr/local/include/x86_64-linux-gnu"
ignoring nonexistent directory "/usr/local/lib/gcc/x86_64-linux-gnu/6.5.0/../../../../x86_64-linux-gnu/include"
ignoring nonexistent directory "/output/PA-SLZ.siterun.fates.docker.I2000Clm50BgcCrop.Cd08b750-F5534a94.2021-04-28_14-29-11/bld/gnu/openmpi/nodebug/nothreads/mct/mct/noesmf/c1a1l1i1o1r1g1w1i1e1/include"
ignoring nonexistent directory "/output/PA-SLZ.siterun.fates.docker.I2000Clm50BgcCrop.Cd08b750-F5534a94.2021-04-28_14-29-11/bld/gnu/openmpi/nodebug/nothreads/mct/finclude"
ignoring duplicate directory "/output/PA-SLZ.siterun.fates.docker.I2000Clm50BgcCrop.Cd08b750-F5534a94.2021-04-28_14-29-11/bld/gnu/openmpi/nodebug/nothreads/mct/include"
ignoring duplicate directory "/usr/local/include"
  as it is a non-system directory that duplicates a system directory
#include "..." search starts here:
#include <...> search starts here:
 .
 /output/PA-SLZ.siterun.fates.docker.I2000Clm50BgcCrop.Cd08b750-F5534a94.2021-04-28_14-29-11/bld/gnu/openmpi/nodebug/nothreads/mct/include
 /usr/local/netcdf/include
 /usr/local/lib
 /usr/local/lib/gcc/x86_64-linux-gnu/6.5.0/finclude
 /usr/local/lib/gcc/x86_64-linux-gnu/6.5.0/include
 /usr/local/include
 /usr/local/lib/gcc/x86_64-linux-gnu/6.5.0/include-fixed
 /usr/include/x86_64-linux-gnu
 /usr/include
End of search list.
GNU Fortran2008 (GCC) version 6.5.0 (x86_64-linux-gnu)
	compiled by GNU C version 6.5.0, GMP version 4.3.2, MPFR version 2.4.2, MPC version 0.8.1, isl version 0.15
GGC heuristics: --param ggc-min-expand=100 --param ggc-min-heapsize=131072
 as -v -I . -I /output/PA-SLZ.siterun.fates.docker.I2000Clm50BgcCrop.Cd08b750-F5534a94.2021-04-28_14-29-11/bld/gnu/openmpi/nodebug/nothreads/mct/include -I /output/PA-SLZ.siterun.fates.docker.I2000Clm50BgcCrop.Cd08b750-F5534a94.2021-04-28_14-29-11/bld/gnu/openmpi/nodebug/nothreads/mct/mct/noesmf/c1a1l1i1o1r1g1w1i1e1/include -I /output/PA-SLZ.siterun.fates.docker.I2000Clm50BgcCrop.Cd08b750-F5534a94.2021-04-28_14-29-11/bld/gnu/openmpi/nodebug/nothreads/mct/finclude -I /usr/local/netcdf/include -I /output/PA-SLZ.siterun.fates.docker.I2000Clm50BgcCrop.Cd08b750-F5534a94.2021-04-28_14-29-11/bld/gnu/openmpi/nodebug/nothreads/mct/include -I /usr/local/include -I /usr/local/lib --64 -o /tmp/cc7WNpuR.o /tmp/ccwvRQkI.s
GNU assembler version 2.25 (x86_64-linux-gnu) using BFD version (GNU Binutils for Debian) 2.25
Reading specs from /usr/local/lib/gcc/x86_64-linux-gnu/6.5.0/../../../../lib64/libgfortran.spec
rename spec lib to liborig
 /usr/local/libexec/gcc/x86_64-linux-gnu/6.5.0/collect2 -plugin /usr/local/libexec/gcc/x86_64-linux-gnu/6.5.0/liblto_plugin.so -plugin-opt=/usr/local/libexec/gcc/x86_64-linux-gnu/6.5.0/lto-wrapper -plugin-opt=-fresolution=/tmp/ccgJZtE0.res -plugin-opt=-pass-through=-lgcc_s -plugin-opt=-pass-through=-lgcc -plugin-opt=-pass-through=-lquadmath -plugin-opt=-pass-through=-lm -plugin-opt=-pass-through=-lgcc_s -plugin-opt=-pass-through=-lgcc -plugin-opt=-pass-through=-lpthread -plugin-opt=-pass-through=-lc -plugin-opt=-pass-through=-lgcc_s -plugin-opt=-pass-through=-lgcc --eh-frame-hdr -m elf_x86_64 -dynamic-linker /lib64/ld-linux-x86-64.so.2 -o conftest /usr/lib/x86_64-linux-gnu/crt1.o /usr/lib/x86_64-linux-gnu/crti.o /usr/local/lib/gcc/x86_64-linux-gnu/6.5.0/crtbegin.o -L/usr/local/lib -L/usr/local/lib/gcc/x86_64-linux-gnu/6.5.0 -L/usr/local/lib/gcc/x86_64-linux-gnu/6.5.0/../../../../lib64 -L/lib/x86_64-linux-gnu -L/lib/../lib64 -L/usr/lib/x86_64-linux-gnu -L/usr/local/lib/gcc/x86_64-linux-gnu/6.5.0/../../.. /tmp/cc7WNpuR.o -rpath /usr/local/lib --enable-new-dtags -lmpi_usempif08 -lmpi_usempi_ignore_tkr -lmpi_mpifh -lmpi -lgfortran -lm -lgcc_s -lgcc -lquadmath -lm -lgcc_s -lgcc -lpthread -lc -lgcc_s -lgcc /usr/local/lib/gcc/x86_64-linux-gnu/6.5.0/crtend.o /usr/lib/x86_64-linux-gnu/crtn.o
configure:4584: result:  -L/usr/local/lib -L/usr/local/lib/gcc/x86_64-linux-gnu/6.5.0 -L/usr/local/lib/gcc/x86_64-linux-gnu/6.5.0/../../../../lib64 -L/lib/x86_64-linux-gnu -L/lib/../lib64 -L/usr/lib/x86_64-linux-gnu -L/usr/local/lib/gcc/x86_64-linux-gnu/6.5.0/../../.. -lmpi_usempif08 -lmpi_usempi_ignore_tkr -lmpi_mpifh -lmpi -lgfortran -lm -lquadmath -lpthread
configure:4600: checking for dummy main to link with Fortran libraries
configure:4634: mpicc   -o conftest -std=gnu99   -O   -Dlinux  -DCESMCOUPLED   -DFORTRANUNDERSCORE -DNO_R16 -DCPRGNU -DNDEBUG -DHAVE_MPI -DMCT_INTERFACE -DPIO1 -DATM_PRESENT -DICE_PRESENT -DLND_PRESENT -DOCN_PRESENT -DROF_PRESENT -DGLC_PRESENT -DWAV_PRESENT -DESP_PRESENT -DMED_PRESENT -I.. -I. -I/output/PA-SLZ.siterun.fates.docker.I2000Clm50BgcCrop.Cd08b750-F5534a94.2021-04-28_14-29-11/bld/gnu/openmpi/nodebug/nothreads/mct/include -I/output/PA-SLZ.siterun.fates.docker.I2000Clm50BgcCrop.Cd08b750-F5534a94.2021-04-28_14-29-11/bld/gnu/openmpi/nodebug/nothreads/mct/mct/noesmf/c1a1l1i1o1r1g1w1i1e1/include -I/output/PA-SLZ.siterun.fates.docker.I2000Clm50BgcCrop.Cd08b750-F5534a94.2021-04-28_14-29-11/bld/gnu/openmpi/nodebug/nothreads/mct/finclude -I/usr/local/netcdf/include -I/output/PA-SLZ.siterun.fates.docker.I2000Clm50BgcCrop.Cd08b750-F5534a94.2021-04-28_14-29-11/bld/gnu/openmpi/nodebug/nothreads/mct/include   conftest.c   -L/usr/local/lib -L/usr/local/lib/gcc/x86_64-linux-gnu/6.5.0 -L/usr/local/lib/gcc/x86_64-linux-gnu/6.5.0/../../../../lib64 -L/lib/x86_64-linux-gnu -L/lib/../lib64 -L/usr/lib/x86_64-linux-gnu -L/usr/local/lib/gcc/x86_64-linux-gnu/6.5.0/../../.. -lmpi_usempif08 -lmpi_usempi_ignore_tkr -lmpi_mpifh -lmpi -lgfortran -lm -lquadmath -lpthread >&5
configure:4634: $? = 0
configure:4679: result: none
configure:4712: checking for Fortran name-mangling scheme
configure:4725: mpif90  -c -fconvert=big-endian -ffree-line-length-none -ffixed-line-length-none   -O    -ffree-form  -I. -I/output/PA-SLZ.siterun.fates.docker.I2000Clm50BgcCrop.Cd08b750-F5534a94.2021-04-28_14-29-11/bld/gnu/openmpi/nodebug/nothreads/mct/include -I/output/PA-SLZ.siterun.fates.docker.I2000Clm50BgcCrop.Cd08b750-F5534a94.2021-04-28_14-29-11/bld/gnu/openmpi/nodebug/nothreads/mct/mct/noesmf/c1a1l1i1o1r1g1w1i1e1/include -I/output/PA-SLZ.siterun.fates.docker.I2000Clm50BgcCrop.Cd08b750-F5534a94.2021-04-28_14-29-11/bld/gnu/openmpi/nodebug/nothreads/mct/finclude -I/usr/local/netcdf/include -I/output/PA-SLZ.siterun.fates.docker.I2000Clm50BgcCrop.Cd08b750-F5534a94.2021-04-28_14-29-11/bld/gnu/openmpi/nodebug/nothreads/mct/include  conftest.F >&5
f951: Warning: Nonexistent include directory '/output/PA-SLZ.siterun.fates.docker.I2000Clm50BgcCrop.Cd08b750-F5534a94.2021-04-28_14-29-11/bld/gnu/openmpi/nodebug/nothreads/mct/mct/noesmf/c1a1l1i1o1r1g1w1i1e1/include' [-Wmissing-include-dirs]
f951: Warning: Nonexistent include directory '/output/PA-SLZ.siterun.fates.docker.I2000Clm50BgcCrop.Cd08b750-F5534a94.2021-04-28_14-29-11/bld/gnu/openmpi/nodebug/nothreads/mct/finclude' [-Wmissing-include-dirs]
configure:4725: $? = 0
configure:4766: mpicc   -o conftest -std=gnu99   -O   -Dlinux  -DCESMCOUPLED   -DFORTRANUNDERSCORE -DNO_R16 -DCPRGNU -DNDEBUG -DHAVE_MPI -DMCT_INTERFACE -DPIO1 -DATM_PRESENT -DICE_PRESENT -DLND_PRESENT -DOCN_PRESENT -DROF_PRESENT -DGLC_PRESENT -DWAV_PRESENT -DESP_PRESENT -DMED_PRESENT -I.. -I. -I/output/PA-SLZ.siterun.fates.docker.I2000Clm50BgcCrop.Cd08b750-F5534a94.2021-04-28_14-29-11/bld/gnu/openmpi/nodebug/nothreads/mct/include -I/output/PA-SLZ.siterun.fates.docker.I2000Clm50BgcCrop.Cd08b750-F5534a94.2021-04-28_14-29-11/bld/gnu/openmpi/nodebug/nothreads/mct/mct/noesmf/c1a1l1i1o1r1g1w1i1e1/include -I/output/PA-SLZ.siterun.fates.docker.I2000Clm50BgcCrop.Cd08b750-F5534a94.2021-04-28_14-29-11/bld/gnu/openmpi/nodebug/nothreads/mct/finclude -I/usr/local/netcdf/include -I/output/PA-SLZ.siterun.fates.docker.I2000Clm50BgcCrop.Cd08b750-F5534a94.2021-04-28_14-29-11/bld/gnu/openmpi/nodebug/nothreads/mct/include   conftest.c cfortran_test.o   -L/usr/local/lib -L/usr/local/lib/gcc/x86_64-linux-gnu/6.5.0 -L/usr/local/lib/gcc/x86_64-linux-gnu/6.5.0/../../../../lib64 -L/lib/x86_64-linux-gnu -L/lib/../lib64 -L/usr/lib/x86_64-linux-gnu -L/usr/local/lib/gcc/x86_64-linux-gnu/6.5.0/../../.. -lmpi_usempif08 -lmpi_usempi_ignore_tkr -lmpi_mpifh -lmpi -lgfortran -lm -lquadmath -lpthread >&5
/tmp/ccmXmX4R.o: In function `main':
conftest.c:(.text+0xa): undefined reference to `foobar'
collect2: error: ld returned 1 exit status
configure:4766: $? = 1
configure: failed program was:
| /* confdefs.h */
| #define PACKAGE_NAME "MCT"
| #define PACKAGE_TARNAME "mct"
| #define PACKAGE_VERSION "2.8"
| #define PACKAGE_STRING "MCT 2.8"
| #define PACKAGE_BUGREPORT ""
| #define PACKAGE_URL ""
| #define STDC_HEADERS 1
| #define HAVE_SYS_TYPES_H 1
| #define HAVE_SYS_STAT_H 1
| #define HAVE_STDLIB_H 1
| #define HAVE_STRING_H 1
| #define HAVE_MEMORY_H 1
| #define HAVE_STRINGS_H 1
| #define HAVE_INTTYPES_H 1
| #define HAVE_STDINT_H 1
| #define HAVE_UNISTD_H 1
| #define HAVE_MPI 1
| /* end confdefs.h.  */
| 
| /* Override any GCC internal prototype to avoid an error.
|    Use char because int might match the return type of a GCC
|    builtin and then its argument prototype would still apply.  */
| #ifdef __cplusplus
| extern "C"
| #endif
| char foobar ();
| #ifdef FC_DUMMY_MAIN
| #ifndef FC_DUMMY_MAIN_EQ_F77
| #  ifdef __cplusplus
|      extern "C"
| #  endif
|    int FC_DUMMY_MAIN() { return 1; }
| #endif
| #endif
| int
| main ()
| {
| return foobar ();
|   ;
|   return 0;
| }
configure:4766: mpicc   -o conftest -std=gnu99   -O   -Dlinux  -DCESMCOUPLED   -DFORTRANUNDERSCORE -DNO_R16 -DCPRGNU -DNDEBUG -DHAVE_MPI -DMCT_INTERFACE -DPIO1 -DATM_PRESENT -DICE_PRESENT -DLND_PRESENT -DOCN_PRESENT -DROF_PRESENT -DGLC_PRESENT -DWAV_PRESENT -DESP_PRESENT -DMED_PRESENT -I.. -I. -I/output/PA-SLZ.siterun.fates.docker.I2000Clm50BgcCrop.Cd08b750-F5534a94.2021-04-28_14-29-11/bld/gnu/openmpi/nodebug/nothreads/mct/include -I/output/PA-SLZ.siterun.fates.docker.I2000Clm50BgcCrop.Cd08b750-F5534a94.2021-04-28_14-29-11/bld/gnu/openmpi/nodebug/nothreads/mct/mct/noesmf/c1a1l1i1o1r1g1w1i1e1/include -I/output/PA-SLZ.siterun.fates.docker.I2000Clm50BgcCrop.Cd08b750-F5534a94.2021-04-28_14-29-11/bld/gnu/openmpi/nodebug/nothreads/mct/finclude -I/usr/local/netcdf/include -I/output/PA-SLZ.siterun.fates.docker.I2000Clm50BgcCrop.Cd08b750-F5534a94.2021-04-28_14-29-11/bld/gnu/openmpi/nodebug/nothreads/mct/include   conftest.c cfortran_test.o   -L/usr/local/lib -L/usr/local/lib/gcc/x86_64-linux-gnu/6.5.0 -L/usr/local/lib/gcc/x86_64-linux-gnu/6.5.0/../../../../lib64 -L/lib/x86_64-linux-gnu -L/lib/../lib64 -L/usr/lib/x86_64-linux-gnu -L/usr/local/lib/gcc/x86_64-linux-gnu/6.5.0/../../.. -lmpi_usempif08 -lmpi_usempi_ignore_tkr -lmpi_mpifh -lmpi -lgfortran -lm -lquadmath -lpthread >&5
configure:4766: $? = 0
configure:4824: mpicc   -o conftest -std=gnu99   -O   -Dlinux  -DCESMCOUPLED   -DFORTRANUNDERSCORE -DNO_R16 -DCPRGNU -DNDEBUG -DHAVE_MPI -DMCT_INTERFACE -DPIO1 -DATM_PRESENT -DICE_PRESENT -DLND_PRESENT -DOCN_PRESENT -DROF_PRESENT -DGLC_PRESENT -DWAV_PRESENT -DESP_PRESENT -DMED_PRESENT -I.. -I. -I/output/PA-SLZ.siterun.fates.docker.I2000Clm50BgcCrop.Cd08b750-F5534a94.2021-04-28_14-29-11/bld/gnu/openmpi/nodebug/nothreads/mct/include -I/output/PA-SLZ.siterun.fates.docker.I2000Clm50BgcCrop.Cd08b750-F5534a94.2021-04-28_14-29-11/bld/gnu/openmpi/nodebug/nothreads/mct/mct/noesmf/c1a1l1i1o1r1g1w1i1e1/include -I/output/PA-SLZ.siterun.fates.docker.I2000Clm50BgcCrop.Cd08b750-F5534a94.2021-04-28_14-29-11/bld/gnu/openmpi/nodebug/nothreads/mct/finclude -I/usr/local/netcdf/include -I/output/PA-SLZ.siterun.fates.docker.I2000Clm50BgcCrop.Cd08b750-F5534a94.2021-04-28_14-29-11/bld/gnu/openmpi/nodebug/nothreads/mct/include   conftest.c cfortran_test.o   -L/usr/local/lib -L/usr/local/lib/gcc/x86_64-linux-gnu/6.5.0 -L/usr/local/lib/gcc/x86_64-linux-gnu/6.5.0/../../../../lib64 -L/lib/x86_64-linux-gnu -L/lib/../lib64 -L/usr/lib/x86_64-linux-gnu -L/usr/local/lib/gcc/x86_64-linux-gnu/6.5.0/../../.. -lmpi_usempif08 -lmpi_usempi_ignore_tkr -lmpi_mpifh -lmpi -lgfortran -lm -lquadmath -lpthread >&5
configure:4824: $? = 0
configure:4866: result: lower case, underscore, no extra underscore
configure:5329: checking for ranlib
configure:5345: found /usr/bin/ranlib
configure:5356: result: ranlib
configure:5545: creating ./config.status

## ---------------------- ##
## Running config.status. ##
## ---------------------- ##

This file was extended by MCT config.status 2.8, which was
generated by GNU Autoconf 2.69.  Invocation command line was

  CONFIG_FILES    = 
  CONFIG_HEADERS  = 
  CONFIG_LINKS    = 
  CONFIG_COMMANDS = 
  $ ./config.status 

on docker

config.status:845: creating Makefile.conf
config.status:845: creating config.h

## ---------------- ##
## Cache variables. ##
## ---------------- ##

ac_cv_c_bigendian=no
ac_cv_c_compiler_gnu=yes
ac_cv_env_AR_set=
ac_cv_env_AR_value=
ac_cv_env_BABELROOT_set=
ac_cv_env_BABELROOT_value=
ac_cv_env_BIT64_set=
ac_cv_env_BIT64_value=
ac_cv_env_CC_set=set
ac_cv_env_CC_value='mpicc  '
ac_cv_env_CFLAGS_set=set
ac_cv_env_CFLAGS_value='-std=gnu99   -O   -Dlinux  -DCESMCOUPLED   -DFORTRANUNDERSCORE -DNO_R16 -DCPRGNU -DNDEBUG -DHAVE_MPI -DMCT_INTERFACE -DPIO1 -DATM_PRESENT -DICE_PRESENT -DLND_PRESENT -DOCN_PRESENT -DROF_PRESENT -DGLC_PRESENT -DWAV_PRESENT -DESP_PRESENT -DMED_PRESENT -I.. -I. -I/output/PA-SLZ.siterun.fates.docker.I2000Clm50BgcCrop.Cd08b750-F5534a94.2021-04-28_14-29-11/bld/gnu/openmpi/nodebug/nothreads/mct/include -I/output/PA-SLZ.siterun.fates.docker.I2000Clm50BgcCrop.Cd08b750-F5534a94.2021-04-28_14-29-11/bld/gnu/openmpi/nodebug/nothreads/mct/mct/noesmf/c1a1l1i1o1r1g1w1i1e1/include -I/output/PA-SLZ.siterun.fates.docker.I2000Clm50BgcCrop.Cd08b750-F5534a94.2021-04-28_14-29-11/bld/gnu/openmpi/nodebug/nothreads/mct/finclude -I/usr/local/netcdf/include -I/output/PA-SLZ.siterun.fates.docker.I2000Clm50BgcCrop.Cd08b750-F5534a94.2021-04-28_14-29-11/bld/gnu/openmpi/nodebug/nothreads/mct/include'
ac_cv_env_COMPILER_ROOT_set=
ac_cv_env_COMPILER_ROOT_value=
ac_cv_env_CPPFLAGS_set=
ac_cv_env_CPPFLAGS_value=
ac_cv_env_CPP_set=
ac_cv_env_CPP_value=
ac_cv_env_DEBUG_set=set
ac_cv_env_DEBUG_value=FALSE
ac_cv_env_ENDIAN_set=
ac_cv_env_ENDIAN_value=
ac_cv_env_FCFLAGS_set=set
ac_cv_env_FCFLAGS_value='-fconvert=big-endian -ffree-line-length-none -ffixed-line-length-none   -O    -ffree-form  -I. -I/output/PA-SLZ.siterun.fates.docker.I2000Clm50BgcCrop.Cd08b750-F5534a94.2021-04-28_14-29-11/bld/gnu/openmpi/nodebug/nothreads/mct/include -I/output/PA-SLZ.siterun.fates.docker.I2000Clm50BgcCrop.Cd08b750-F5534a94.2021-04-28_14-29-11/bld/gnu/openmpi/nodebug/nothreads/mct/mct/noesmf/c1a1l1i1o1r1g1w1i1e1/include -I/output/PA-SLZ.siterun.fates.docker.I2000Clm50BgcCrop.Cd08b750-F5534a94.2021-04-28_14-29-11/bld/gnu/openmpi/nodebug/nothreads/mct/finclude -I/usr/local/netcdf/include -I/output/PA-SLZ.siterun.fates.docker.I2000Clm50BgcCrop.Cd08b750-F5534a94.2021-04-28_14-29-11/bld/gnu/openmpi/nodebug/nothreads/mct/include'
ac_cv_env_FC_set=set
ac_cv_env_FC_value='mpif90 '
ac_cv_env_FORT_SIZE_set=
ac_cv_env_FORT_SIZE_value=
ac_cv_env_FPPFLAGS_set=
ac_cv_env_FPPFLAGS_value=
ac_cv_env_FPP_set=
ac_cv_env_FPP_value=
ac_cv_env_INCLUDEFLAG_set=
ac_cv_env_INCLUDEFLAG_value=
ac_cv_env_INCLUDEPATH_set=
ac_cv_env_INCLUDEPATH_value=
ac_cv_env_LDFLAGS_set=set
ac_cv_env_LDFLAGS_value=
ac_cv_env_LIBS_set=
ac_cv_env_LIBS_value=
ac_cv_env_MPIFC_set=set
ac_cv_env_MPIFC_value='mpif90 '
ac_cv_env_MPIHEADER_set=
ac_cv_env_MPIHEADER_value=
ac_cv_env_MPILIBS_set=
ac_cv_env_MPILIBS_value=
ac_cv_env_OPT_set=
ac_cv_env_OPT_value=
ac_cv_env_PROGFCFLAGS_set=
ac_cv_env_PROGFCFLAGS_value=
ac_cv_env_RANLIB_set=
ac_cv_env_RANLIB_value=
ac_cv_env_REAL8_set=
ac_cv_env_REAL8_value=
ac_cv_env_build_alias_set=
ac_cv_env_build_alias_value=
ac_cv_env_host_alias_set=
ac_cv_env_host_alias_value=
ac_cv_env_target_alias_set=
ac_cv_env_target_alias_value=
ac_cv_fc_compiler_gnu=yes
ac_cv_fc_dummy_main=none
ac_cv_fc_libs=' -L/usr/local/lib -L/usr/local/lib/gcc/x86_64-linux-gnu/6.5.0 -L/usr/local/lib/gcc/x86_64-linux-gnu/6.5.0/../../../../lib64 -L/lib/x86_64-linux-gnu -L/lib/../lib64 -L/usr/lib/x86_64-linux-gnu -L/usr/local/lib/gcc/x86_64-linux-gnu/6.5.0/../../.. -lmpi_usempif08 -lmpi_usempi_ignore_tkr -lmpi_mpifh -lmpi -lgfortran -lm -lquadmath -lpthread'
ac_cv_fc_mangling='lower case, underscore, no extra underscore'
ac_cv_fc_pp_define=-D
ac_cv_fc_pp_srcext_F=none
ac_cv_fc_srcext_F90=none
ac_cv_fortran_dummy_main=none
ac_cv_header_inttypes_h=yes
ac_cv_header_memory_h=yes
ac_cv_header_stdc=yes
ac_cv_header_stdint_h=yes
ac_cv_header_stdlib_h=yes
ac_cv_header_string_h=yes
ac_cv_header_strings_h=yes
ac_cv_header_sys_stat_h=yes
ac_cv_header_sys_types_h=yes
ac_cv_header_unistd_h=yes
ac_cv_objext=o
ac_cv_path_EGREP='/bin/grep -E'
ac_cv_path_GREP=/bin/grep
ac_cv_prog_CPP='mpicc   -E'
ac_cv_prog_MPIFC='mpif90 '
ac_cv_prog_ac_ct_RANLIB=ranlib
ac_cv_prog_cc_c89=
ac_cv_prog_cc_g=yes
ac_cv_prog_fc_g=yes
ac_cv_prog_fc_v=-v
ac_cv_prog_fc_version=--version

## ----------------- ##
## Output variables. ##
## ----------------- ##

AR='ar cq'
BABELROOT=''
BIT64=''
CC='mpicc  '
CFLAGS='-std=gnu99   -O   -Dlinux  -DCESMCOUPLED   -DFORTRANUNDERSCORE -DNO_R16 -DCPRGNU -DNDEBUG -DHAVE_MPI -DMCT_INTERFACE -DPIO1 -DATM_PRESENT -DICE_PRESENT -DLND_PRESENT -DOCN_PRESENT -DROF_PRESENT -DGLC_PRESENT -DWAV_PRESENT -DESP_PRESENT -DMED_PRESENT -I.. -I. -I/output/PA-SLZ.siterun.fates.docker.I2000Clm50BgcCrop.Cd08b750-F5534a94.2021-04-28_14-29-11/bld/gnu/openmpi/nodebug/nothreads/mct/include -I/output/PA-SLZ.siterun.fates.docker.I2000Clm50BgcCrop.Cd08b750-F5534a94.2021-04-28_14-29-11/bld/gnu/openmpi/nodebug/nothreads/mct/mct/noesmf/c1a1l1i1o1r1g1w1i1e1/include -I/output/PA-SLZ.siterun.fates.docker.I2000Clm50BgcCrop.Cd08b750-F5534a94.2021-04-28_14-29-11/bld/gnu/openmpi/nodebug/nothreads/mct/finclude -I/usr/local/netcdf/include -I/output/PA-SLZ.siterun.fates.docker.I2000Clm50BgcCrop.Cd08b750-F5534a94.2021-04-28_14-29-11/bld/gnu/openmpi/nodebug/nothreads/mct/include'
COMPILER_ROOT=''
CPP='mpicc   -E'
CPPDEFS=' -Dlinux  -DCESMCOUPLED   -DFORTRANUNDERSCORE -DNO_R16 -DCPRGNU -DNDEBUG -DHAVE_MPI -DMCT_INTERFACE -DPIO1 -DATM_PRESENT -DICE_PRESENT -DLND_PRESENT -DOCN_PRESENT -DROF_PRESENT -DGLC_PRESENT -DWAV_PRESENT -DESP_PRESENT -DMED_PRESENT -DSYSLINUX -DCPR'
CPPFLAGS=''
CRULE='.c.o'
DEBUG=''
DEFS='-DHAVE_CONFIG_H'
ECHO_C=''
ECHO_N='-n'
ECHO_T=''
EGREP='/bin/grep -E'
ENDIAN=''
EXEEXT=''
FC='mpif90 '
FCFLAGS='-fconvert=big-endian -ffree-line-length-none -ffixed-line-length-none   -O    -ffree-form  -I. -I/output/PA-SLZ.siterun.fates.docker.I2000Clm50BgcCrop.Cd08b750-F5534a94.2021-04-28_14-29-11/bld/gnu/openmpi/nodebug/nothreads/mct/include -I/output/PA-SLZ.siterun.fates.docker.I2000Clm50BgcCrop.Cd08b750-F5534a94.2021-04-28_14-29-11/bld/gnu/openmpi/nodebug/nothreads/mct/mct/noesmf/c1a1l1i1o1r1g1w1i1e1/include -I/output/PA-SLZ.siterun.fates.docker.I2000Clm50BgcCrop.Cd08b750-F5534a94.2021-04-28_14-29-11/bld/gnu/openmpi/nodebug/nothreads/mct/finclude -I/usr/local/netcdf/include -I/output/PA-SLZ.siterun.fates.docker.I2000Clm50BgcCrop.Cd08b750-F5534a94.2021-04-28_14-29-11/bld/gnu/openmpi/nodebug/nothreads/mct/include'
FCFLAGS_F90=''
FCFLAGS_F=''
FCLIBS=' -L/usr/local/lib -L/usr/local/lib/gcc/x86_64-linux-gnu/6.5.0 -L/usr/local/lib/gcc/x86_64-linux-gnu/6.5.0/../../../../lib64 -L/lib/x86_64-linux-gnu -L/lib/../lib64 -L/usr/lib/x86_64-linux-gnu -L/usr/local/lib/gcc/x86_64-linux-gnu/6.5.0/../../.. -lmpi_usempif08 -lmpi_usempi_ignore_tkr -lmpi_mpifh -lmpi -lgfortran -lm -lquadmath -lpthread'
FC_DEFINE='-D'
FORT_SIZE=''
FPP=''
FPPFLAGS=''
GREP='/bin/grep'
INCLUDEFLAG='-I'
INCLUDEPATH=''
LDFLAGS=''
LIBOBJS=''
LIBS=''
LTLIBOBJS=''
MPIFC='mpif90 '
MPIHEADER=''
MPILIBS=''
MPISERPATH=''
OBJEXT='o'
OPT=''
PACKAGE_BUGREPORT=''
PACKAGE_NAME='MCT'
PACKAGE_STRING='MCT 2.8'
PACKAGE_TARNAME='mct'
PACKAGE_URL=''
PACKAGE_VERSION='2.8'
PATH_SEPARATOR=':'
PROGFCFLAGS=''
PYTHON=''
PYTHONOPTS=''
RANLIB='ranlib'
REAL8=''
SHELL='/bin/bash'
ac_ct_CC=''
ac_ct_FC=''
bindir='${exec_prefix}/bin'
build_alias=''
datadir='${datarootdir}'
datarootdir='${prefix}/share'
docdir='${datarootdir}/doc/${PACKAGE_TARNAME}'
dvidir='${docdir}'
exec_prefix='${prefix}'
host_alias=''
htmldir='${docdir}'
includedir='${prefix}/include'
infodir='${datarootdir}/info'
libdir='${exec_prefix}/lib'
libexecdir='${exec_prefix}/libexec'
localedir='${datarootdir}/locale'
localstatedir='${prefix}/var'
mandir='${datarootdir}/man'
oldincludedir='/usr/include'
pdfdir='${docdir}'
prefix='/usr/local'
program_transform_name='s,x,x,'
psdir='${docdir}'
sbindir='${exec_prefix}/sbin'
sharedstatedir='${prefix}/com'
subdirs=''
sysconfdir='${prefix}/etc'
target_alias=''

## ----------- ##
## confdefs.h. ##
## ----------- ##

/* confdefs.h */
#define PACKAGE_NAME "MCT"
#define PACKAGE_TARNAME "mct"
#define PACKAGE_VERSION "2.8"
#define PACKAGE_STRING "MCT 2.8"
#define PACKAGE_BUGREPORT ""
#define PACKAGE_URL ""
#define STDC_HEADERS 1
#define HAVE_SYS_TYPES_H 1
#define HAVE_SYS_STAT_H 1
#define HAVE_STDLIB_H 1
#define HAVE_STRING_H 1
#define HAVE_MEMORY_H 1
#define HAVE_STRINGS_H 1
#define HAVE_INTTYPES_H 1
#define HAVE_STDINT_H 1
#define HAVE_UNISTD_H 1
#define HAVE_MPI 1
#define FC_FUNC(name,NAME) name ## _
#define FC_FUNC_(name,NAME) name ## _

configure: exit 0
